2024-06-22 01:18:28,972 - INFO - Order received: 1 - Pizza, Prep Time: 5s
2024-06-22 01:18:33,979 - INFO - Order prepared: 1 - Pizza
2024-06-22 01:18:33,980 - INFO - Courier: 1 dispatched for any Order
2024-06-22 01:18:33,980 - INFO - Courier: 1 arrived for any Order
2024-06-22 01:18:33,981 - INFO - Order picked up: 1 by Courier: 1
2024-06-22 01:18:33,981 - INFO - Food wait time: 2.5649070739746094 ms
2024-06-22 01:18:33,981 - INFO - Courier wait time: 0.20575523376464844 ms
2024-06-22 01:18:33,982 - INFO - Courier: 1 dispatched for any Order
2024-06-22 01:18:33,982 - INFO - Courier: 1 dispatched for any Order
2024-06-22 01:18:33,982 - INFO - Order received: 1 - Pizza, Prep Time: 5s
2024-06-22 01:18:38,987 - INFO - Order prepared: 1 - Pizza
2024-06-22 01:18:38,987 - INFO - Courier: 1 dispatched for Order: 1
2024-06-22 01:18:38,988 - INFO - Order received: 1 - Pizza, Prep Time: 1s
2024-06-22 01:18:39,993 - INFO - Order prepared: 1 - Pizza
2024-06-22 01:18:39,994 - INFO - Order picked up: 1 by Courier: 1
2024-06-22 01:18:39,994 - INFO - Food wait time: 0.7281303405761719 ms
2024-06-22 01:18:39,994 - INFO - Courier wait time: 0.0069141387939453125 ms
2024-06-22 01:18:41,000 - INFO - Order prepared: 1 - Pizza
2024-06-22 01:18:41,000 - INFO - Order received: 1 - Pizza, Prep Time: 5s
2024-06-22 01:18:41,001 - INFO - Order received: 1 - Pizza, Prep Time: 5s
2024-06-22 01:18:46,006 - INFO - Order prepared: 1 - Pizza
2024-06-22 01:18:46,007 - INFO - Courier: 1 dispatched for Order: 1
2024-06-22 01:18:46,008 - INFO - Courier (Matched): 1 arrived for Order: 1
2024-06-22 01:18:46,008 - INFO - Order picked up: 1 by Courier: 1
2024-06-22 01:18:46,008 - INFO - Food wait time: 1.9249916076660156 ms
2024-06-22 01:18:46,008 - INFO - Courier wait time: 0.1499652862548828 ms
2024-06-22 01:18:46,009 - INFO - Courier: 1 dispatched for Order: 1
2024-06-22 01:18:46,026 - INFO - Order received: 1 - Pizza, Prep Time: 5s
2024-06-22 01:18:46,026 - INFO - Courier: 0 dispatched for any Order
2024-06-22 01:18:46,532 - INFO - Order received: 2 - Burger, Prep Time: 3s
2024-06-22 01:18:46,532 - INFO - Courier: 1 dispatched for any Order
2024-06-22 01:18:49,534 - INFO - Order prepared: 2 - Burger
2024-06-22 01:18:51,032 - INFO - Order prepared: 1 - Pizza
2024-06-22 01:18:51,947 - INFO - Courier: 0 arrived for any Order
2024-06-22 01:18:51,947 - INFO - Order picked up: 1 by Courier: 0
2024-06-22 01:18:51,948 - INFO - Food wait time: 915.7860279083252 ms
2024-06-22 01:18:51,948 - INFO - Courier wait time: 0.6127357482910156 ms
2024-06-22 01:18:57,685 - INFO - Courier: 1 arrived for any Order
2024-06-22 01:18:57,686 - INFO - Order picked up: 2 by Courier: 1
2024-06-22 01:18:57,686 - INFO - Food wait time: 8151.8120765686035 ms
2024-06-22 01:18:57,686 - INFO - Courier wait time: 1.1782646179199219 ms
2024-06-22 01:18:57,688 - INFO - --- Final Statistics ---
2024-06-22 01:18:57,688 - INFO - Average Food Wait Time: 4533.799052238464 ms
2024-06-22 01:18:57,688 - INFO - Average Courier Wait Time: 0.8955001831054688 ms
