2024-06-20 21:56:52,162 - INFO - Order received: a8cfcb76-7f24-4420-a5ba-d46dd77bdffd - Banana Split, Prep Time: 4s
2024-06-20 21:56:52,162 - INFO - Courier: 0 dispatched for Order: a8cfcb76-7f24-4420-a5ba-d46dd77bdffd
2024-06-20 21:56:52,667 - INFO - Order received: 58e9b5fe-3fde-4a27-8e98-682e58a4a65d - McFlury, Prep Time: 14s
2024-06-20 21:56:52,668 - INFO - Courier: 1 dispatched for Order: 58e9b5fe-3fde-4a27-8e98-682e58a4a65d
2024-06-20 21:56:53,170 - INFO - Courier: 2 dispatched for Order: 2ec069e3-576f-48eb-869f-74a540ef840c
2024-06-20 21:56:53,173 - INFO - Order received: 2ec069e3-576f-48eb-869f-74a540ef840c - Acai Bowl, Prep Time: 12s
2024-06-20 21:56:53,676 - INFO - Courier: 3 dispatched for Order: 690b85f7-8c7d-4337-bd02-04e04454c826
2024-06-20 21:56:53,678 - INFO - Order received: 690b85f7-8c7d-4337-bd02-04e04454c826 - Yogurt, Prep Time: 6s
2024-06-20 21:56:54,182 - INFO - Courier: 4 dispatched for Order: 972aa5b8-5d83-4d5e-8cf3-8a1a1437b18a
2024-06-20 21:56:54,183 - INFO - Order received: 972aa5b8-5d83-4d5e-8cf3-8a1a1437b18a - Chocolate Gelato, Prep Time: 9s
2024-06-20 21:56:54,688 - INFO - Courier: 5 dispatched for Order: c18e1242-0856-4203-a98c-7066ead3bd6b
2024-06-20 21:56:54,689 - INFO - Order received: c18e1242-0856-4203-a98c-7066ead3bd6b - Cobb Salad, Prep Time: 8s
2024-06-20 21:56:55,195 - INFO - Courier: 6 dispatched for Order: 66a2611c-9a93-4ccd-bb85-98f423247bf9
2024-06-20 21:56:55,196 - INFO - Order received: 66a2611c-9a93-4ccd-bb85-98f423247bf9 - Cottage Cheese, Prep Time: 11s
2024-06-20 21:56:55,701 - INFO - Courier: 7 dispatched for Order: 4cc9d503-4e0e-42a3-b200-87c785468df9
2024-06-20 21:56:55,702 - INFO - Order received: 4cc9d503-4e0e-42a3-b200-87c785468df9 - Coke, Prep Time: 13s
2024-06-20 21:56:56,157 - INFO - Courier (Matched): 0 arrived for Order: a8cfcb76-7f24-4420-a5ba-d46dd77bdffd
2024-06-20 21:56:56,157 - INFO - Courier: 0 waiting for Order: a8cfcb76-7f24-4420-a5ba-d46dd77bdffd
2024-06-20 21:56:56,167 - INFO - Order prepared: a8cfcb76-7f24-4420-a5ba-d46dd77bdffd - Banana Split
2024-06-20 21:56:56,204 - INFO - Courier: 8 dispatched for Order: 0a6537d7-9568-400e-9857-7aceb4e7347c
2024-06-20 21:56:56,207 - INFO - Order received: 0a6537d7-9568-400e-9857-7aceb4e7347c - Snow Cone, Prep Time: 4s
2024-06-20 21:56:56,706 - INFO - Courier: 9 dispatched for Order: 74e0893f-8544-4298-b507-9cf5ab847d83
2024-06-20 21:56:56,712 - INFO - Order received: 74e0893f-8544-4298-b507-9cf5ab847d83 - Pad See Ew, Prep Time: 3s
2024-06-20 21:56:57,212 - INFO - Courier: 10 dispatched for Order: 7a5ea4ed-e378-4354-8ab3-a09cf563f621
2024-06-20 21:56:57,217 - INFO - Order received: 7a5ea4ed-e378-4354-8ab3-a09cf563f621 - Chunky Monkey, Prep Time: 13s
2024-06-20 21:56:57,719 - INFO - Courier: 11 dispatched for Order: 60fbe431-7f7f-46c5-8ecf-6a26ae898685
2024-06-20 21:56:57,722 - INFO - Order received: 60fbe431-7f7f-46c5-8ecf-6a26ae898685 - Beef Stew, Prep Time: 8s
2024-06-20 21:56:58,224 - INFO - Order received: 2e7f4153-92cb-43e2-96f4-d77e2f25422b - Cheese, Prep Time: 12s
2024-06-20 21:56:58,225 - INFO - Courier: 12 dispatched for Order: 2e7f4153-92cb-43e2-96f4-d77e2f25422b
2024-06-20 21:56:58,727 - INFO - Order received: d4ead98f-a158-429c-9c0d-28ab0fa830a6 - Spinach Omelet, Prep Time: 3s
2024-06-20 21:56:58,728 - INFO - Courier: 13 dispatched for Order: d4ead98f-a158-429c-9c0d-28ab0fa830a6
2024-06-20 21:56:59,232 - INFO - Courier: 14 dispatched for Order: e868e485-c759-411b-b439-ca7086326bf6
2024-06-20 21:56:59,233 - INFO - Order received: e868e485-c759-411b-b439-ca7086326bf6 - Beef Hash, Prep Time: 8s
2024-06-20 21:56:59,683 - INFO - Order prepared: 690b85f7-8c7d-4337-bd02-04e04454c826 - Yogurt
2024-06-20 21:56:59,718 - INFO - Order prepared: 74e0893f-8544-4298-b507-9cf5ab847d83 - Pad See Ew
2024-06-20 21:56:59,733 - INFO - Courier: 15 dispatched for Order: 2bfc7ca9-d8ea-4625-9a03-6aa4b5fb635e
2024-06-20 21:56:59,734 - INFO - Order received: 2bfc7ca9-d8ea-4625-9a03-6aa4b5fb635e - Pork Chop, Prep Time: 12s
2024-06-20 21:57:00,212 - INFO - Order prepared: 0a6537d7-9568-400e-9857-7aceb4e7347c - Snow Cone
2024-06-20 21:57:00,238 - INFO - Courier: 16 dispatched for Order: 1a4d0e6d-e50e-4ec0-ad5d-0f33e6a724e6
2024-06-20 21:57:00,239 - INFO - Order received: 1a4d0e6d-e50e-4ec0-ad5d-0f33e6a724e6 - Kale Salad, Prep Time: 5s
2024-06-20 21:57:00,744 - INFO - Courier: 17 dispatched for Order: a9f8f42f-7a58-4629-8b66-1acbf362f3b8
2024-06-20 21:57:00,746 - INFO - Order received: a9f8f42f-7a58-4629-8b66-1acbf362f3b8 - Fresh Fruit, Prep Time: 15s
2024-06-20 21:57:01,246 - INFO - Courier: 18 dispatched for Order: 6d2c9eb3-6ff8-408a-a60d-e60eaa467dae
2024-06-20 21:57:01,247 - INFO - Order received: 6d2c9eb3-6ff8-408a-a60d-e60eaa467dae - Cranberry Salad, Prep Time: 14s
2024-06-20 21:57:01,732 - INFO - Order prepared: d4ead98f-a158-429c-9c0d-28ab0fa830a6 - Spinach Omelet
2024-06-20 21:57:01,751 - INFO - Courier: 19 dispatched for Order: 916ddba3-9c25-4065-8a90-ecf5c40c8394
2024-06-20 21:57:01,751 - INFO - Order received: 916ddba3-9c25-4065-8a90-ecf5c40c8394 - Fudge Ice Cream Cake, Prep Time: 3s
2024-06-20 21:57:02,256 - INFO - Courier: 20 dispatched for Order: 23f5cb3a-fa51-49ad-9e29-83e98d6e7d6f
2024-06-20 21:57:02,257 - INFO - Order received: 23f5cb3a-fa51-49ad-9e29-83e98d6e7d6f - Mint Chocolate Ice Cream, Prep Time: 3s
2024-06-20 21:57:02,449 - INFO - Courier (Matched): 1 arrived for Order: 58e9b5fe-3fde-4a27-8e98-682e58a4a65d
2024-06-20 21:57:02,450 - INFO - Courier: 1 waiting for Order: 58e9b5fe-3fde-4a27-8e98-682e58a4a65d
2024-06-20 21:57:02,692 - INFO - Order prepared: c18e1242-0856-4203-a98c-7066ead3bd6b - Cobb Salad
2024-06-20 21:57:02,760 - INFO - Order received: c700ab30-d7bd-4e45-aafb-4329876c716c - Vegan Pizza, Prep Time: 10s
2024-06-20 21:57:02,762 - INFO - Courier: 21 dispatched for Order: c700ab30-d7bd-4e45-aafb-4329876c716c
2024-06-20 21:57:02,821 - INFO - Courier (Matched): 6 arrived for Order: 66a2611c-9a93-4ccd-bb85-98f423247bf9
2024-06-20 21:57:02,822 - INFO - Courier: 6 waiting for Order: 66a2611c-9a93-4ccd-bb85-98f423247bf9
2024-06-20 21:57:03,188 - INFO - Order prepared: 972aa5b8-5d83-4d5e-8cf3-8a1a1437b18a - Chocolate Gelato
2024-06-20 21:57:03,263 - INFO - Order received: cf0932a9-533c-4603-bb1e-512c6e697b92 - Orange Chicken, Prep Time: 15s
2024-06-20 21:57:03,267 - INFO - Courier: 22 dispatched for Order: cf0932a9-533c-4603-bb1e-512c6e697b92
2024-06-20 21:57:03,556 - INFO - Courier (Matched): 13 arrived for Order: d4ead98f-a158-429c-9c0d-28ab0fa830a6
2024-06-20 21:57:03,557 - INFO - Order picked up: d4ead98f-a158-429c-9c0d-28ab0fa830a6 by Courier: 13
2024-06-20 21:57:03,557 - INFO - Food wait time: 1823.8840103149414 ms
2024-06-20 21:57:03,557 - INFO - Courier wait time: 0.6971359252929688 ms
2024-06-20 21:57:03,682 - INFO - Courier (Matched): 10 arrived for Order: 7a5ea4ed-e378-4354-8ab3-a09cf563f621
2024-06-20 21:57:03,682 - INFO - Courier: 10 waiting for Order: 7a5ea4ed-e378-4354-8ab3-a09cf563f621
2024-06-20 21:57:03,769 - INFO - Order received: ed05dafe-d928-4f1a-856d-1dab3868acbd - MeatLoaf, Prep Time: 7s
2024-06-20 21:57:03,773 - INFO - Courier: 23 dispatched for Order: ed05dafe-d928-4f1a-856d-1dab3868acbd
2024-06-20 21:57:04,275 - INFO - Order received: 53f012e3-da55-4314-b2e6-28e63f0418ad - Milk, Prep Time: 5s
2024-06-20 21:57:04,278 - INFO - Courier: 24 dispatched for Order: 53f012e3-da55-4314-b2e6-28e63f0418ad
2024-06-20 21:57:04,311 - INFO - Courier (Matched): 3 arrived for Order: 690b85f7-8c7d-4337-bd02-04e04454c826
2024-06-20 21:57:04,312 - INFO - Order picked up: 690b85f7-8c7d-4337-bd02-04e04454c826 by Courier: 3
2024-06-20 21:57:04,312 - INFO - Food wait time: 4628.046274185181 ms
2024-06-20 21:57:04,312 - INFO - Courier wait time: 0.5888938903808594 ms
2024-06-20 21:57:04,756 - INFO - Order prepared: 916ddba3-9c25-4065-8a90-ecf5c40c8394 - Fudge Ice Cream Cake
2024-06-20 21:57:04,781 - INFO - Courier: 25 dispatched for Order: 5dd79771-4536-4eaa-b64c-63ac606f1357
2024-06-20 21:57:04,782 - INFO - Order received: 5dd79771-4536-4eaa-b64c-63ac606f1357 - Pastrami Sandwich, Prep Time: 8s
2024-06-20 21:57:05,178 - INFO - Order prepared: 2ec069e3-576f-48eb-869f-74a540ef840c - Acai Bowl
2024-06-20 21:57:05,191 - INFO - Courier (Matched): 7 arrived for Order: 4cc9d503-4e0e-42a3-b200-87c785468df9
2024-06-20 21:57:05,192 - INFO - Courier: 7 waiting for Order: 4cc9d503-4e0e-42a3-b200-87c785468df9
2024-06-20 21:57:05,216 - INFO - Courier (Matched): 4 arrived for Order: 972aa5b8-5d83-4d5e-8cf3-8a1a1437b18a
2024-06-20 21:57:05,217 - INFO - Order picked up: 972aa5b8-5d83-4d5e-8cf3-8a1a1437b18a by Courier: 4
2024-06-20 21:57:05,217 - INFO - Food wait time: 2028.23805809021 ms
2024-06-20 21:57:05,217 - INFO - Courier wait time: 0.6418228149414062 ms
2024-06-20 21:57:05,243 - INFO - Order prepared: 1a4d0e6d-e50e-4ec0-ad5d-0f33e6a724e6 - Kale Salad
2024-06-20 21:57:05,262 - INFO - Order prepared: 23f5cb3a-fa51-49ad-9e29-83e98d6e7d6f - Mint Chocolate Ice Cream
2024-06-20 21:57:05,287 - INFO - Courier: 26 dispatched for Order: f84d8263-7aae-4254-85b7-27865ffd76b7
2024-06-20 21:57:05,288 - INFO - Order received: f84d8263-7aae-4254-85b7-27865ffd76b7 - Arugula, Prep Time: 3s
2024-06-20 21:57:05,574 - INFO - Courier (Matched): 8 arrived for Order: 0a6537d7-9568-400e-9857-7aceb4e7347c
2024-06-20 21:57:05,574 - INFO - Order picked up: 0a6537d7-9568-400e-9857-7aceb4e7347c by Courier: 8
2024-06-20 21:57:05,575 - INFO - Food wait time: 5362.0288372039795 ms
2024-06-20 21:57:05,575 - INFO - Courier wait time: 0.6051063537597656 ms
2024-06-20 21:57:05,726 - INFO - Order prepared: 60fbe431-7f7f-46c5-8ecf-6a26ae898685 - Beef Stew
2024-06-20 21:57:05,793 - INFO - Order received: f7074980-3424-43d4-9166-f495077a273e - Pickles, Prep Time: 5s
2024-06-20 21:57:05,794 - INFO - Courier: 27 dispatched for Order: f7074980-3424-43d4-9166-f495077a273e
2024-06-20 21:57:06,182 - INFO - Courier (Matched): 5 arrived for Order: c18e1242-0856-4203-a98c-7066ead3bd6b
2024-06-20 21:57:06,182 - INFO - Order picked up: c18e1242-0856-4203-a98c-7066ead3bd6b by Courier: 5
2024-06-20 21:57:06,182 - INFO - Food wait time: 3489.8390769958496 ms
2024-06-20 21:57:06,183 - INFO - Courier wait time: 0.24199485778808594 ms
2024-06-20 21:57:06,201 - INFO - Order prepared: 66a2611c-9a93-4ccd-bb85-98f423247bf9 - Cottage Cheese
2024-06-20 21:57:06,236 - INFO - Courier (Matched): 2 arrived for Order: 2ec069e3-576f-48eb-869f-74a540ef840c
2024-06-20 21:57:06,237 - INFO - Order picked up: 2ec069e3-576f-48eb-869f-74a540ef840c by Courier: 2
2024-06-20 21:57:06,237 - INFO - Food wait time: 1058.4399700164795 ms
2024-06-20 21:57:06,237 - INFO - Courier wait time: 0.5948543548583984 ms
2024-06-20 21:57:06,300 - INFO - Courier: 28 dispatched for Order: dcafe7ca-f7a7-4262-9b14-ab19729b2055
2024-06-20 21:57:06,300 - INFO - Order received: dcafe7ca-f7a7-4262-9b14-ab19729b2055 - Chicken, Prep Time: 8s
2024-06-20 21:57:06,386 - INFO - Courier (Matched): 12 arrived for Order: 2e7f4153-92cb-43e2-96f4-d77e2f25422b
2024-06-20 21:57:06,386 - INFO - Courier: 12 waiting for Order: 2e7f4153-92cb-43e2-96f4-d77e2f25422b
2024-06-20 21:57:06,495 - INFO - Courier (Matched): 19 arrived for Order: 916ddba3-9c25-4065-8a90-ecf5c40c8394
2024-06-20 21:57:06,495 - INFO - Order picked up: 916ddba3-9c25-4065-8a90-ecf5c40c8394 by Courier: 19
2024-06-20 21:57:06,496 - INFO - Food wait time: 1738.5447025299072 ms
2024-06-20 21:57:06,496 - INFO - Courier wait time: 0.5221366882324219 ms
2024-06-20 21:57:06,671 - INFO - Order prepared: 58e9b5fe-3fde-4a27-8e98-682e58a4a65d - McFlury
2024-06-20 21:57:06,805 - INFO - Courier: 29 dispatched for Order: 614e4f4d-b2f4-4b60-9421-238f61affe20
2024-06-20 21:57:06,805 - INFO - Order received: 614e4f4d-b2f4-4b60-9421-238f61affe20 - Cookie Dough, Prep Time: 9s
2024-06-20 21:57:07,239 - INFO - Order prepared: e868e485-c759-411b-b439-ca7086326bf6 - Beef Hash
2024-06-20 21:57:07,310 - INFO - Order received: d2d2d948-f019-4806-bb7e-bb2172bd75d9 - Hamburger, Prep Time: 6s
2024-06-20 21:57:07,311 - INFO - Courier: 30 dispatched for Order: d2d2d948-f019-4806-bb7e-bb2172bd75d9
2024-06-20 21:57:07,813 - INFO - Courier: 31 dispatched for Order: 8275f014-ed83-4554-b0ff-0dbdc24e57ad
2024-06-20 21:57:07,814 - INFO - Order received: 8275f014-ed83-4554-b0ff-0dbdc24e57ad - French Fries, Prep Time: 6s
2024-06-20 21:57:08,293 - INFO - Order prepared: f84d8263-7aae-4254-85b7-27865ffd76b7 - Arugula
2024-06-20 21:57:08,319 - INFO - Courier: 32 dispatched for Order: 9687809b-8f4b-4a6f-be3f-6e41e4ced3ed
2024-06-20 21:57:08,320 - INFO - Order received: 9687809b-8f4b-4a6f-be3f-6e41e4ced3ed - Ice, Prep Time: 5s
2024-06-20 21:57:08,703 - INFO - Order prepared: 4cc9d503-4e0e-42a3-b200-87c785468df9 - Coke
2024-06-20 21:57:08,822 - INFO - Courier: 33 dispatched for Order: e537a1b8-1505-49ae-a71e-a3ab80e8b606
2024-06-20 21:57:08,823 - INFO - Order received: e537a1b8-1505-49ae-a71e-a3ab80e8b606 - Carne Asada, Prep Time: 8s
2024-06-20 21:57:09,248 - INFO - Courier (Matched): 9 arrived for Order: 74e0893f-8544-4298-b507-9cf5ab847d83
2024-06-20 21:57:09,249 - INFO - Order picked up: 74e0893f-8544-4298-b507-9cf5ab847d83 by Courier: 9
2024-06-20 21:57:09,249 - INFO - Food wait time: 9530.93934059143 ms
2024-06-20 21:57:09,249 - INFO - Courier wait time: 0.3299713134765625 ms
2024-06-20 21:57:09,280 - INFO - Order prepared: 53f012e3-da55-4314-b2e6-28e63f0418ad - Milk
2024-06-20 21:57:09,328 - INFO - Courier: 34 dispatched for Order: 3aaccfce-3dbe-4967-a2fb-b6c06b4de61d
2024-06-20 21:57:09,329 - INFO - Order received: 3aaccfce-3dbe-4967-a2fb-b6c06b4de61d - Sherbet, Prep Time: 6s
2024-06-20 21:57:09,414 - INFO - Courier (Matched): 20 arrived for Order: 23f5cb3a-fa51-49ad-9e29-83e98d6e7d6f
2024-06-20 21:57:09,414 - INFO - Order picked up: 23f5cb3a-fa51-49ad-9e29-83e98d6e7d6f by Courier: 20
2024-06-20 21:57:09,414 - INFO - Food wait time: 4151.278018951416 ms
2024-06-20 21:57:09,414 - INFO - Courier wait time: 0.4279613494873047 ms
2024-06-20 21:57:09,433 - INFO - Courier (Matched): 21 arrived for Order: c700ab30-d7bd-4e45-aafb-4329876c716c
2024-06-20 21:57:09,433 - INFO - Courier: 21 waiting for Order: c700ab30-d7bd-4e45-aafb-4329876c716c
2024-06-20 21:57:09,661 - INFO - Courier (Matched): 14 arrived for Order: e868e485-c759-411b-b439-ca7086326bf6
2024-06-20 21:57:09,662 - INFO - Order picked up: e868e485-c759-411b-b439-ca7086326bf6 by Courier: 14
2024-06-20 21:57:09,662 - INFO - Food wait time: 2422.7888584136963 ms
2024-06-20 21:57:09,662 - INFO - Courier wait time: 0.3268718719482422 ms
2024-06-20 21:57:09,721 - INFO - Courier (Matched): 23 arrived for Order: ed05dafe-d928-4f1a-856d-1dab3868acbd
2024-06-20 21:57:09,722 - INFO - Courier: 23 waiting for Order: ed05dafe-d928-4f1a-856d-1dab3868acbd
2024-06-20 21:57:09,831 - INFO - Order received: 1b56ee15-70e7-443e-96cb-0479e9d46381 - Orange Sorbet, Prep Time: 3s
2024-06-20 21:57:09,832 - INFO - Courier: 35 dispatched for Order: 1b56ee15-70e7-443e-96cb-0479e9d46381
2024-06-20 21:57:10,223 - INFO - Order prepared: 7a5ea4ed-e378-4354-8ab3-a09cf563f621 - Chunky Monkey
2024-06-20 21:57:10,229 - INFO - Order prepared: 2e7f4153-92cb-43e2-96f4-d77e2f25422b - Cheese
2024-06-20 21:57:10,335 - INFO - Order received: 51c5017b-f812-40ac-8d68-87aab3fbab6a - Frosty, Prep Time: 13s
2024-06-20 21:57:10,336 - INFO - Courier: 36 dispatched for Order: 51c5017b-f812-40ac-8d68-87aab3fbab6a
2024-06-20 21:57:10,546 - INFO - Courier (Matched): 29 arrived for Order: 614e4f4d-b2f4-4b60-9421-238f61affe20
2024-06-20 21:57:10,547 - INFO - Courier: 29 waiting for Order: 614e4f4d-b2f4-4b60-9421-238f61affe20
2024-06-20 21:57:10,730 - INFO - Courier (Matched): 28 arrived for Order: dcafe7ca-f7a7-4262-9b14-ab19729b2055
2024-06-20 21:57:10,731 - INFO - Courier: 28 waiting for Order: dcafe7ca-f7a7-4262-9b14-ab19729b2055
2024-06-20 21:57:10,775 - INFO - Order prepared: ed05dafe-d928-4f1a-856d-1dab3868acbd - MeatLoaf
2024-06-20 21:57:10,799 - INFO - Order prepared: f7074980-3424-43d4-9166-f495077a273e - Pickles
2024-06-20 21:57:10,837 - INFO - Courier: 37 dispatched for Order: 9748651e-c3f8-4c4a-9de9-5360467c86a2
2024-06-20 21:57:10,841 - INFO - Order received: 9748651e-c3f8-4c4a-9de9-5360467c86a2 - Fresh Bread, Prep Time: 10s
2024-06-20 21:57:11,343 - INFO - Courier: 38 dispatched for Order: 345cfefe-692e-4866-986e-99a18bedbf24
2024-06-20 21:57:11,344 - INFO - Order received: 345cfefe-692e-4866-986e-99a18bedbf24 - Burrito, Prep Time: 11s
2024-06-20 21:57:11,739 - INFO - Order prepared: 2bfc7ca9-d8ea-4625-9a03-6aa4b5fb635e - Pork Chop
2024-06-20 21:57:11,774 - INFO - Courier (Matched): 11 arrived for Order: 60fbe431-7f7f-46c5-8ecf-6a26ae898685
2024-06-20 21:57:11,774 - INFO - Order picked up: 60fbe431-7f7f-46c5-8ecf-6a26ae898685 by Courier: 11
2024-06-20 21:57:11,774 - INFO - Food wait time: 6047.811269760132 ms
2024-06-20 21:57:11,774 - INFO - Courier wait time: 0.2727508544921875 ms
2024-06-20 21:57:11,849 - INFO - Courier: 39 dispatched for Order: 87441694-ff97-4d1b-89e3-c4b0b1fd041e
2024-06-20 21:57:11,849 - INFO - Order received: 87441694-ff97-4d1b-89e3-c4b0b1fd041e - Icy, Prep Time: 5s
2024-06-20 21:57:11,896 - INFO - Courier (Matched): 30 arrived for Order: d2d2d948-f019-4806-bb7e-bb2172bd75d9
2024-06-20 21:57:11,896 - INFO - Courier: 30 waiting for Order: d2d2d948-f019-4806-bb7e-bb2172bd75d9
2024-06-20 21:57:12,301 - INFO - Courier (Matched): 26 arrived for Order: f84d8263-7aae-4254-85b7-27865ffd76b7
2024-06-20 21:57:12,301 - INFO - Order picked up: f84d8263-7aae-4254-85b7-27865ffd76b7 by Courier: 26
2024-06-20 21:57:12,301 - INFO - Food wait time: 4008.0490112304688 ms
2024-06-20 21:57:12,301 - INFO - Courier wait time: 0.4191398620605469 ms
2024-06-20 21:57:12,351 - INFO - Courier: 40 dispatched for Order: 3713d8af-e6a0-4c11-966c-f26786dc602c
2024-06-20 21:57:12,355 - INFO - Order received: 3713d8af-e6a0-4c11-966c-f26786dc602c - Push Pop, Prep Time: 15s
2024-06-20 21:57:12,560 - INFO - Courier (Matched): 22 arrived for Order: cf0932a9-533c-4603-bb1e-512c6e697b92
2024-06-20 21:57:12,560 - INFO - Courier (Matched): 24 arrived for Order: 53f012e3-da55-4314-b2e6-28e63f0418ad
2024-06-20 21:57:12,560 - INFO - Courier: 22 waiting for Order: cf0932a9-533c-4603-bb1e-512c6e697b92
2024-06-20 21:57:12,561 - INFO - Order picked up: 53f012e3-da55-4314-b2e6-28e63f0418ad by Courier: 24
2024-06-20 21:57:12,561 - INFO - Food wait time: 3279.802083969116 ms
2024-06-20 21:57:12,561 - INFO - Courier wait time: 0.6020069122314453 ms
2024-06-20 21:57:12,766 - INFO - Order prepared: c700ab30-d7bd-4e45-aafb-4329876c716c - Vegan Pizza
2024-06-20 21:57:12,783 - INFO - Order prepared: 5dd79771-4536-4eaa-b64c-63ac606f1357 - Pastrami Sandwich
2024-06-20 21:57:12,837 - INFO - Order prepared: 1b56ee15-70e7-443e-96cb-0479e9d46381 - Orange Sorbet
2024-06-20 21:57:12,857 - INFO - Courier: 41 dispatched for Order: 20343dea-8856-4717-9be9-be1b37d4791f
2024-06-20 21:57:12,860 - INFO - Order received: 20343dea-8856-4717-9be9-be1b37d4791f - Pasta, Prep Time: 14s
2024-06-20 21:57:13,150 - INFO - Courier (Matched): 27 arrived for Order: f7074980-3424-43d4-9166-f495077a273e
2024-06-20 21:57:13,151 - INFO - Order picked up: f7074980-3424-43d4-9166-f495077a273e by Courier: 27
2024-06-20 21:57:13,151 - INFO - Food wait time: 2351.3991832733154 ms
2024-06-20 21:57:13,151 - INFO - Courier wait time: 0.5807876586914062 ms
2024-06-20 21:57:13,289 - INFO - Courier (Matched): 15 arrived for Order: 2bfc7ca9-d8ea-4625-9a03-6aa4b5fb635e
2024-06-20 21:57:13,289 - INFO - Order picked up: 2bfc7ca9-d8ea-4625-9a03-6aa4b5fb635e by Courier: 15
2024-06-20 21:57:13,289 - INFO - Food wait time: 1549.57914352417 ms
2024-06-20 21:57:13,289 - INFO - Courier wait time: 0.29587745666503906 ms
2024-06-20 21:57:13,312 - INFO - Order prepared: d2d2d948-f019-4806-bb7e-bb2172bd75d9 - Hamburger
2024-06-20 21:57:13,322 - INFO - Order prepared: 9687809b-8f4b-4a6f-be3f-6e41e4ced3ed - Ice
2024-06-20 21:57:13,331 - INFO - Courier (Matched): 35 arrived for Order: 1b56ee15-70e7-443e-96cb-0479e9d46381
2024-06-20 21:57:13,332 - INFO - Order picked up: 1b56ee15-70e7-443e-96cb-0479e9d46381 by Courier: 35
2024-06-20 21:57:13,332 - INFO - Food wait time: 494.26794052124023 ms
2024-06-20 21:57:13,332 - INFO - Courier wait time: 0.3960132598876953 ms
2024-06-20 21:57:13,363 - INFO - Courier: 42 dispatched for Order: 098604b5-a141-4a5f-a2e3-0b653515cc42
2024-06-20 21:57:13,365 - INFO - Order received: 098604b5-a141-4a5f-a2e3-0b653515cc42 - Chicken Nuggets, Prep Time: 4s
2024-06-20 21:57:13,815 - INFO - Order prepared: 8275f014-ed83-4554-b0ff-0dbdc24e57ad - French Fries
2024-06-20 21:57:13,866 - INFO - Courier: 43 dispatched for Order: a5697bad-48d4-46fd-b3bc-64ef2485907a
2024-06-20 21:57:13,870 - INFO - Order received: a5697bad-48d4-46fd-b3bc-64ef2485907a - Ice Cream Sandwich, Prep Time: 7s
2024-06-20 21:57:14,301 - INFO - Order prepared: dcafe7ca-f7a7-4262-9b14-ab19729b2055 - Chicken
2024-06-20 21:57:14,367 - INFO - Courier: 44 dispatched for Order: e09f9282-8e05-48a7-8e6e-e23937383735
2024-06-20 21:57:14,374 - INFO - Order received: e09f9282-8e05-48a7-8e6e-e23937383735 - Taco, Prep Time: 12s
2024-06-20 21:57:14,645 - INFO - Courier (Matched): 16 arrived for Order: 1a4d0e6d-e50e-4ec0-ad5d-0f33e6a724e6
2024-06-20 21:57:14,645 - INFO - Order picked up: 1a4d0e6d-e50e-4ec0-ad5d-0f33e6a724e6 by Courier: 16
2024-06-20 21:57:14,645 - INFO - Food wait time: 9402.030229568481 ms
2024-06-20 21:57:14,645 - INFO - Courier wait time: 0.28896331787109375 ms
2024-06-20 21:57:14,666 - INFO - Courier (Matched): 18 arrived for Order: 6d2c9eb3-6ff8-408a-a60d-e60eaa467dae
2024-06-20 21:57:14,667 - INFO - Courier: 18 waiting for Order: 6d2c9eb3-6ff8-408a-a60d-e60eaa467dae
2024-06-20 21:57:14,870 - INFO - Courier: 45 dispatched for Order: 9df6bbc7-55ee-4f67-8dd1-a9f5ccc56355
2024-06-20 21:57:14,877 - INFO - Order received: 9df6bbc7-55ee-4f67-8dd1-a9f5ccc56355 - Tomato Soup, Prep Time: 12s
2024-06-20 21:57:15,252 - INFO - Order prepared: 6d2c9eb3-6ff8-408a-a60d-e60eaa467dae - Cranberry Salad
2024-06-20 21:57:15,333 - INFO - Order prepared: 3aaccfce-3dbe-4967-a2fb-b6c06b4de61d - Sherbet
2024-06-20 21:57:15,376 - INFO - Courier: 46 dispatched for Order: a2b13869-6b7e-4e35-8e11-fa9889d24073
2024-06-20 21:57:15,382 - INFO - Order received: a2b13869-6b7e-4e35-8e11-fa9889d24073 - Vanilla Ice Cream, Prep Time: 15s
2024-06-20 21:57:15,492 - INFO - Courier (Matched): 17 arrived for Order: a9f8f42f-7a58-4629-8b66-1acbf362f3b8
2024-06-20 21:57:15,493 - INFO - Courier: 17 waiting for Order: a9f8f42f-7a58-4629-8b66-1acbf362f3b8
2024-06-20 21:57:15,746 - INFO - Order prepared: a9f8f42f-7a58-4629-8b66-1acbf362f3b8 - Fresh Fruit
2024-06-20 21:57:15,809 - INFO - Order prepared: 614e4f4d-b2f4-4b60-9421-238f61affe20 - Cookie Dough
2024-06-20 21:57:15,882 - INFO - Courier: 47 dispatched for Order: 0522c2ec-0242-45e7-8542-f3e98c1384b9
2024-06-20 21:57:15,883 - INFO - Order received: 0522c2ec-0242-45e7-8542-f3e98c1384b9 - Poppers, Prep Time: 8s
2024-06-20 21:57:16,306 - INFO - Courier (Matched): 38 arrived for Order: 345cfefe-692e-4866-986e-99a18bedbf24
2024-06-20 21:57:16,306 - INFO - Courier: 38 waiting for Order: 345cfefe-692e-4866-986e-99a18bedbf24
2024-06-20 21:57:16,388 - INFO - Courier: 48 dispatched for Order: aba0fc48-ec05-422f-aad4-8b8ec4de636d
2024-06-20 21:57:16,389 - INFO - Order received: aba0fc48-ec05-422f-aad4-8b8ec4de636d - Popsicle, Prep Time: 13s
2024-06-20 21:57:16,825 - INFO - Order prepared: e537a1b8-1505-49ae-a71e-a3ab80e8b606 - Carne Asada
2024-06-20 21:57:16,841 - INFO - Courier (Matched): 39 arrived for Order: 87441694-ff97-4d1b-89e3-c4b0b1fd041e
2024-06-20 21:57:16,842 - INFO - Courier: 39 waiting for Order: 87441694-ff97-4d1b-89e3-c4b0b1fd041e
2024-06-20 21:57:16,854 - INFO - Order prepared: 87441694-ff97-4d1b-89e3-c4b0b1fd041e - Icy
2024-06-20 21:57:16,892 - INFO - Order received: 68515b89-96bf-48b6-a07c-68cf17ca3c25 - Strawberries, Prep Time: 11s
2024-06-20 21:57:16,893 - INFO - Courier: 49 dispatched for Order: 68515b89-96bf-48b6-a07c-68cf17ca3c25
2024-06-20 21:57:17,366 - INFO - Order prepared: 098604b5-a141-4a5f-a2e3-0b653515cc42 - Chicken Nuggets
2024-06-20 21:57:17,394 - INFO - Order received: caf107cc-e6d6-421c-9991-8bcfcc15d5c5 - Brown Rice, Prep Time: 6s
2024-06-20 21:57:17,395 - INFO - Courier: 50 dispatched for Order: caf107cc-e6d6-421c-9991-8bcfcc15d5c5
2024-06-20 21:57:17,898 - INFO - Courier: 51 dispatched for Order: 4d308771-a0d6-46e7-8ff1-679ddc1d1aa4
2024-06-20 21:57:17,899 - INFO - Order received: 4d308771-a0d6-46e7-8ff1-679ddc1d1aa4 - Cheese Pizza, Prep Time: 10s
2024-06-20 21:57:18,011 - INFO - Courier (Matched): 37 arrived for Order: 9748651e-c3f8-4c4a-9de9-5360467c86a2
2024-06-20 21:57:18,012 - INFO - Courier: 37 waiting for Order: 9748651e-c3f8-4c4a-9de9-5360467c86a2
2024-06-20 21:57:18,269 - INFO - Order prepared: cf0932a9-533c-4603-bb1e-512c6e697b92 - Orange Chicken
2024-06-20 21:57:18,296 - INFO - Courier (Matched): 42 arrived for Order: 098604b5-a141-4a5f-a2e3-0b653515cc42
2024-06-20 21:57:18,296 - INFO - Order picked up: 098604b5-a141-4a5f-a2e3-0b653515cc42 by Courier: 42
2024-06-20 21:57:18,296 - INFO - Food wait time: 929.868221282959 ms
2024-06-20 21:57:18,296 - INFO - Courier wait time: 0.4048347473144531 ms
2024-06-20 21:57:18,399 - INFO - Order received: 78b92574-49cd-4995-b5d0-635b3ced5a18 - Pressed Juice, Prep Time: 14s
2024-06-20 21:57:18,399 - INFO - Courier: 52 dispatched for Order: 78b92574-49cd-4995-b5d0-635b3ced5a18
2024-06-20 21:57:18,560 - INFO - Courier (Matched): 33 arrived for Order: e537a1b8-1505-49ae-a71e-a3ab80e8b606
2024-06-20 21:57:18,561 - INFO - Order picked up: e537a1b8-1505-49ae-a71e-a3ab80e8b606 by Courier: 33
2024-06-20 21:57:18,561 - INFO - Food wait time: 1734.8220348358154 ms
2024-06-20 21:57:18,561 - INFO - Courier wait time: 0.5249977111816406 ms
2024-06-20 21:57:18,900 - INFO - Courier: 53 dispatched for Order: 1fab9088-d99d-47ee-acf5-d0f0851738e4
2024-06-20 21:57:18,900 - INFO - Order received: 1fab9088-d99d-47ee-acf5-d0f0851738e4 - Coconut, Prep Time: 14s
2024-06-20 21:57:19,403 - INFO - Order received: d7864cd5-f557-4c3e-93d9-b3fb6bb4a37b - Onion Rings, Prep Time: 9s
2024-06-20 21:57:19,404 - INFO - Courier: 54 dispatched for Order: d7864cd5-f557-4c3e-93d9-b3fb6bb4a37b
2024-06-20 21:57:19,423 - INFO - Courier (Matched): 41 arrived for Order: 20343dea-8856-4717-9be9-be1b37d4791f
2024-06-20 21:57:19,423 - INFO - Courier: 41 waiting for Order: 20343dea-8856-4717-9be9-be1b37d4791f
2024-06-20 21:57:19,732 - INFO - Courier (Matched): 25 arrived for Order: 5dd79771-4536-4eaa-b64c-63ac606f1357
2024-06-20 21:57:19,733 - INFO - Order picked up: 5dd79771-4536-4eaa-b64c-63ac606f1357 by Courier: 25
2024-06-20 21:57:19,733 - INFO - Food wait time: 6949.032783508301 ms
2024-06-20 21:57:19,733 - INFO - Courier wait time: 0.4322528839111328 ms
2024-06-20 21:57:19,906 - INFO - Order received: 5f06be90-beac-4a51-a871-f8e324d38c3c - Fish Tacos, Prep Time: 10s
2024-06-20 21:57:19,910 - INFO - Courier: 55 dispatched for Order: 5f06be90-beac-4a51-a871-f8e324d38c3c
2024-06-20 21:57:20,408 - INFO - Order received: 90367105-ec26-41d8-a4a2-6c474d3f703b - Pot Stickers, Prep Time: 3s
2024-06-20 21:57:20,415 - INFO - Courier: 56 dispatched for Order: 90367105-ec26-41d8-a4a2-6c474d3f703b
2024-06-20 21:57:20,617 - INFO - Courier (Matched): 32 arrived for Order: 9687809b-8f4b-4a6f-be3f-6e41e4ced3ed
2024-06-20 21:57:20,617 - INFO - Order picked up: 9687809b-8f4b-4a6f-be3f-6e41e4ced3ed by Courier: 32
2024-06-20 21:57:20,618 - INFO - Food wait time: 7294.861078262329 ms
2024-06-20 21:57:20,618 - INFO - Courier wait time: 0.7009506225585938 ms
2024-06-20 21:57:20,846 - INFO - Order prepared: 9748651e-c3f8-4c4a-9de9-5360467c86a2 - Fresh Bread
2024-06-20 21:57:20,875 - INFO - Order prepared: a5697bad-48d4-46fd-b3bc-64ef2485907a - Ice Cream Sandwich
2024-06-20 21:57:20,910 - INFO - Order received: 05ef2197-5e9a-446b-825e-4d169bdf5670 - Kombucha, Prep Time: 6s
2024-06-20 21:57:20,921 - INFO - Courier: 57 dispatched for Order: 05ef2197-5e9a-446b-825e-4d169bdf5670
2024-06-20 21:57:21,334 - INFO - Courier (Matched): 34 arrived for Order: 3aaccfce-3dbe-4967-a2fb-b6c06b4de61d
2024-06-20 21:57:21,335 - INFO - Order picked up: 3aaccfce-3dbe-4967-a2fb-b6c06b4de61d by Courier: 34
2024-06-20 21:57:21,335 - INFO - Food wait time: 6001.477003097534 ms
2024-06-20 21:57:21,335 - INFO - Courier wait time: 0.45108795166015625 ms
2024-06-20 21:57:21,414 - INFO - Order received: 41330835-9221-483a-924f-08c7f664d656 - Mixed Greens, Prep Time: 13s
2024-06-20 21:57:21,427 - INFO - Courier: 58 dispatched for Order: 41330835-9221-483a-924f-08c7f664d656
2024-06-20 21:57:21,533 - INFO - Courier (Matched): 50 arrived for Order: caf107cc-e6d6-421c-9991-8bcfcc15d5c5
2024-06-20 21:57:21,533 - INFO - Courier: 50 waiting for Order: caf107cc-e6d6-421c-9991-8bcfcc15d5c5
2024-06-20 21:57:21,847 - INFO - Courier (Matched): 47 arrived for Order: 0522c2ec-0242-45e7-8542-f3e98c1384b9
2024-06-20 21:57:21,847 - INFO - Courier: 47 waiting for Order: 0522c2ec-0242-45e7-8542-f3e98c1384b9
2024-06-20 21:57:21,919 - INFO - Order received: 51754609-3f89-487b-9888-bac0a65f86e2 - Sushi, Prep Time: 8s
2024-06-20 21:57:21,930 - INFO - Courier: 59 dispatched for Order: 51754609-3f89-487b-9888-bac0a65f86e2
2024-06-20 21:57:22,195 - INFO - Courier (Matched): 36 arrived for Order: 51c5017b-f812-40ac-8d68-87aab3fbab6a
2024-06-20 21:57:22,196 - INFO - Courier: 36 waiting for Order: 51c5017b-f812-40ac-8d68-87aab3fbab6a
2024-06-20 21:57:22,348 - INFO - Order prepared: 345cfefe-692e-4866-986e-99a18bedbf24 - Burrito
2024-06-20 21:57:22,421 - INFO - Order received: 3f0008f5-9429-4a16-ae44-f8f4256797ca - Apples, Prep Time: 5s
2024-06-20 21:57:22,431 - INFO - Courier: 60 dispatched for Order: 3f0008f5-9429-4a16-ae44-f8f4256797ca
2024-06-20 21:57:22,809 - INFO - Courier (Matched): 31 arrived for Order: 8275f014-ed83-4554-b0ff-0dbdc24e57ad
2024-06-20 21:57:22,810 - INFO - Order picked up: 8275f014-ed83-4554-b0ff-0dbdc24e57ad by Courier: 31
2024-06-20 21:57:22,810 - INFO - Food wait time: 8993.681907653809 ms
2024-06-20 21:57:22,810 - INFO - Courier wait time: 0.6031990051269531 ms
2024-06-20 21:57:22,923 - INFO - Order received: c052077c-687d-4f24-b2e1-75edeee1186a - Kebab, Prep Time: 10s
2024-06-20 21:57:22,933 - INFO - Courier: 61 dispatched for Order: c052077c-687d-4f24-b2e1-75edeee1186a
2024-06-20 21:57:23,336 - INFO - Order prepared: 51c5017b-f812-40ac-8d68-87aab3fbab6a - Frosty
2024-06-20 21:57:23,390 - INFO - Courier (Matched): 55 arrived for Order: 5f06be90-beac-4a51-a871-f8e324d38c3c
2024-06-20 21:57:23,391 - INFO - Courier: 55 waiting for Order: 5f06be90-beac-4a51-a871-f8e324d38c3c
2024-06-20 21:57:23,400 - INFO - Order prepared: caf107cc-e6d6-421c-9991-8bcfcc15d5c5 - Brown Rice
2024-06-20 21:57:23,412 - INFO - Order prepared: 90367105-ec26-41d8-a4a2-6c474d3f703b - Pot Stickers
2024-06-20 21:57:23,432 - INFO - Order received: 1b481a3e-84eb-4532-bd29-47f04e3e7adc - Mac & Cheese, Prep Time: 12s
2024-06-20 21:57:23,438 - INFO - Courier: 62 dispatched for Order: 1b481a3e-84eb-4532-bd29-47f04e3e7adc
2024-06-20 21:57:23,888 - INFO - Order prepared: 0522c2ec-0242-45e7-8542-f3e98c1384b9 - Poppers
2024-06-20 21:57:23,934 - INFO - Order received: b5d9491a-54b7-4916-a379-fed69d5d180d - Corn Dog, Prep Time: 11s
2024-06-20 21:57:23,940 - INFO - Courier: 63 dispatched for Order: b5d9491a-54b7-4916-a379-fed69d5d180d
2024-06-20 21:57:24,436 - INFO - Order received: 7bdf9af2-d90e-44e2-9c6c-1ff7b5121133 - Grilled Corn Salad, Prep Time: 7s
2024-06-20 21:57:24,443 - INFO - Courier: 64 dispatched for Order: 7bdf9af2-d90e-44e2-9c6c-1ff7b5121133
2024-06-20 21:57:24,939 - INFO - Order received: 4b5793f3-2af5-4ac3-816a-7f9c6f91483c - Pistachio Ice Cream, Prep Time: 8s
2024-06-20 21:57:24,949 - INFO - Courier: 65 dispatched for Order: 4b5793f3-2af5-4ac3-816a-7f9c6f91483c
2024-06-20 21:57:25,445 - INFO - Order received: 160ccc3a-af83-43e0-af0b-6a889aea7339 - Strawberyy Banana Split, Prep Time: 9s
2024-06-20 21:57:25,450 - INFO - Courier: 66 dispatched for Order: 160ccc3a-af83-43e0-af0b-6a889aea7339
2024-06-20 21:57:25,927 - INFO - Courier (Matched): 40 arrived for Order: 3713d8af-e6a0-4c11-966c-f26786dc602c
2024-06-20 21:57:25,927 - INFO - Courier: 40 waiting for Order: 3713d8af-e6a0-4c11-966c-f26786dc602c
2024-06-20 21:57:25,948 - INFO - Order received: 3b9da9f3-2465-4fbc-84c5-5ecb9bd132b1 - McFlury, Prep Time: 13s
2024-06-20 21:57:25,955 - INFO - Courier: 67 dispatched for Order: 3b9da9f3-2465-4fbc-84c5-5ecb9bd132b1
2024-06-20 21:57:25,978 - INFO - Courier (Matched): 49 arrived for Order: 68515b89-96bf-48b6-a07c-68cf17ca3c25
2024-06-20 21:57:25,979 - INFO - Courier: 49 waiting for Order: 68515b89-96bf-48b6-a07c-68cf17ca3c25
2024-06-20 21:57:25,979 - INFO - Courier (Matched): 52 arrived for Order: 78b92574-49cd-4995-b5d0-635b3ced5a18
2024-06-20 21:57:25,979 - INFO - Courier: 52 waiting for Order: 78b92574-49cd-4995-b5d0-635b3ced5a18
2024-06-20 21:57:26,047 - INFO - Courier (Matched): 57 arrived for Order: 05ef2197-5e9a-446b-825e-4d169bdf5670
2024-06-20 21:57:26,047 - INFO - Courier: 57 waiting for Order: 05ef2197-5e9a-446b-825e-4d169bdf5670
2024-06-20 21:57:26,064 - INFO - Courier (Matched): 46 arrived for Order: a2b13869-6b7e-4e35-8e11-fa9889d24073
2024-06-20 21:57:26,065 - INFO - Courier: 46 waiting for Order: a2b13869-6b7e-4e35-8e11-fa9889d24073
2024-06-20 21:57:26,230 - INFO - Courier (Matched): 48 arrived for Order: aba0fc48-ec05-422f-aad4-8b8ec4de636d
2024-06-20 21:57:26,230 - INFO - Courier: 48 waiting for Order: aba0fc48-ec05-422f-aad4-8b8ec4de636d
2024-06-20 21:57:26,381 - INFO - Order prepared: e09f9282-8e05-48a7-8e6e-e23937383735 - Taco
2024-06-20 21:57:26,452 - INFO - Order received: e6b72c73-fa53-4f2c-a004-0b60ba7b3be9 - Acai Bowl, Prep Time: 9s
2024-06-20 21:57:26,460 - INFO - Courier: 68 dispatched for Order: e6b72c73-fa53-4f2c-a004-0b60ba7b3be9
2024-06-20 21:57:26,727 - INFO - Courier (Matched): 58 arrived for Order: 41330835-9221-483a-924f-08c7f664d656
2024-06-20 21:57:26,727 - INFO - Courier: 58 waiting for Order: 41330835-9221-483a-924f-08c7f664d656
2024-06-20 21:57:26,864 - INFO - Order prepared: 20343dea-8856-4717-9be9-be1b37d4791f - Pasta
2024-06-20 21:57:26,879 - INFO - Order prepared: 9df6bbc7-55ee-4f67-8dd1-a9f5ccc56355 - Tomato Soup
2024-06-20 21:57:26,914 - INFO - Order prepared: 05ef2197-5e9a-446b-825e-4d169bdf5670 - Kombucha
2024-06-20 21:57:26,956 - INFO - Order received: 4546646c-3ca5-4da6-9c60-312a897a6907 - Yogurt, Prep Time: 8s
2024-06-20 21:57:26,965 - INFO - Courier: 69 dispatched for Order: 4546646c-3ca5-4da6-9c60-312a897a6907
2024-06-20 21:57:27,039 - INFO - Courier (Matched): 44 arrived for Order: e09f9282-8e05-48a7-8e6e-e23937383735
2024-06-20 21:57:27,039 - INFO - Order picked up: e09f9282-8e05-48a7-8e6e-e23937383735 by Courier: 44
2024-06-20 21:57:27,039 - INFO - Food wait time: 657.7010154724121 ms
2024-06-20 21:57:27,039 - INFO - Courier wait time: 0.3058910369873047 ms
2024-06-20 21:57:27,320 - INFO - Courier (Matched): 51 arrived for Order: 4d308771-a0d6-46e7-8ff1-679ddc1d1aa4
2024-06-20 21:57:27,320 - INFO - Courier: 51 waiting for Order: 4d308771-a0d6-46e7-8ff1-679ddc1d1aa4
2024-06-20 21:57:27,357 - INFO - Order prepared: 3713d8af-e6a0-4c11-966c-f26786dc602c - Push Pop
2024-06-20 21:57:27,425 - INFO - Order prepared: 3f0008f5-9429-4a16-ae44-f8f4256797ca - Apples
2024-06-20 21:57:27,462 - INFO - Order received: 8ea031b3-6545-4140-9dee-745268d7b877 - Chocolate Gelato, Prep Time: 9s
2024-06-20 21:57:27,471 - INFO - Courier: 70 dispatched for Order: 8ea031b3-6545-4140-9dee-745268d7b877
2024-06-20 21:57:27,575 - INFO - Courier (Matched): 43 arrived for Order: a5697bad-48d4-46fd-b3bc-64ef2485907a
2024-06-20 21:57:27,575 - INFO - Order picked up: a5697bad-48d4-46fd-b3bc-64ef2485907a by Courier: 43
2024-06-20 21:57:27,575 - INFO - Food wait time: 6699.310064315796 ms
2024-06-20 21:57:27,575 - INFO - Courier wait time: 0.3650188446044922 ms
2024-06-20 21:57:27,893 - INFO - Order prepared: 68515b89-96bf-48b6-a07c-68cf17ca3c25 - Strawberries
2024-06-20 21:57:27,901 - INFO - Order prepared: 4d308771-a0d6-46e7-8ff1-679ddc1d1aa4 - Cheese Pizza
2024-06-20 21:57:27,965 - INFO - Order received: 24f3e17b-eba0-409a-8630-463cb05d89c3 - Cobb Salad, Prep Time: 3s
2024-06-20 21:57:27,974 - INFO - Courier: 71 dispatched for Order: 24f3e17b-eba0-409a-8630-463cb05d89c3
2024-06-20 21:57:28,026 - INFO - Courier (Matched): 63 arrived for Order: b5d9491a-54b7-4916-a379-fed69d5d180d
2024-06-20 21:57:28,026 - INFO - Courier: 63 waiting for Order: b5d9491a-54b7-4916-a379-fed69d5d180d
2024-06-20 21:57:28,409 - INFO - Order prepared: d7864cd5-f557-4c3e-93d9-b3fb6bb4a37b - Onion Rings
2024-06-20 21:57:28,471 - INFO - Order received: def3f65e-6ffb-4715-8561-ace9d312ddc5 - Cottage Cheese, Prep Time: 3s
2024-06-20 21:57:28,479 - INFO - Courier: 72 dispatched for Order: def3f65e-6ffb-4715-8561-ace9d312ddc5
2024-06-20 21:57:28,977 - INFO - Order received: 2c772706-189c-4ec4-80ad-06ea17f21f11 - Coke, Prep Time: 12s
2024-06-20 21:57:28,983 - INFO - Courier: 73 dispatched for Order: 2c772706-189c-4ec4-80ad-06ea17f21f11
2024-06-20 21:57:29,095 - INFO - Courier (Matched): 53 arrived for Order: 1fab9088-d99d-47ee-acf5-d0f0851738e4
2024-06-20 21:57:29,096 - INFO - Courier: 53 waiting for Order: 1fab9088-d99d-47ee-acf5-d0f0851738e4
2024-06-20 21:57:29,152 - INFO - Courier (Matched): 45 arrived for Order: 9df6bbc7-55ee-4f67-8dd1-a9f5ccc56355
2024-06-20 21:57:29,153 - INFO - Order picked up: 9df6bbc7-55ee-4f67-8dd1-a9f5ccc56355 by Courier: 45
2024-06-20 21:57:29,153 - INFO - Food wait time: 2273.4057903289795 ms
2024-06-20 21:57:29,153 - INFO - Courier wait time: 0.36907196044921875 ms
2024-06-20 21:57:29,390 - INFO - Order prepared: aba0fc48-ec05-422f-aad4-8b8ec4de636d - Popsicle
2024-06-20 21:57:29,481 - INFO - Order received: a0023411-c19d-4723-b6d1-6b8c8ff1b417 - Snow Cone, Prep Time: 15s
2024-06-20 21:57:29,488 - INFO - Courier: 74 dispatched for Order: a0023411-c19d-4723-b6d1-6b8c8ff1b417
2024-06-20 21:57:29,675 - INFO - Courier (Matched): 56 arrived for Order: 90367105-ec26-41d8-a4a2-6c474d3f703b
2024-06-20 21:57:29,675 - INFO - Order picked up: 90367105-ec26-41d8-a4a2-6c474d3f703b by Courier: 56
2024-06-20 21:57:29,676 - INFO - Food wait time: 6262.6988887786865 ms
2024-06-20 21:57:29,676 - INFO - Courier wait time: 0.3490447998046875 ms
2024-06-20 21:57:29,908 - INFO - Order prepared: 5f06be90-beac-4a51-a871-f8e324d38c3c - Fish Tacos
2024-06-20 21:57:29,923 - INFO - Order prepared: 51754609-3f89-487b-9888-bac0a65f86e2 - Sushi
2024-06-20 21:57:29,979 - INFO - Courier (Matched): 68 arrived for Order: e6b72c73-fa53-4f2c-a004-0b60ba7b3be9
2024-06-20 21:57:29,979 - INFO - Courier: 68 waiting for Order: e6b72c73-fa53-4f2c-a004-0b60ba7b3be9
2024-06-20 21:57:29,987 - INFO - Order received: 46a4e47d-ccc1-4c88-a006-83930521899c - Pad See Ew, Prep Time: 10s
2024-06-20 21:57:29,994 - INFO - Courier: 75 dispatched for Order: 46a4e47d-ccc1-4c88-a006-83930521899c
2024-06-20 21:57:30,387 - INFO - Order prepared: a2b13869-6b7e-4e35-8e11-fa9889d24073 - Vanilla Ice Cream
2024-06-20 21:57:30,492 - INFO - Order received: e65ef8c8-d9e2-47cf-a6e2-ac976bcfdb9d - Chunky Monkey, Prep Time: 8s
2024-06-20 21:57:30,500 - INFO - Courier: 76 dispatched for Order: e65ef8c8-d9e2-47cf-a6e2-ac976bcfdb9d
2024-06-20 21:57:30,762 - INFO - Courier (Matched): 60 arrived for Order: 3f0008f5-9429-4a16-ae44-f8f4256797ca
2024-06-20 21:57:30,762 - INFO - Order picked up: 3f0008f5-9429-4a16-ae44-f8f4256797ca by Courier: 60
2024-06-20 21:57:30,762 - INFO - Food wait time: 3336.9321823120117 ms
2024-06-20 21:57:30,762 - INFO - Courier wait time: 0.6198883056640625 ms
2024-06-20 21:57:30,969 - INFO - Order prepared: 24f3e17b-eba0-409a-8630-463cb05d89c3 - Cobb Salad
2024-06-20 21:57:30,996 - INFO - Order received: 848dfc63-eab6-48b7-a2db-04d13190ce8c - Beef Stew, Prep Time: 5s
2024-06-20 21:57:31,002 - INFO - Courier: 77 dispatched for Order: 848dfc63-eab6-48b7-a2db-04d13190ce8c
2024-06-20 21:57:31,261 - INFO - Courier (Matched): 62 arrived for Order: 1b481a3e-84eb-4532-bd29-47f04e3e7adc
2024-06-20 21:57:31,261 - INFO - Courier: 62 waiting for Order: 1b481a3e-84eb-4532-bd29-47f04e3e7adc
2024-06-20 21:57:31,440 - INFO - Order prepared: 7bdf9af2-d90e-44e2-9c6c-1ff7b5121133 - Grilled Corn Salad
2024-06-20 21:57:31,476 - INFO - Order prepared: def3f65e-6ffb-4715-8561-ace9d312ddc5 - Cottage Cheese
2024-06-20 21:57:31,502 - INFO - Order received: 42951124-c574-45a0-bddf-25e702c65914 - Cheese, Prep Time: 9s
2024-06-20 21:57:31,504 - INFO - Courier: 78 dispatched for Order: 42951124-c574-45a0-bddf-25e702c65914
2024-06-20 21:57:31,789 - INFO - Courier (Matched): 59 arrived for Order: 51754609-3f89-487b-9888-bac0a65f86e2
2024-06-20 21:57:31,789 - INFO - Order picked up: 51754609-3f89-487b-9888-bac0a65f86e2 by Courier: 59
2024-06-20 21:57:31,789 - INFO - Food wait time: 1865.487813949585 ms
2024-06-20 21:57:31,789 - INFO - Courier wait time: 0.6272792816162109 ms
2024-06-20 21:57:31,903 - INFO - Courier (Matched): 71 arrived for Order: 24f3e17b-eba0-409a-8630-463cb05d89c3
2024-06-20 21:57:31,903 - INFO - Order picked up: 24f3e17b-eba0-409a-8630-463cb05d89c3 by Courier: 71
2024-06-20 21:57:31,903 - INFO - Food wait time: 933.0482482910156 ms
2024-06-20 21:57:31,903 - INFO - Courier wait time: 0.5979537963867188 ms
2024-06-20 21:57:32,008 - INFO - Order received: df726ab4-a999-46b5-8e31-4a1bd523fcb9 - Spinach Omelet, Prep Time: 15s
2024-06-20 21:57:32,009 - INFO - Courier: 79 dispatched for Order: df726ab4-a999-46b5-8e31-4a1bd523fcb9
2024-06-20 21:57:32,404 - INFO - Order prepared: 78b92574-49cd-4995-b5d0-635b3ced5a18 - Pressed Juice
2024-06-20 21:57:32,511 - INFO - Courier: 80 dispatched for Order: 5bb755b9-e6a8-4932-9139-bc04fafbc240
2024-06-20 21:57:32,513 - INFO - Order received: 5bb755b9-e6a8-4932-9139-bc04fafbc240 - Beef Hash, Prep Time: 13s
2024-06-20 21:57:32,904 - INFO - Order prepared: 1fab9088-d99d-47ee-acf5-d0f0851738e4 - Coconut
2024-06-20 21:57:32,929 - INFO - Order prepared: c052077c-687d-4f24-b2e1-75edeee1186a - Kebab
2024-06-20 21:57:32,943 - INFO - Order prepared: 4b5793f3-2af5-4ac3-816a-7f9c6f91483c - Pistachio Ice Cream
2024-06-20 21:57:33,013 - INFO - Courier: 81 dispatched for Order: 58dbdb26-670c-4dac-b72c-21152f5d62e7
2024-06-20 21:57:33,017 - INFO - Order received: 58dbdb26-670c-4dac-b72c-21152f5d62e7 - Pork Chop, Prep Time: 10s
2024-06-20 21:57:33,033 - INFO - Courier (Matched): 54 arrived for Order: d7864cd5-f557-4c3e-93d9-b3fb6bb4a37b
2024-06-20 21:57:33,033 - INFO - Order picked up: d7864cd5-f557-4c3e-93d9-b3fb6bb4a37b by Courier: 54
2024-06-20 21:57:33,033 - INFO - Food wait time: 4623.3508586883545 ms
2024-06-20 21:57:33,034 - INFO - Courier wait time: 0.6279945373535156 ms
2024-06-20 21:57:33,479 - INFO - Courier (Matched): 61 arrived for Order: c052077c-687d-4f24-b2e1-75edeee1186a
2024-06-20 21:57:33,479 - INFO - Order picked up: c052077c-687d-4f24-b2e1-75edeee1186a by Courier: 61
2024-06-20 21:57:33,479 - INFO - Food wait time: 549.250602722168 ms
2024-06-20 21:57:33,479 - INFO - Courier wait time: 0.4143714904785156 ms
2024-06-20 21:57:33,503 - INFO - Courier (Matched): 73 arrived for Order: 2c772706-189c-4ec4-80ad-06ea17f21f11
2024-06-20 21:57:33,504 - INFO - Courier: 73 waiting for Order: 2c772706-189c-4ec4-80ad-06ea17f21f11
2024-06-20 21:57:33,519 - INFO - Courier: 82 dispatched for Order: 4ed428d6-f247-451a-aebf-c5157b2eb502
2024-06-20 21:57:33,522 - INFO - Order received: 4ed428d6-f247-451a-aebf-c5157b2eb502 - Kale Salad, Prep Time: 14s
2024-06-20 21:57:34,022 - INFO - Courier: 83 dispatched for Order: 62e667ee-a86d-4be2-97f6-a6af60183e88
2024-06-20 21:57:34,027 - INFO - Order received: 62e667ee-a86d-4be2-97f6-a6af60183e88 - Fresh Fruit, Prep Time: 6s
2024-06-20 21:57:34,377 - INFO - Courier (Matched): 72 arrived for Order: def3f65e-6ffb-4715-8561-ace9d312ddc5
2024-06-20 21:57:34,378 - INFO - Order picked up: def3f65e-6ffb-4715-8561-ace9d312ddc5 by Courier: 72
2024-06-20 21:57:34,378 - INFO - Food wait time: 2900.6001949310303 ms
2024-06-20 21:57:34,378 - INFO - Courier wait time: 1.2137889862060547 ms
2024-06-20 21:57:34,415 - INFO - Order prepared: 41330835-9221-483a-924f-08c7f664d656 - Mixed Greens
2024-06-20 21:57:34,448 - INFO - Order prepared: 160ccc3a-af83-43e0-af0b-6a889aea7339 - Strawberyy Banana Split
2024-06-20 21:57:34,528 - INFO - Courier: 84 dispatched for Order: df4e3e19-55d2-4131-8ab0-3563b44f8291
2024-06-20 21:57:34,529 - INFO - Order received: df4e3e19-55d2-4131-8ab0-3563b44f8291 - Cranberry Salad, Prep Time: 9s
2024-06-20 21:57:34,934 - INFO - Order prepared: b5d9491a-54b7-4916-a379-fed69d5d180d - Corn Dog
2024-06-20 21:57:34,960 - INFO - Order prepared: 4546646c-3ca5-4da6-9c60-312a897a6907 - Yogurt
2024-06-20 21:57:35,031 - INFO - Courier: 85 dispatched for Order: 44e6ea89-f11c-414d-aa72-7c10641eff8d
2024-06-20 21:57:35,034 - INFO - Order received: 44e6ea89-f11c-414d-aa72-7c10641eff8d - Fudge Ice Cream Cake, Prep Time: 15s
2024-06-20 21:57:35,435 - INFO - Order prepared: 1b481a3e-84eb-4532-bd29-47f04e3e7adc - Mac & Cheese
2024-06-20 21:57:35,455 - INFO - Order prepared: e6b72c73-fa53-4f2c-a004-0b60ba7b3be9 - Acai Bowl
2024-06-20 21:57:35,534 - INFO - Courier: 86 dispatched for Order: 48465fc7-d534-4b9b-b919-63e5beebd301
2024-06-20 21:57:35,540 - INFO - Order received: 48465fc7-d534-4b9b-b919-63e5beebd301 - Mint Chocolate Ice Cream, Prep Time: 10s
2024-06-20 21:57:35,999 - INFO - Order prepared: 848dfc63-eab6-48b7-a2db-04d13190ce8c - Beef Stew
2024-06-20 21:57:36,037 - INFO - Courier: 87 dispatched for Order: fb850bd3-728f-4118-a097-2bcf3a12c239
2024-06-20 21:57:36,045 - INFO - Order received: fb850bd3-728f-4118-a097-2bcf3a12c239 - Vegan Pizza, Prep Time: 8s
2024-06-20 21:57:36,466 - INFO - Order prepared: 8ea031b3-6545-4140-9dee-745268d7b877 - Chocolate Gelato
2024-06-20 21:57:36,543 - INFO - Courier: 88 dispatched for Order: 8d6a4d1a-ca56-4567-b3aa-a1e3d20f8017
2024-06-20 21:57:36,550 - INFO - Order received: 8d6a4d1a-ca56-4567-b3aa-a1e3d20f8017 - Orange Chicken, Prep Time: 6s
2024-06-20 21:57:37,050 - INFO - Courier: 89 dispatched for Order: 68e83bf6-bdee-4192-8905-40140b421bc6
2024-06-20 21:57:37,051 - INFO - Order received: 68e83bf6-bdee-4192-8905-40140b421bc6 - MeatLoaf, Prep Time: 10s
2024-06-20 21:57:37,057 - INFO - Courier (Matched): 70 arrived for Order: 8ea031b3-6545-4140-9dee-745268d7b877
2024-06-20 21:57:37,057 - INFO - Order picked up: 8ea031b3-6545-4140-9dee-745268d7b877 by Courier: 70
2024-06-20 21:57:37,057 - INFO - Food wait time: 590.6760692596436 ms
2024-06-20 21:57:37,057 - INFO - Courier wait time: 0.4258155822753906 ms
2024-06-20 21:57:37,155 - INFO - Courier (Matched): 67 arrived for Order: 3b9da9f3-2465-4fbc-84c5-5ecb9bd132b1
2024-06-20 21:57:37,156 - INFO - Courier: 67 waiting for Order: 3b9da9f3-2465-4fbc-84c5-5ecb9bd132b1
2024-06-20 21:57:37,552 - INFO - Order received: 0d74c9f0-4fd5-4606-a1dc-019d9ab52af6 - Milk, Prep Time: 15s
2024-06-20 21:57:37,555 - INFO - Courier: 90 dispatched for Order: 0d74c9f0-4fd5-4606-a1dc-019d9ab52af6
2024-06-20 21:57:37,683 - INFO - Courier (Matched): 83 arrived for Order: 62e667ee-a86d-4be2-97f6-a6af60183e88
2024-06-20 21:57:37,684 - INFO - Courier: 83 waiting for Order: 62e667ee-a86d-4be2-97f6-a6af60183e88
2024-06-20 21:57:37,750 - INFO - Courier (Matched): 66 arrived for Order: 160ccc3a-af83-43e0-af0b-6a889aea7339
2024-06-20 21:57:37,750 - INFO - Order picked up: 160ccc3a-af83-43e0-af0b-6a889aea7339 by Courier: 66
2024-06-20 21:57:37,751 - INFO - Food wait time: 3302.9661178588867 ms
2024-06-20 21:57:37,751 - INFO - Courier wait time: 0.28514862060546875 ms
2024-06-20 21:57:38,057 - INFO - Courier: 91 dispatched for Order: 1b9a920d-2880-44a3-abba-20903f2690d6
2024-06-20 21:57:38,058 - INFO - Order received: 1b9a920d-2880-44a3-abba-20903f2690d6 - Pastrami Sandwich, Prep Time: 3s
2024-06-20 21:57:38,367 - INFO - Courier (Matched): 64 arrived for Order: 7bdf9af2-d90e-44e2-9c6c-1ff7b5121133
2024-06-20 21:57:38,367 - INFO - Order picked up: 7bdf9af2-d90e-44e2-9c6c-1ff7b5121133 by Courier: 64
2024-06-20 21:57:38,367 - INFO - Food wait time: 6926.399946212769 ms
2024-06-20 21:57:38,367 - INFO - Courier wait time: 0.32019615173339844 ms
2024-06-20 21:57:38,499 - INFO - Order prepared: e65ef8c8-d9e2-47cf-a6e2-ac976bcfdb9d - Chunky Monkey
2024-06-20 21:57:38,560 - INFO - Courier: 92 dispatched for Order: c5ec5a4b-818e-4478-8956-019259be4168
2024-06-20 21:57:38,561 - INFO - Order received: c5ec5a4b-818e-4478-8956-019259be4168 - Arugula, Prep Time: 13s
2024-06-20 21:57:38,572 - INFO - Courier (Matched): 84 arrived for Order: df4e3e19-55d2-4131-8ab0-3563b44f8291
2024-06-20 21:57:38,573 - INFO - Courier: 84 waiting for Order: df4e3e19-55d2-4131-8ab0-3563b44f8291
2024-06-20 21:57:38,640 - INFO - Courier (Matched): 79 arrived for Order: df726ab4-a999-46b5-8e31-4a1bd523fcb9
2024-06-20 21:57:38,640 - INFO - Courier: 79 waiting for Order: df726ab4-a999-46b5-8e31-4a1bd523fcb9
2024-06-20 21:57:38,959 - INFO - Order prepared: 3b9da9f3-2465-4fbc-84c5-5ecb9bd132b1 - McFlury
2024-06-20 21:57:39,065 - INFO - Order received: 4c25f887-03cc-4dcd-9945-6a8102c5ef22 - Pickles, Prep Time: 13s
2024-06-20 21:57:39,065 - INFO - Courier: 93 dispatched for Order: 4c25f887-03cc-4dcd-9945-6a8102c5ef22
2024-06-20 21:57:39,405 - INFO - Courier (Matched): 65 arrived for Order: 4b5793f3-2af5-4ac3-816a-7f9c6f91483c
2024-06-20 21:57:39,405 - INFO - Order picked up: 4b5793f3-2af5-4ac3-816a-7f9c6f91483c by Courier: 65
2024-06-20 21:57:39,405 - INFO - Food wait time: 6461.700916290283 ms
2024-06-20 21:57:39,406 - INFO - Courier wait time: 0.3261566162109375 ms
2024-06-20 21:57:39,569 - INFO - Courier: 94 dispatched for Order: 7f2381be-5ab9-4385-a7a2-4a940a22e134
2024-06-20 21:57:39,571 - INFO - Order received: 7f2381be-5ab9-4385-a7a2-4a940a22e134 - Chicken, Prep Time: 14s
2024-06-20 21:57:39,967 - INFO - Courier (Matched): 69 arrived for Order: 4546646c-3ca5-4da6-9c60-312a897a6907
2024-06-20 21:57:39,969 - INFO - Order picked up: 4546646c-3ca5-4da6-9c60-312a897a6907 by Courier: 69
2024-06-20 21:57:39,969 - INFO - Food wait time: 5007.154941558838 ms
2024-06-20 21:57:39,969 - INFO - Courier wait time: 1.4829635620117188 ms
2024-06-20 21:57:39,991 - INFO - Order prepared: 46a4e47d-ccc1-4c88-a006-83930521899c - Pad See Ew
2024-06-20 21:57:40,009 - INFO - Courier (Matched): 86 arrived for Order: 48465fc7-d534-4b9b-b919-63e5beebd301
2024-06-20 21:57:40,009 - INFO - Courier: 86 waiting for Order: 48465fc7-d534-4b9b-b919-63e5beebd301
2024-06-20 21:57:40,031 - INFO - Order prepared: 62e667ee-a86d-4be2-97f6-a6af60183e88 - Fresh Fruit
2024-06-20 21:57:40,074 - INFO - Courier: 95 dispatched for Order: 75bef98f-89ba-4359-b738-b3184688ca7a
2024-06-20 21:57:40,076 - INFO - Order received: 75bef98f-89ba-4359-b738-b3184688ca7a - Cookie Dough, Prep Time: 12s
2024-06-20 21:57:40,507 - INFO - Order prepared: 42951124-c574-45a0-bddf-25e702c65914 - Cheese
2024-06-20 21:57:40,580 - INFO - Courier: 96 dispatched for Order: 60db864b-8270-43ef-9d91-985707390765
2024-06-20 21:57:40,581 - INFO - Order received: 60db864b-8270-43ef-9d91-985707390765 - Hamburger, Prep Time: 13s
2024-06-20 21:57:40,980 - INFO - Order prepared: 2c772706-189c-4ec4-80ad-06ea17f21f11 - Coke
2024-06-20 21:57:41,060 - INFO - Order prepared: 1b9a920d-2880-44a3-abba-20903f2690d6 - Pastrami Sandwich
2024-06-20 21:57:41,086 - INFO - Courier: 97 dispatched for Order: 22f532ca-dfc8-448a-9e04-7dcfa01a175e
2024-06-20 21:57:41,087 - INFO - Order received: 22f532ca-dfc8-448a-9e04-7dcfa01a175e - French Fries, Prep Time: 9s
2024-06-20 21:57:41,254 - INFO - Courier (Matched): 77 arrived for Order: 848dfc63-eab6-48b7-a2db-04d13190ce8c
2024-06-20 21:57:41,255 - INFO - Order picked up: 848dfc63-eab6-48b7-a2db-04d13190ce8c by Courier: 77
2024-06-20 21:57:41,255 - INFO - Food wait time: 5255.476951599121 ms
2024-06-20 21:57:41,255 - INFO - Courier wait time: 0.3159046173095703 ms
2024-06-20 21:57:41,590 - INFO - Order received: a0d76390-3e71-440e-a742-20c36a67fa9a - Ice, Prep Time: 10s
2024-06-20 21:57:41,599 - INFO - Courier: 98 dispatched for Order: a0d76390-3e71-440e-a742-20c36a67fa9a
2024-06-20 21:57:42,083 - INFO - Courier (Matched): 74 arrived for Order: a0023411-c19d-4723-b6d1-6b8c8ff1b417
2024-06-20 21:57:42,083 - INFO - Courier: 74 waiting for Order: a0023411-c19d-4723-b6d1-6b8c8ff1b417
2024-06-20 21:57:42,158 - INFO - Courier: 99 dispatched for Order: 020ad68f-da34-4eca-ae7e-3b67e80a299c
2024-06-20 21:57:42,159 - INFO - Order received: 020ad68f-da34-4eca-ae7e-3b67e80a299c - Carne Asada, Prep Time: 8s
2024-06-20 21:57:42,492 - INFO - Courier (Matched): 82 arrived for Order: 4ed428d6-f247-451a-aebf-c5157b2eb502
2024-06-20 21:57:42,492 - INFO - Courier: 82 waiting for Order: 4ed428d6-f247-451a-aebf-c5157b2eb502
2024-06-20 21:57:42,512 - INFO - Courier (Matched): 89 arrived for Order: 68e83bf6-bdee-4192-8905-40140b421bc6
2024-06-20 21:57:42,512 - INFO - Courier: 89 waiting for Order: 68e83bf6-bdee-4192-8905-40140b421bc6
2024-06-20 21:57:42,553 - INFO - Order prepared: 8d6a4d1a-ca56-4567-b3aa-a1e3d20f8017 - Orange Chicken
2024-06-20 21:57:42,661 - INFO - Courier: 100 dispatched for Order: 2aab593e-1d1d-4a65-a582-2999f80c3dee
2024-06-20 21:57:42,664 - INFO - Order received: 2aab593e-1d1d-4a65-a582-2999f80c3dee - Sherbet, Prep Time: 3s
2024-06-20 21:57:42,761 - INFO - Courier (Matched): 80 arrived for Order: 5bb755b9-e6a8-4932-9139-bc04fafbc240
2024-06-20 21:57:42,761 - INFO - Courier: 80 waiting for Order: 5bb755b9-e6a8-4932-9139-bc04fafbc240
2024-06-20 21:57:43,017 - INFO - Order prepared: 58dbdb26-670c-4dac-b72c-21152f5d62e7 - Pork Chop
2024-06-20 21:57:43,165 - INFO - Courier: 101 dispatched for Order: 3447acdb-475a-400c-91e0-9724d2043e27
2024-06-20 21:57:43,166 - INFO - Order received: 3447acdb-475a-400c-91e0-9724d2043e27 - Orange Sorbet, Prep Time: 14s
2024-06-20 21:57:43,531 - INFO - Order prepared: df4e3e19-55d2-4131-8ab0-3563b44f8291 - Cranberry Salad
2024-06-20 21:57:43,672 - INFO - Courier: 102 dispatched for Order: f6e68da8-9909-431e-bf1b-88367677a03e
2024-06-20 21:57:43,674 - INFO - Order received: f6e68da8-9909-431e-bf1b-88367677a03e - Frosty, Prep Time: 10s
2024-06-20 21:57:43,774 - INFO - Courier (Matched): 92 arrived for Order: c5ec5a4b-818e-4478-8956-019259be4168
2024-06-20 21:57:43,775 - INFO - Courier: 92 waiting for Order: c5ec5a4b-818e-4478-8956-019259be4168
2024-06-20 21:57:43,792 - INFO - Courier (Matched): 93 arrived for Order: 4c25f887-03cc-4dcd-9945-6a8102c5ef22
2024-06-20 21:57:43,794 - INFO - Courier: 93 waiting for Order: 4c25f887-03cc-4dcd-9945-6a8102c5ef22
2024-06-20 21:57:43,906 - INFO - Courier (Matched): 90 arrived for Order: 0d74c9f0-4fd5-4606-a1dc-019d9ab52af6
2024-06-20 21:57:43,907 - INFO - Courier: 90 waiting for Order: 0d74c9f0-4fd5-4606-a1dc-019d9ab52af6
2024-06-20 21:57:44,069 - INFO - Order prepared: fb850bd3-728f-4118-a097-2bcf3a12c239 - Vegan Pizza
2024-06-20 21:57:44,180 - INFO - Courier: 103 dispatched for Order: bcd22756-b3ac-473b-93fa-a19cf941bc40
2024-06-20 21:57:44,180 - INFO - Order received: bcd22756-b3ac-473b-93fa-a19cf941bc40 - Fresh Bread, Prep Time: 5s
2024-06-20 21:57:44,256 - INFO - Courier (Matched): 78 arrived for Order: 42951124-c574-45a0-bddf-25e702c65914
2024-06-20 21:57:44,256 - INFO - Order picked up: 42951124-c574-45a0-bddf-25e702c65914 by Courier: 78
2024-06-20 21:57:44,256 - INFO - Food wait time: 3749.5553493499756 ms
2024-06-20 21:57:44,257 - INFO - Courier wait time: 0.3027915954589844 ms
2024-06-20 21:57:44,487 - INFO - Order prepared: a0023411-c19d-4723-b6d1-6b8c8ff1b417 - Snow Cone
2024-06-20 21:57:44,570 - INFO - Courier (Matched): 76 arrived for Order: e65ef8c8-d9e2-47cf-a6e2-ac976bcfdb9d
2024-06-20 21:57:44,571 - INFO - Order picked up: e65ef8c8-d9e2-47cf-a6e2-ac976bcfdb9d by Courier: 76
2024-06-20 21:57:44,571 - INFO - Food wait time: 6070.981979370117 ms
2024-06-20 21:57:44,571 - INFO - Courier wait time: 0.6618499755859375 ms
2024-06-20 21:57:44,683 - INFO - Order received: 506a5c01-b06b-4af8-a1f2-913f9ae01078 - Burrito, Prep Time: 9s
2024-06-20 21:57:44,685 - INFO - Courier: 104 dispatched for Order: 506a5c01-b06b-4af8-a1f2-913f9ae01078
2024-06-20 21:57:44,835 - INFO - Courier (Matched): 75 arrived for Order: 46a4e47d-ccc1-4c88-a006-83930521899c
2024-06-20 21:57:44,835 - INFO - Order picked up: 46a4e47d-ccc1-4c88-a006-83930521899c by Courier: 75
2024-06-20 21:57:44,835 - INFO - Food wait time: 4844.401121139526 ms
2024-06-20 21:57:44,835 - INFO - Courier wait time: 0.24199485778808594 ms
2024-06-20 21:57:45,188 - INFO - Order received: 10ea72c1-b538-4eb8-b260-f58775481a0b - Icy, Prep Time: 9s
2024-06-20 21:57:45,189 - INFO - Courier: 105 dispatched for Order: 10ea72c1-b538-4eb8-b260-f58775481a0b
2024-06-20 21:57:45,517 - INFO - Order prepared: 5bb755b9-e6a8-4932-9139-bc04fafbc240 - Beef Hash
2024-06-20 21:57:45,545 - INFO - Order prepared: 48465fc7-d534-4b9b-b919-63e5beebd301 - Mint Chocolate Ice Cream
2024-06-20 21:57:45,665 - INFO - Order prepared: 2aab593e-1d1d-4a65-a582-2999f80c3dee - Sherbet
2024-06-20 21:57:45,694 - INFO - Order received: 5e9cb832-6a0a-49fa-8799-8d744b499fce - Push Pop, Prep Time: 7s
2024-06-20 21:57:45,695 - INFO - Courier: 106 dispatched for Order: 5e9cb832-6a0a-49fa-8799-8d744b499fce
2024-06-20 21:57:45,716 - INFO - Courier (Matched): 81 arrived for Order: 58dbdb26-670c-4dac-b72c-21152f5d62e7
2024-06-20 21:57:45,716 - INFO - Order picked up: 58dbdb26-670c-4dac-b72c-21152f5d62e7 by Courier: 81
2024-06-20 21:57:45,716 - INFO - Food wait time: 2698.668956756592 ms
2024-06-20 21:57:45,717 - INFO - Courier wait time: 0.32401084899902344 ms
2024-06-20 21:57:45,832 - INFO - Courier (Matched): 94 arrived for Order: 7f2381be-5ab9-4385-a7a2-4a940a22e134
2024-06-20 21:57:45,832 - INFO - Courier: 94 waiting for Order: 7f2381be-5ab9-4385-a7a2-4a940a22e134
2024-06-20 21:57:45,934 - INFO - Courier (Matched): 98 arrived for Order: a0d76390-3e71-440e-a742-20c36a67fa9a
2024-06-20 21:57:45,934 - INFO - Courier: 98 waiting for Order: a0d76390-3e71-440e-a742-20c36a67fa9a
2024-06-20 21:57:46,199 - INFO - Courier: 107 dispatched for Order: a7d778ff-9711-4d3c-b370-6052965f64c0
2024-06-20 21:57:46,200 - INFO - Order received: a7d778ff-9711-4d3c-b370-6052965f64c0 - Pasta, Prep Time: 7s
2024-06-20 21:57:46,287 - INFO - Courier (Matched): 88 arrived for Order: 8d6a4d1a-ca56-4567-b3aa-a1e3d20f8017
2024-06-20 21:57:46,287 - INFO - Order picked up: 8d6a4d1a-ca56-4567-b3aa-a1e3d20f8017 by Courier: 88
2024-06-20 21:57:46,287 - INFO - Food wait time: 3733.475923538208 ms
2024-06-20 21:57:46,287 - INFO - Courier wait time: 0.4172325134277344 ms
2024-06-20 21:57:46,703 - INFO - Courier: 108 dispatched for Order: 40990373-5eac-4e15-9634-450886fe3374
2024-06-20 21:57:46,706 - INFO - Order received: 40990373-5eac-4e15-9634-450886fe3374 - Chicken Nuggets, Prep Time: 10s
2024-06-20 21:57:47,013 - INFO - Order prepared: df726ab4-a999-46b5-8e31-4a1bd523fcb9 - Spinach Omelet
2024-06-20 21:57:47,054 - INFO - Order prepared: 68e83bf6-bdee-4192-8905-40140b421bc6 - MeatLoaf
2024-06-20 21:57:47,139 - INFO - Courier (Matched): 91 arrived for Order: 1b9a920d-2880-44a3-abba-20903f2690d6
2024-06-20 21:57:47,139 - INFO - Order picked up: 1b9a920d-2880-44a3-abba-20903f2690d6 by Courier: 91
2024-06-20 21:57:47,139 - INFO - Food wait time: 6078.391075134277 ms
2024-06-20 21:57:47,139 - INFO - Courier wait time: 0.45490264892578125 ms
2024-06-20 21:57:47,176 - INFO - Courier (Matched): 87 arrived for Order: fb850bd3-728f-4118-a097-2bcf3a12c239
2024-06-20 21:57:47,176 - INFO - Order picked up: fb850bd3-728f-4118-a097-2bcf3a12c239 by Courier: 87
2024-06-20 21:57:47,176 - INFO - Food wait time: 3107.3758602142334 ms
2024-06-20 21:57:47,176 - INFO - Courier wait time: 0.32711029052734375 ms
2024-06-20 21:57:47,213 - INFO - Courier: 109 dispatched for Order: 3ea0971e-2478-4545-b814-a857fb294a9d
2024-06-20 21:57:47,213 - INFO - Order received: 3ea0971e-2478-4545-b814-a857fb294a9d - Ice Cream Sandwich, Prep Time: 11s
2024-06-20 21:57:47,527 - INFO - Order prepared: 4ed428d6-f247-451a-aebf-c5157b2eb502 - Kale Salad
2024-06-20 21:57:47,717 - INFO - Order received: 33bcf189-ba71-48ab-a2d5-75c18d180269 - Taco, Prep Time: 10s
2024-06-20 21:57:47,717 - INFO - Courier: 110 dispatched for Order: 33bcf189-ba71-48ab-a2d5-75c18d180269
2024-06-20 21:57:47,842 - INFO - Courier (Matched): 99 arrived for Order: 020ad68f-da34-4eca-ae7e-3b67e80a299c
2024-06-20 21:57:47,843 - INFO - Courier: 99 waiting for Order: 020ad68f-da34-4eca-ae7e-3b67e80a299c
2024-06-20 21:57:48,222 - INFO - Courier: 111 dispatched for Order: 22fc8ae6-74f7-467f-8735-774d579a2ae0
2024-06-20 21:57:48,223 - INFO - Order received: 22fc8ae6-74f7-467f-8735-774d579a2ae0 - Tomato Soup, Prep Time: 8s
2024-06-20 21:57:48,610 - INFO - Courier (Matched): 85 arrived for Order: 44e6ea89-f11c-414d-aa72-7c10641eff8d
2024-06-20 21:57:48,611 - INFO - Courier: 85 waiting for Order: 44e6ea89-f11c-414d-aa72-7c10641eff8d
2024-06-20 21:57:48,725 - INFO - Order received: 19de820c-4691-420c-ad67-95ec7f5abc2d - Vanilla Ice Cream, Prep Time: 3s
2024-06-20 21:57:48,728 - INFO - Courier: 112 dispatched for Order: 19de820c-4691-420c-ad67-95ec7f5abc2d
2024-06-20 21:57:49,186 - INFO - Order prepared: bcd22756-b3ac-473b-93fa-a19cf941bc40 - Fresh Bread
2024-06-20 21:57:49,186 - INFO - Courier (Matched): 97 arrived for Order: 22f532ca-dfc8-448a-9e04-7dcfa01a175e
2024-06-20 21:57:49,186 - INFO - Courier: 97 waiting for Order: 22f532ca-dfc8-448a-9e04-7dcfa01a175e
2024-06-20 21:57:49,231 - INFO - Order received: 3b62609c-38f2-499e-a9b1-c3604dad425d - Poppers, Prep Time: 5s
2024-06-20 21:57:49,233 - INFO - Courier: 113 dispatched for Order: 3b62609c-38f2-499e-a9b1-c3604dad425d
2024-06-20 21:57:49,737 - INFO - Order received: df79a7e4-d3f9-450c-b2e3-316fb462db29 - Popsicle, Prep Time: 5s
2024-06-20 21:57:49,737 - INFO - Courier: 114 dispatched for Order: df79a7e4-d3f9-450c-b2e3-316fb462db29
2024-06-20 21:57:50,040 - INFO - Order prepared: 44e6ea89-f11c-414d-aa72-7c10641eff8d - Fudge Ice Cream Cake
2024-06-20 21:57:50,089 - INFO - Order prepared: 22f532ca-dfc8-448a-9e04-7dcfa01a175e - French Fries
2024-06-20 21:57:50,165 - INFO - Order prepared: 020ad68f-da34-4eca-ae7e-3b67e80a299c - Carne Asada
2024-06-20 21:57:50,243 - INFO - Order received: d5fbbee2-09a7-459e-9621-33a66cdbf3ab - Strawberries, Prep Time: 10s
2024-06-20 21:57:50,243 - INFO - Courier: 115 dispatched for Order: d5fbbee2-09a7-459e-9621-33a66cdbf3ab
2024-06-20 21:57:50,748 - INFO - Order received: 69ad8b1c-3218-4c41-aa42-5aca43ca4173 - Brown Rice, Prep Time: 14s
2024-06-20 21:57:50,749 - INFO - Courier: 116 dispatched for Order: 69ad8b1c-3218-4c41-aa42-5aca43ca4173
2024-06-20 21:57:51,253 - INFO - Courier: 117 dispatched for Order: 68037649-56cd-4f0f-90fd-6e6ccbf61b37
2024-06-20 21:57:51,254 - INFO - Order received: 68037649-56cd-4f0f-90fd-6e6ccbf61b37 - Cheese Pizza, Prep Time: 13s
2024-06-20 21:57:51,566 - INFO - Order prepared: c5ec5a4b-818e-4478-8956-019259be4168 - Arugula
2024-06-20 21:57:51,593 - INFO - Courier (Matched): 96 arrived for Order: 60db864b-8270-43ef-9d91-985707390765
2024-06-20 21:57:51,593 - INFO - Courier: 96 waiting for Order: 60db864b-8270-43ef-9d91-985707390765
2024-06-20 21:57:51,600 - INFO - Order prepared: a0d76390-3e71-440e-a742-20c36a67fa9a - Ice
2024-06-20 21:57:51,731 - INFO - Order prepared: 19de820c-4691-420c-ad67-95ec7f5abc2d - Vanilla Ice Cream
2024-06-20 21:57:51,759 - INFO - Order received: 5bd1e697-10b2-48cf-83c4-033eea97bfb2 - Pressed Juice, Prep Time: 13s
2024-06-20 21:57:51,759 - INFO - Courier: 118 dispatched for Order: 5bd1e697-10b2-48cf-83c4-033eea97bfb2
2024-06-20 21:57:52,070 - INFO - Order prepared: 4c25f887-03cc-4dcd-9945-6a8102c5ef22 - Pickles
2024-06-20 21:57:52,081 - INFO - Order prepared: 75bef98f-89ba-4359-b738-b3184688ca7a - Cookie Dough
2024-06-20 21:57:52,263 - INFO - Courier: 119 dispatched for Order: 228ec414-19ca-41e4-8d6c-bd2b0662bfa3
2024-06-20 21:57:52,264 - INFO - Order received: 228ec414-19ca-41e4-8d6c-bd2b0662bfa3 - Coconut, Prep Time: 13s
2024-06-20 21:57:52,286 - INFO - Courier (Matched): 109 arrived for Order: 3ea0971e-2478-4545-b814-a857fb294a9d
2024-06-20 21:57:52,286 - INFO - Courier: 109 waiting for Order: 3ea0971e-2478-4545-b814-a857fb294a9d
2024-06-20 21:57:52,554 - INFO - Order prepared: 0d74c9f0-4fd5-4606-a1dc-019d9ab52af6 - Milk
2024-06-20 21:57:52,697 - INFO - Order prepared: 5e9cb832-6a0a-49fa-8799-8d744b499fce - Push Pop
2024-06-20 21:57:52,769 - INFO - Courier: 120 dispatched for Order: b1315bfb-4528-4ae2-b6ed-adb03a25b94a
2024-06-20 21:57:52,769 - INFO - Order received: b1315bfb-4528-4ae2-b6ed-adb03a25b94a - Onion Rings, Prep Time: 6s
2024-06-20 21:57:52,938 - INFO - Courier (Matched): 106 arrived for Order: 5e9cb832-6a0a-49fa-8799-8d744b499fce
2024-06-20 21:57:52,938 - INFO - Order picked up: 5e9cb832-6a0a-49fa-8799-8d744b499fce by Courier: 106
2024-06-20 21:57:52,938 - INFO - Food wait time: 240.83518981933594 ms
2024-06-20 21:57:52,939 - INFO - Courier wait time: 0.5979537963867188 ms
2024-06-20 21:57:53,205 - INFO - Order prepared: a7d778ff-9711-4d3c-b370-6052965f64c0 - Pasta
2024-06-20 21:57:53,277 - INFO - Courier: 121 dispatched for Order: eafcb22b-0f68-4773-80ba-f163b191578f
2024-06-20 21:57:53,278 - INFO - Order received: eafcb22b-0f68-4773-80ba-f163b191578f - Fish Tacos, Prep Time: 13s
2024-06-20 21:57:53,449 - INFO - Courier (Matched): 95 arrived for Order: 75bef98f-89ba-4359-b738-b3184688ca7a
2024-06-20 21:57:53,450 - INFO - Order picked up: 75bef98f-89ba-4359-b738-b3184688ca7a by Courier: 95
2024-06-20 21:57:53,450 - INFO - Food wait time: 1367.7711486816406 ms
2024-06-20 21:57:53,450 - INFO - Courier wait time: 0.7250308990478516 ms
2024-06-20 21:57:53,492 - INFO - Courier (Matched): 100 arrived for Order: 2aab593e-1d1d-4a65-a582-2999f80c3dee
2024-06-20 21:57:53,492 - INFO - Order picked up: 2aab593e-1d1d-4a65-a582-2999f80c3dee by Courier: 100
2024-06-20 21:57:53,492 - INFO - Food wait time: 7827.230930328369 ms
2024-06-20 21:57:53,492 - INFO - Courier wait time: 0.3771781921386719 ms
2024-06-20 21:57:53,572 - INFO - Order prepared: 7f2381be-5ab9-4385-a7a2-4a940a22e134 - Chicken
2024-06-20 21:57:53,583 - INFO - Order prepared: 60db864b-8270-43ef-9d91-985707390765 - Hamburger
2024-06-20 21:57:53,666 - INFO - Courier (Matched): 105 arrived for Order: 10ea72c1-b538-4eb8-b260-f58775481a0b
2024-06-20 21:57:53,667 - INFO - Courier: 105 waiting for Order: 10ea72c1-b538-4eb8-b260-f58775481a0b
2024-06-20 21:57:53,679 - INFO - Order prepared: f6e68da8-9909-431e-bf1b-88367677a03e - Frosty
2024-06-20 21:57:53,688 - INFO - Order prepared: 506a5c01-b06b-4af8-a1f2-913f9ae01078 - Burrito
2024-06-20 21:57:53,692 - INFO - Courier (Matched): 114 arrived for Order: df79a7e4-d3f9-450c-b2e3-316fb462db29
2024-06-20 21:57:53,692 - INFO - Courier: 114 waiting for Order: df79a7e4-d3f9-450c-b2e3-316fb462db29
2024-06-20 21:57:53,784 - INFO - Courier: 122 dispatched for Order: b25914fa-c5b0-4aa6-a0f5-fcc76203bba5
2024-06-20 21:57:53,785 - INFO - Order received: b25914fa-c5b0-4aa6-a0f5-fcc76203bba5 - Pot Stickers, Prep Time: 11s
2024-06-20 21:57:54,136 - INFO - Courier (Matched): 104 arrived for Order: 506a5c01-b06b-4af8-a1f2-913f9ae01078
2024-06-20 21:57:54,137 - INFO - Order picked up: 506a5c01-b06b-4af8-a1f2-913f9ae01078 by Courier: 104
2024-06-20 21:57:54,137 - INFO - Food wait time: 448.1492042541504 ms
2024-06-20 21:57:54,137 - INFO - Courier wait time: 0.6759166717529297 ms
2024-06-20 21:57:54,194 - INFO - Order prepared: 10ea72c1-b538-4eb8-b260-f58775481a0b - Icy
2024-06-20 21:57:54,237 - INFO - Order prepared: 3b62609c-38f2-499e-a9b1-c3604dad425d - Poppers
2024-06-20 21:57:54,287 - INFO - Courier: 123 dispatched for Order: 03267ca9-47fd-4d16-bba7-a650cc7660b6
2024-06-20 21:57:54,290 - INFO - Order received: 03267ca9-47fd-4d16-bba7-a650cc7660b6 - Kombucha, Prep Time: 4s
2024-06-20 21:57:54,495 - INFO - Courier (Matched): 113 arrived for Order: 3b62609c-38f2-499e-a9b1-c3604dad425d
2024-06-20 21:57:54,496 - INFO - Order picked up: 3b62609c-38f2-499e-a9b1-c3604dad425d by Courier: 113
2024-06-20 21:57:54,496 - INFO - Food wait time: 258.55183601379395 ms
2024-06-20 21:57:54,496 - INFO - Courier wait time: 0.6961822509765625 ms
2024-06-20 21:57:54,743 - INFO - Order prepared: df79a7e4-d3f9-450c-b2e3-316fb462db29 - Popsicle
2024-06-20 21:57:54,793 - INFO - Courier: 124 dispatched for Order: 9012736d-777b-4f5b-a12d-982e302fefa1
2024-06-20 21:57:54,795 - INFO - Order received: 9012736d-777b-4f5b-a12d-982e302fefa1 - Mixed Greens, Prep Time: 3s
2024-06-20 21:57:55,295 - INFO - Courier: 125 dispatched for Order: f21bf58b-e23b-491f-a285-d70cb21cc36f
2024-06-20 21:57:55,300 - INFO - Order received: f21bf58b-e23b-491f-a285-d70cb21cc36f - Sushi, Prep Time: 3s
2024-06-20 21:57:55,549 - INFO - Courier (Matched): 118 arrived for Order: 5bd1e697-10b2-48cf-83c4-033eea97bfb2
2024-06-20 21:57:55,549 - INFO - Courier: 118 waiting for Order: 5bd1e697-10b2-48cf-83c4-033eea97bfb2
2024-06-20 21:57:55,801 - INFO - Courier: 126 dispatched for Order: 057bc043-5f22-4169-9711-c6e2488b35f7
2024-06-20 21:57:55,803 - INFO - Order received: 057bc043-5f22-4169-9711-c6e2488b35f7 - Apples, Prep Time: 12s
2024-06-20 21:57:56,182 - INFO - Courier (Matched): 101 arrived for Order: 3447acdb-475a-400c-91e0-9724d2043e27
2024-06-20 21:57:56,183 - INFO - Courier: 101 waiting for Order: 3447acdb-475a-400c-91e0-9724d2043e27
2024-06-20 21:57:56,224 - INFO - Order prepared: 22fc8ae6-74f7-467f-8735-774d579a2ae0 - Tomato Soup
2024-06-20 21:57:56,306 - INFO - Courier: 127 dispatched for Order: 7f682ade-8375-4ef4-aa9b-45440f361268
2024-06-20 21:57:56,306 - INFO - Order received: 7f682ade-8375-4ef4-aa9b-45440f361268 - Kebab, Prep Time: 6s
2024-06-20 21:57:56,592 - INFO - Courier (Matched): 110 arrived for Order: 33bcf189-ba71-48ab-a2d5-75c18d180269
2024-06-20 21:57:56,592 - INFO - Courier: 110 waiting for Order: 33bcf189-ba71-48ab-a2d5-75c18d180269
2024-06-20 21:57:56,617 - INFO - Courier (Matched): 107 arrived for Order: a7d778ff-9711-4d3c-b370-6052965f64c0
2024-06-20 21:57:56,617 - INFO - Order picked up: a7d778ff-9711-4d3c-b370-6052965f64c0 by Courier: 107
2024-06-20 21:57:56,617 - INFO - Food wait time: 3411.663770675659 ms
2024-06-20 21:57:56,618 - INFO - Courier wait time: 0.29730796813964844 ms
2024-06-20 21:57:56,711 - INFO - Order prepared: 40990373-5eac-4e15-9634-450886fe3374 - Chicken Nuggets
2024-06-20 21:57:56,808 - INFO - Order received: 0d841704-92a0-44e1-aaf8-02a8ee920775 - Mac & Cheese, Prep Time: 4s
2024-06-20 21:57:56,808 - INFO - Courier: 128 dispatched for Order: 0d841704-92a0-44e1-aaf8-02a8ee920775
2024-06-20 21:57:57,172 - INFO - Order prepared: 3447acdb-475a-400c-91e0-9724d2043e27 - Orange Sorbet
2024-06-20 21:57:57,237 - INFO - Courier (Matched): 119 arrived for Order: 228ec414-19ca-41e4-8d6c-bd2b0662bfa3
2024-06-20 21:57:57,238 - INFO - Courier: 119 waiting for Order: 228ec414-19ca-41e4-8d6c-bd2b0662bfa3
2024-06-20 21:57:57,293 - INFO - Courier (Matched): 117 arrived for Order: 68037649-56cd-4f0f-90fd-6e6ccbf61b37
2024-06-20 21:57:57,293 - INFO - Courier: 117 waiting for Order: 68037649-56cd-4f0f-90fd-6e6ccbf61b37
2024-06-20 21:57:57,311 - INFO - Order received: 7f89b973-d4fd-4d6e-a279-afc2db6b3304 - Corn Dog, Prep Time: 11s
2024-06-20 21:57:57,314 - INFO - Courier: 129 dispatched for Order: 7f89b973-d4fd-4d6e-a279-afc2db6b3304
2024-06-20 21:57:57,485 - INFO - Courier (Matched): 102 arrived for Order: f6e68da8-9909-431e-bf1b-88367677a03e
2024-06-20 21:57:57,486 - INFO - Order picked up: f6e68da8-9909-431e-bf1b-88367677a03e by Courier: 102
2024-06-20 21:57:57,486 - INFO - Food wait time: 3805.7169914245605 ms
2024-06-20 21:57:57,486 - INFO - Courier wait time: 0.7340908050537109 ms
2024-06-20 21:57:57,722 - INFO - Order prepared: 33bcf189-ba71-48ab-a2d5-75c18d180269 - Taco
2024-06-20 21:57:57,796 - INFO - Order prepared: 9012736d-777b-4f5b-a12d-982e302fefa1 - Mixed Greens
2024-06-20 21:57:57,812 - INFO - Order received: 2a23c77f-3ee3-4a52-8810-93e73df4e887 - Grilled Corn Salad, Prep Time: 7s
2024-06-20 21:57:57,814 - INFO - Courier: 130 dispatched for Order: 2a23c77f-3ee3-4a52-8810-93e73df4e887
2024-06-20 21:57:58,012 - INFO - Courier (Matched): 121 arrived for Order: eafcb22b-0f68-4773-80ba-f163b191578f
2024-06-20 21:57:58,013 - INFO - Courier: 121 waiting for Order: eafcb22b-0f68-4773-80ba-f163b191578f
2024-06-20 21:57:58,218 - INFO - Order prepared: 3ea0971e-2478-4545-b814-a857fb294a9d - Ice Cream Sandwich
2024-06-20 21:57:58,295 - INFO - Order prepared: 03267ca9-47fd-4d16-bba7-a650cc7660b6 - Kombucha
2024-06-20 21:57:58,303 - INFO - Courier (Matched): 103 arrived for Order: bcd22756-b3ac-473b-93fa-a19cf941bc40
2024-06-20 21:57:58,303 - INFO - Order picked up: bcd22756-b3ac-473b-93fa-a19cf941bc40 by Courier: 103
2024-06-20 21:57:58,303 - INFO - Food wait time: 9117.613792419434 ms
2024-06-20 21:57:58,304 - INFO - Courier wait time: 0.2663135528564453 ms
2024-06-20 21:57:58,306 - INFO - Order prepared: f21bf58b-e23b-491f-a285-d70cb21cc36f - Sushi
2024-06-20 21:57:58,313 - INFO - Order received: 4f304b59-6634-4558-a128-a8ce12b1f818 - Pistachio Ice Cream, Prep Time: 3s
2024-06-20 21:57:58,319 - INFO - Courier: 131 dispatched for Order: 4f304b59-6634-4558-a128-a8ce12b1f818
2024-06-20 21:57:58,777 - INFO - Order prepared: b1315bfb-4528-4ae2-b6ed-adb03a25b94a - Onion Rings
2024-06-20 21:57:58,800 - INFO - Courier (Matched): 111 arrived for Order: 22fc8ae6-74f7-467f-8735-774d579a2ae0
2024-06-20 21:57:58,800 - INFO - Order picked up: 22fc8ae6-74f7-467f-8735-774d579a2ae0 by Courier: 111
2024-06-20 21:57:58,800 - INFO - Food wait time: 2575.562000274658 ms
2024-06-20 21:57:58,800 - INFO - Courier wait time: 0.4260540008544922 ms
2024-06-20 21:57:58,985 - INFO - Courier (Matched): 108 arrived for Order: 40990373-5eac-4e15-9634-450886fe3374
2024-06-20 21:57:58,986 - INFO - Order picked up: 40990373-5eac-4e15-9634-450886fe3374 by Courier: 108
2024-06-20 21:57:58,986 - INFO - Food wait time: 2274.1787433624268 ms
2024-06-20 21:57:58,986 - INFO - Courier wait time: 0.7050037384033203 ms
2024-06-20 21:57:59,031 - INFO - Courier (Matched): 116 arrived for Order: 69ad8b1c-3218-4c41-aa42-5aca43ca4173
2024-06-20 21:57:59,032 - INFO - Courier: 116 waiting for Order: 69ad8b1c-3218-4c41-aa42-5aca43ca4173
2024-06-20 21:57:59,124 - INFO - Courier (Matched): 123 arrived for Order: 03267ca9-47fd-4d16-bba7-a650cc7660b6
2024-06-20 21:57:59,124 - INFO - Order picked up: 03267ca9-47fd-4d16-bba7-a650cc7660b6 by Courier: 123
2024-06-20 21:57:59,125 - INFO - Food wait time: 828.721284866333 ms
2024-06-20 21:57:59,125 - INFO - Courier wait time: 0.7507801055908203 ms
2024-06-20 21:57:59,966 - INFO - Courier (Matched): 112 arrived for Order: 19de820c-4691-420c-ad67-95ec7f5abc2d
2024-06-20 21:57:59,966 - INFO - Order picked up: 19de820c-4691-420c-ad67-95ec7f5abc2d by Courier: 112
2024-06-20 21:57:59,967 - INFO - Food wait time: 8235.218048095703 ms
2024-06-20 21:57:59,967 - INFO - Courier wait time: 0.40912628173828125 ms
2024-06-20 21:58:00,244 - INFO - Order prepared: d5fbbee2-09a7-459e-9621-33a66cdbf3ab - Strawberries
2024-06-20 21:58:00,520 - INFO - Courier (Matched): 127 arrived for Order: 7f682ade-8375-4ef4-aa9b-45440f361268
2024-06-20 21:58:00,520 - INFO - Courier: 127 waiting for Order: 7f682ade-8375-4ef4-aa9b-45440f361268
2024-06-20 21:58:00,814 - INFO - Order prepared: 0d841704-92a0-44e1-aaf8-02a8ee920775 - Mac & Cheese
2024-06-20 21:58:01,317 - INFO - Order prepared: 4f304b59-6634-4558-a128-a8ce12b1f818 - Pistachio Ice Cream
2024-06-20 21:58:01,362 - INFO - Courier (Matched): 124 arrived for Order: 9012736d-777b-4f5b-a12d-982e302fefa1
2024-06-20 21:58:01,362 - INFO - Order picked up: 9012736d-777b-4f5b-a12d-982e302fefa1 by Courier: 124
2024-06-20 21:58:01,362 - INFO - Food wait time: 3565.966844558716 ms
2024-06-20 21:58:01,363 - INFO - Courier wait time: 0.5450248718261719 ms
2024-06-20 21:58:02,171 - INFO - Courier (Matched): 130 arrived for Order: 2a23c77f-3ee3-4a52-8810-93e73df4e887
2024-06-20 21:58:02,172 - INFO - Courier: 130 waiting for Order: 2a23c77f-3ee3-4a52-8810-93e73df4e887
2024-06-20 21:58:02,310 - INFO - Order prepared: 7f682ade-8375-4ef4-aa9b-45440f361268 - Kebab
2024-06-20 21:58:03,150 - INFO - Courier (Matched): 122 arrived for Order: b25914fa-c5b0-4aa6-a0f5-fcc76203bba5
2024-06-20 21:58:03,151 - INFO - Courier: 122 waiting for Order: b25914fa-c5b0-4aa6-a0f5-fcc76203bba5
2024-06-20 21:58:03,487 - INFO - Courier (Matched): 120 arrived for Order: b1315bfb-4528-4ae2-b6ed-adb03a25b94a
2024-06-20 21:58:03,487 - INFO - Order picked up: b1315bfb-4528-4ae2-b6ed-adb03a25b94a by Courier: 120
2024-06-20 21:58:03,488 - INFO - Food wait time: 4709.5277309417725 ms
2024-06-20 21:58:03,488 - INFO - Courier wait time: 0.7500648498535156 ms
2024-06-20 21:58:04,259 - INFO - Order prepared: 68037649-56cd-4f0f-90fd-6e6ccbf61b37 - Cheese Pizza
2024-06-20 21:58:04,754 - INFO - Order prepared: 69ad8b1c-3218-4c41-aa42-5aca43ca4173 - Brown Rice
2024-06-20 21:58:04,762 - INFO - Order prepared: 5bd1e697-10b2-48cf-83c4-033eea97bfb2 - Pressed Juice
2024-06-20 21:58:04,790 - INFO - Order prepared: b25914fa-c5b0-4aa6-a0f5-fcc76203bba5 - Pot Stickers
2024-06-20 21:58:04,814 - INFO - Order prepared: 2a23c77f-3ee3-4a52-8810-93e73df4e887 - Grilled Corn Salad
2024-06-20 21:58:05,182 - INFO - Courier (Matched): 115 arrived for Order: d5fbbee2-09a7-459e-9621-33a66cdbf3ab
2024-06-20 21:58:05,183 - INFO - Order picked up: d5fbbee2-09a7-459e-9621-33a66cdbf3ab by Courier: 115
2024-06-20 21:58:05,183 - INFO - Food wait time: 4938.668727874756 ms
2024-06-20 21:58:05,183 - INFO - Courier wait time: 0.6220340728759766 ms
2024-06-20 21:58:05,268 - INFO - Order prepared: 228ec414-19ca-41e4-8d6c-bd2b0662bfa3 - Coconut
2024-06-20 21:58:05,354 - INFO - Courier (Matched): 129 arrived for Order: 7f89b973-d4fd-4d6e-a279-afc2db6b3304
2024-06-20 21:58:05,354 - INFO - Courier: 129 waiting for Order: 7f89b973-d4fd-4d6e-a279-afc2db6b3304
2024-06-20 21:58:06,284 - INFO - Order prepared: eafcb22b-0f68-4773-80ba-f163b191578f - Fish Tacos
2024-06-20 21:58:06,715 - INFO - Courier (Matched): 125 arrived for Order: f21bf58b-e23b-491f-a285-d70cb21cc36f
2024-06-20 21:58:06,716 - INFO - Order picked up: f21bf58b-e23b-491f-a285-d70cb21cc36f by Courier: 125
2024-06-20 21:58:06,716 - INFO - Food wait time: 8409.328699111938 ms
2024-06-20 21:58:06,716 - INFO - Courier wait time: 0.7643699645996094 ms
2024-06-20 21:58:06,915 - INFO - Courier (Matched): 128 arrived for Order: 0d841704-92a0-44e1-aaf8-02a8ee920775
2024-06-20 21:58:06,915 - INFO - Order picked up: 0d841704-92a0-44e1-aaf8-02a8ee920775 by Courier: 128
2024-06-20 21:58:06,915 - INFO - Food wait time: 6100.9228229522705 ms
2024-06-20 21:58:06,916 - INFO - Courier wait time: 0.7650852203369141 ms
2024-06-20 21:58:07,386 - INFO - Courier (Matched): 126 arrived for Order: 057bc043-5f22-4169-9711-c6e2488b35f7
2024-06-20 21:58:07,386 - INFO - Courier: 126 waiting for Order: 057bc043-5f22-4169-9711-c6e2488b35f7
2024-06-20 21:58:07,807 - INFO - Order prepared: 057bc043-5f22-4169-9711-c6e2488b35f7 - Apples
2024-06-20 21:58:08,314 - INFO - Order prepared: 7f89b973-d4fd-4d6e-a279-afc2db6b3304 - Corn Dog
2024-06-20 21:58:12,406 - INFO - Courier (Matched): 131 arrived for Order: 4f304b59-6634-4558-a128-a8ce12b1f818
2024-06-20 21:58:12,406 - INFO - Order picked up: 4f304b59-6634-4558-a128-a8ce12b1f818 by Courier: 131
2024-06-20 21:58:12,406 - INFO - Food wait time: 11088.850975036621 ms
2024-06-20 21:58:12,406 - INFO - Courier wait time: 0.41484832763671875 ms
2024-06-20 21:58:12,406 - INFO - Order picked up: a8cfcb76-7f24-4420-a5ba-d46dd77bdffd by Courier: 0
2024-06-20 21:58:12,406 - INFO - Food wait time: 10.280370712280273 ms
2024-06-20 21:58:12,406 - INFO - Courier wait time: 76249.65810775757 ms
2024-06-20 21:58:12,406 - INFO - Order picked up: 58e9b5fe-3fde-4a27-8e98-682e58a4a65d by Courier: 1
2024-06-20 21:58:12,407 - INFO - Food wait time: 4221.8968868255615 ms
2024-06-20 21:58:12,407 - INFO - Courier wait time: 69957.21077919006 ms
2024-06-20 21:58:12,407 - INFO - Order picked up: 66a2611c-9a93-4ccd-bb85-98f423247bf9 by Courier: 6
2024-06-20 21:58:12,407 - INFO - Food wait time: 3379.502058029175 ms
2024-06-20 21:58:12,407 - INFO - Courier wait time: 69585.26682853699 ms
2024-06-20 21:58:12,407 - INFO - Order picked up: 4cc9d503-4e0e-42a3-b200-87c785468df9 by Courier: 7
2024-06-20 21:58:12,407 - INFO - Food wait time: 3511.915922164917 ms
2024-06-20 21:58:12,407 - INFO - Courier wait time: 67215.3971195221 ms
2024-06-20 21:58:12,407 - INFO - Order picked up: 7a5ea4ed-e378-4354-8ab3-a09cf563f621 by Courier: 10
2024-06-20 21:58:12,407 - INFO - Food wait time: 6540.869951248169 ms
2024-06-20 21:58:12,407 - INFO - Courier wait time: 68725.07977485657 ms
2024-06-20 21:58:12,407 - INFO - Order picked up: 2e7f4153-92cb-43e2-96f4-d77e2f25422b by Courier: 12
2024-06-20 21:58:12,407 - INFO - Food wait time: 3843.1179523468018 ms
2024-06-20 21:58:12,407 - INFO - Courier wait time: 66021.52299880981 ms
2024-06-20 21:58:12,407 - INFO - Order picked up: a9f8f42f-7a58-4629-8b66-1acbf362f3b8 by Courier: 17
2024-06-20 21:58:12,407 - INFO - Food wait time: 254.0290355682373 ms
2024-06-20 21:58:12,407 - INFO - Courier wait time: 56914.860010147095 ms
2024-06-20 21:58:12,407 - INFO - Order picked up: 6d2c9eb3-6ff8-408a-a60d-e60eaa467dae by Courier: 18
2024-06-20 21:58:12,407 - INFO - Food wait time: 586.169958114624 ms
2024-06-20 21:58:12,407 - INFO - Courier wait time: 57740.89503288269 ms
2024-06-20 21:58:12,407 - INFO - Order picked up: c700ab30-d7bd-4e45-aafb-4329876c716c by Courier: 21
2024-06-20 21:58:12,407 - INFO - Food wait time: 3332.8299522399902 ms
2024-06-20 21:58:12,407 - INFO - Courier wait time: 62974.36785697937 ms
2024-06-20 21:58:12,407 - INFO - Order picked up: cf0932a9-533c-4603-bb1e-512c6e697b92 by Courier: 22
2024-06-20 21:58:12,407 - INFO - Food wait time: 5709.383010864258 ms
2024-06-20 21:58:12,407 - INFO - Courier wait time: 59847.7349281311 ms
2024-06-20 21:58:12,407 - INFO - Order picked up: ed05dafe-d928-4f1a-856d-1dab3868acbd by Courier: 23
2024-06-20 21:58:12,407 - INFO - Food wait time: 1053.7710189819336 ms
2024-06-20 21:58:12,408 - INFO - Courier wait time: 62686.299085617065 ms
2024-06-20 21:58:12,408 - INFO - Order picked up: dcafe7ca-f7a7-4262-9b14-ab19729b2055 by Courier: 28
2024-06-20 21:58:12,408 - INFO - Food wait time: 3571.32625579834 ms
2024-06-20 21:58:12,408 - INFO - Courier wait time: 61677.62088775635 ms
2024-06-20 21:58:12,408 - INFO - Order picked up: 614e4f4d-b2f4-4b60-9421-238f61affe20 by Courier: 29
2024-06-20 21:58:12,408 - INFO - Food wait time: 5262.274980545044 ms
2024-06-20 21:58:12,408 - INFO - Courier wait time: 61861.60206794739 ms
2024-06-20 21:58:12,408 - INFO - Order picked up: d2d2d948-f019-4806-bb7e-bb2172bd75d9 by Courier: 30
2024-06-20 21:58:12,408 - INFO - Food wait time: 1415.6899452209473 ms
2024-06-20 21:58:12,408 - INFO - Courier wait time: 60511.94095611572 ms
2024-06-20 21:58:12,408 - INFO - Order picked up: 51c5017b-f812-40ac-8d68-87aab3fbab6a by Courier: 36
2024-06-20 21:58:12,408 - INFO - Food wait time: 1141.2408351898193 ms
2024-06-20 21:58:12,408 - INFO - Courier wait time: 50212.95070648193 ms
2024-06-20 21:58:12,408 - INFO - Order picked up: 9748651e-c3f8-4c4a-9de9-5360467c86a2 by Courier: 37
2024-06-20 21:58:12,408 - INFO - Food wait time: 2834.9649906158447 ms
2024-06-20 21:58:12,408 - INFO - Courier wait time: 54396.85678482056 ms
2024-06-20 21:58:12,408 - INFO - Order picked up: 345cfefe-692e-4866-986e-99a18bedbf24 by Courier: 38
2024-06-20 21:58:12,408 - INFO - Food wait time: 6042.582035064697 ms
2024-06-20 21:58:12,408 - INFO - Courier wait time: 56102.35095024109 ms
2024-06-20 21:58:12,408 - INFO - Order picked up: 87441694-ff97-4d1b-89e3-c4b0b1fd041e by Courier: 39
2024-06-20 21:58:12,408 - INFO - Food wait time: 13.365983963012695 ms
2024-06-20 21:58:12,408 - INFO - Courier wait time: 55567.17395782471 ms
2024-06-20 21:58:12,408 - INFO - Order picked up: 3713d8af-e6a0-4c11-966c-f26786dc602c by Courier: 40
2024-06-20 21:58:12,408 - INFO - Food wait time: 1430.0978183746338 ms
2024-06-20 21:58:12,408 - INFO - Courier wait time: 46481.828927993774 ms
2024-06-20 21:58:12,408 - INFO - Order picked up: 20343dea-8856-4717-9be9-be1b37d4791f by Courier: 41
2024-06-20 21:58:12,408 - INFO - Food wait time: 7440.959930419922 ms
2024-06-20 21:58:12,409 - INFO - Courier wait time: 52985.841035842896 ms
2024-06-20 21:58:12,409 - INFO - Order picked up: a2b13869-6b7e-4e35-8e11-fa9889d24073 by Courier: 46
2024-06-20 21:58:12,409 - INFO - Food wait time: 4322.977066040039 ms
2024-06-20 21:58:12,409 - INFO - Courier wait time: 46344.32506561279 ms
2024-06-20 21:58:12,409 - INFO - Order picked up: 0522c2ec-0242-45e7-8542-f3e98c1384b9 by Courier: 47
2024-06-20 21:58:12,409 - INFO - Food wait time: 2041.356086730957 ms
2024-06-20 21:58:12,409 - INFO - Courier wait time: 50561.90800666809 ms
2024-06-20 21:58:12,409 - INFO - Order picked up: aba0fc48-ec05-422f-aad4-8b8ec4de636d by Courier: 48
2024-06-20 21:58:12,409 - INFO - Food wait time: 3159.876823425293 ms
2024-06-20 21:58:12,409 - INFO - Courier wait time: 46179.24904823303 ms
2024-06-20 21:58:12,409 - INFO - Order picked up: 68515b89-96bf-48b6-a07c-68cf17ca3c25 by Courier: 49
2024-06-20 21:58:12,409 - INFO - Food wait time: 1914.9770736694336 ms
2024-06-20 21:58:12,409 - INFO - Courier wait time: 46430.577993392944 ms
2024-06-20 21:58:12,409 - INFO - Order picked up: caf107cc-e6d6-421c-9991-8bcfcc15d5c5 by Courier: 50
2024-06-20 21:58:12,409 - INFO - Food wait time: 1866.7960166931152 ms
2024-06-20 21:58:12,409 - INFO - Courier wait time: 50876.206159591675 ms
2024-06-20 21:58:12,409 - INFO - Order picked up: 4d308771-a0d6-46e7-8ff1-679ddc1d1aa4 by Courier: 51
2024-06-20 21:58:12,409 - INFO - Food wait time: 581.8338394165039 ms
2024-06-20 21:58:12,409 - INFO - Courier wait time: 45089.57886695862 ms
2024-06-20 21:58:12,409 - INFO - Order picked up: 78b92574-49cd-4995-b5d0-635b3ced5a18 by Courier: 52
2024-06-20 21:58:12,409 - INFO - Food wait time: 6425.285816192627 ms
2024-06-20 21:58:12,409 - INFO - Courier wait time: 46430.38892745972 ms
2024-06-20 21:58:12,409 - INFO - Order picked up: 1fab9088-d99d-47ee-acf5-d0f0851738e4 by Courier: 53
2024-06-20 21:58:12,409 - INFO - Food wait time: 3809.187173843384 ms
2024-06-20 21:58:12,409 - INFO - Courier wait time: 43314.20612335205 ms
2024-06-20 21:58:12,409 - INFO - Order picked up: 5f06be90-beac-4a51-a871-f8e324d38c3c by Courier: 55
2024-06-20 21:58:12,409 - INFO - Food wait time: 6518.183946609497 ms
2024-06-20 21:58:12,409 - INFO - Courier wait time: 49019.44708824158 ms
2024-06-20 21:58:12,410 - INFO - Order picked up: 05ef2197-5e9a-446b-825e-4d169bdf5670 by Courier: 57
2024-06-20 21:58:12,410 - INFO - Food wait time: 866.4350509643555 ms
2024-06-20 21:58:12,410 - INFO - Courier wait time: 46362.39576339722 ms
2024-06-20 21:58:12,410 - INFO - Order picked up: 41330835-9221-483a-924f-08c7f664d656 by Courier: 58
2024-06-20 21:58:12,410 - INFO - Food wait time: 7687.485218048096 ms
2024-06-20 21:58:12,410 - INFO - Courier wait time: 45682.99913406372 ms
2024-06-20 21:58:12,410 - INFO - Order picked up: 1b481a3e-84eb-4532-bd29-47f04e3e7adc by Courier: 62
2024-06-20 21:58:12,410 - INFO - Food wait time: 4174.091100692749 ms
2024-06-20 21:58:12,410 - INFO - Courier wait time: 41149.178981781006 ms
2024-06-20 21:58:12,410 - INFO - Order picked up: b5d9491a-54b7-4916-a379-fed69d5d180d by Courier: 63
2024-06-20 21:58:12,410 - INFO - Food wait time: 6908.689022064209 ms
2024-06-20 21:58:12,410 - INFO - Courier wait time: 44384.159088134766 ms
2024-06-20 21:58:12,410 - INFO - Order picked up: 3b9da9f3-2465-4fbc-84c5-5ecb9bd132b1 by Courier: 67
2024-06-20 21:58:12,410 - INFO - Food wait time: 1802.8557300567627 ms
2024-06-20 21:58:12,410 - INFO - Courier wait time: 35254.75287437439 ms
2024-06-20 21:58:12,410 - INFO - Order picked up: e6b72c73-fa53-4f2c-a004-0b60ba7b3be9 by Courier: 68
2024-06-20 21:58:12,410 - INFO - Food wait time: 5475.91495513916 ms
2024-06-20 21:58:12,410 - INFO - Courier wait time: 42431.26106262207 ms
2024-06-20 21:58:12,410 - INFO - Order picked up: 2c772706-189c-4ec4-80ad-06ea17f21f11 by Courier: 73
2024-06-20 21:58:12,410 - INFO - Food wait time: 7476.918935775757 ms
2024-06-20 21:58:12,410 - INFO - Courier wait time: 38907.102823257446 ms
2024-06-20 21:58:12,410 - INFO - Order picked up: a0023411-c19d-4723-b6d1-6b8c8ff1b417 by Courier: 74
2024-06-20 21:58:12,410 - INFO - Food wait time: 2404.529809951782 ms
2024-06-20 21:58:12,410 - INFO - Courier wait time: 30327.697038650513 ms
2024-06-20 21:58:12,410 - INFO - Order picked up: df726ab4-a999-46b5-8e31-4a1bd523fcb9 by Courier: 79
2024-06-20 21:58:12,410 - INFO - Food wait time: 8372.988224029541 ms
2024-06-20 21:58:12,410 - INFO - Courier wait time: 33770.66206932068 ms
2024-06-20 21:58:12,410 - INFO - Order picked up: 5bb755b9-e6a8-4932-9139-bc04fafbc240 by Courier: 80
2024-06-20 21:58:12,411 - INFO - Food wait time: 2756.2639713287354 ms
2024-06-20 21:58:12,411 - INFO - Courier wait time: 29649.49607849121 ms
2024-06-20 21:58:12,411 - INFO - Order picked up: 4ed428d6-f247-451a-aebf-c5157b2eb502 by Courier: 82
2024-06-20 21:58:12,411 - INFO - Food wait time: 5034.6832275390625 ms
2024-06-20 21:58:12,411 - INFO - Courier wait time: 29918.529987335205 ms
2024-06-20 21:58:12,411 - INFO - Order picked up: 62e667ee-a86d-4be2-97f6-a6af60183e88 by Courier: 83
2024-06-20 21:58:12,411 - INFO - Food wait time: 2347.5379943847656 ms
2024-06-20 21:58:12,411 - INFO - Courier wait time: 34727.52785682678 ms
2024-06-20 21:58:12,411 - INFO - Order picked up: df4e3e19-55d2-4131-8ab0-3563b44f8291 by Courier: 84
2024-06-20 21:58:12,411 - INFO - Food wait time: 4958.528995513916 ms
2024-06-20 21:58:12,411 - INFO - Courier wait time: 33838.67383003235 ms
2024-06-20 21:58:12,411 - INFO - Order picked up: 44e6ea89-f11c-414d-aa72-7c10641eff8d by Courier: 85
2024-06-20 21:58:12,411 - INFO - Food wait time: 1428.9591312408447 ms
2024-06-20 21:58:12,411 - INFO - Courier wait time: 23800.42600631714 ms
2024-06-20 21:58:12,411 - INFO - Order picked up: 48465fc7-d534-4b9b-b919-63e5beebd301 by Courier: 86
2024-06-20 21:58:12,411 - INFO - Food wait time: 5536.555051803589 ms
2024-06-20 21:58:12,411 - INFO - Courier wait time: 32402.462244033813 ms
2024-06-20 21:58:12,411 - INFO - Order picked up: 68e83bf6-bdee-4192-8905-40140b421bc6 by Courier: 89
2024-06-20 21:58:12,411 - INFO - Food wait time: 4541.70298576355 ms
2024-06-20 21:58:12,411 - INFO - Courier wait time: 29899.264097213745 ms
2024-06-20 21:58:12,411 - INFO - Order picked up: 0d74c9f0-4fd5-4606-a1dc-019d9ab52af6 by Courier: 90
2024-06-20 21:58:12,411 - INFO - Food wait time: 8649.018287658691 ms
2024-06-20 21:58:12,411 - INFO - Courier wait time: 28505.90705871582 ms
2024-06-20 21:58:12,411 - INFO - Order picked up: c5ec5a4b-818e-4478-8956-019259be4168 by Courier: 92
2024-06-20 21:58:12,411 - INFO - Food wait time: 7791.140794754028 ms
2024-06-20 21:58:12,411 - INFO - Courier wait time: 28636.94190979004 ms
2024-06-20 21:58:12,411 - INFO - Order picked up: 4c25f887-03cc-4dcd-9945-6a8102c5ef22 by Courier: 93
2024-06-20 21:58:12,411 - INFO - Food wait time: 8278.506994247437 ms
2024-06-20 21:58:12,411 - INFO - Courier wait time: 28619.606018066406 ms
2024-06-20 21:58:12,412 - INFO - Order picked up: 7f2381be-5ab9-4385-a7a2-4a940a22e134 by Courier: 94
2024-06-20 21:58:12,412 - INFO - Food wait time: 7740.7262325286865 ms
2024-06-20 21:58:12,412 - INFO - Courier wait time: 26580.058097839355 ms
2024-06-20 21:58:12,412 - INFO - Order picked up: 60db864b-8270-43ef-9d91-985707390765 by Courier: 96
2024-06-20 21:58:12,412 - INFO - Food wait time: 1990.4470443725586 ms
2024-06-20 21:58:12,412 - INFO - Courier wait time: 20819.138050079346 ms
2024-06-20 21:58:12,412 - INFO - Order picked up: 22f532ca-dfc8-448a-9e04-7dcfa01a175e by Courier: 97
2024-06-20 21:58:12,412 - INFO - Food wait time: 903.0799865722656 ms
2024-06-20 21:58:12,412 - INFO - Courier wait time: 23225.725889205933 ms
2024-06-20 21:58:12,412 - INFO - Order picked up: a0d76390-3e71-440e-a742-20c36a67fa9a by Courier: 98
2024-06-20 21:58:12,412 - INFO - Food wait time: 5665.819883346558 ms
2024-06-20 21:58:12,412 - INFO - Courier wait time: 26478.17611694336 ms
2024-06-20 21:58:12,412 - INFO - Order picked up: 020ad68f-da34-4eca-ae7e-3b67e80a299c by Courier: 99
2024-06-20 21:58:12,412 - INFO - Food wait time: 2322.319984436035 ms
2024-06-20 21:58:12,412 - INFO - Courier wait time: 24569.613933563232 ms
2024-06-20 21:58:12,412 - INFO - Order picked up: 3447acdb-475a-400c-91e0-9724d2043e27 by Courier: 101
2024-06-20 21:58:12,412 - INFO - Food wait time: 990.21315574646 ms
2024-06-20 21:58:12,412 - INFO - Courier wait time: 16229.953050613403 ms
2024-06-20 21:58:12,412 - INFO - Order picked up: 10ea72c1-b538-4eb8-b260-f58775481a0b by Courier: 105
2024-06-20 21:58:12,412 - INFO - Food wait time: 527.3399353027344 ms
2024-06-20 21:58:12,412 - INFO - Courier wait time: 18745.73302268982 ms
2024-06-20 21:58:12,412 - INFO - Order picked up: 3ea0971e-2478-4545-b814-a857fb294a9d by Courier: 109
2024-06-20 21:58:12,412 - INFO - Food wait time: 5932.168960571289 ms
2024-06-20 21:58:12,412 - INFO - Courier wait time: 20126.171827316284 ms
2024-06-20 21:58:12,412 - INFO - Order picked up: 33bcf189-ba71-48ab-a2d5-75c18d180269 by Courier: 110
2024-06-20 21:58:12,412 - INFO - Food wait time: 1130.3339004516602 ms
2024-06-20 21:58:12,412 - INFO - Courier wait time: 15820.59097290039 ms
2024-06-20 21:58:12,412 - INFO - Order picked up: df79a7e4-d3f9-450c-b2e3-316fb462db29 by Courier: 114
2024-06-20 21:58:12,413 - INFO - Food wait time: 1050.1160621643066 ms
2024-06-20 21:58:12,413 - INFO - Courier wait time: 18720.205068588257 ms
2024-06-20 21:58:12,413 - INFO - Order picked up: 69ad8b1c-3218-4c41-aa42-5aca43ca4173 by Courier: 116
2024-06-20 21:58:12,413 - INFO - Food wait time: 5722.2740650177 ms
2024-06-20 21:58:12,413 - INFO - Courier wait time: 13381.350040435791 ms
2024-06-20 21:58:12,413 - INFO - Order picked up: 68037649-56cd-4f0f-90fd-6e6ccbf61b37 by Courier: 117
2024-06-20 21:58:12,413 - INFO - Food wait time: 6966.024875640869 ms
2024-06-20 21:58:12,413 - INFO - Courier wait time: 15120.182991027832 ms
2024-06-20 21:58:12,413 - INFO - Order picked up: 5bd1e697-10b2-48cf-83c4-033eea97bfb2 by Courier: 118
2024-06-20 21:58:12,413 - INFO - Food wait time: 9212.81623840332 ms
2024-06-20 21:58:12,413 - INFO - Courier wait time: 16863.744974136353 ms
2024-06-20 21:58:12,413 - INFO - Order picked up: 228ec414-19ca-41e4-8d6c-bd2b0662bfa3 by Courier: 119
2024-06-20 21:58:12,413 - INFO - Food wait time: 8030.049085617065 ms
2024-06-20 21:58:12,413 - INFO - Courier wait time: 15175.503015518188 ms
2024-06-20 21:58:12,413 - INFO - Order picked up: eafcb22b-0f68-4773-80ba-f163b191578f by Courier: 121
2024-06-20 21:58:12,413 - INFO - Food wait time: 8271.601915359497 ms
2024-06-20 21:58:12,413 - INFO - Courier wait time: 14401.092767715454 ms
2024-06-20 21:58:12,413 - INFO - Order picked up: b25914fa-c5b0-4aa6-a0f5-fcc76203bba5 by Courier: 122
2024-06-20 21:58:12,413 - INFO - Food wait time: 1639.9431228637695 ms
2024-06-20 21:58:12,413 - INFO - Courier wait time: 9262.899160385132 ms
2024-06-20 21:58:12,413 - INFO - Order picked up: 057bc043-5f22-4169-9711-c6e2488b35f7 by Courier: 126
2024-06-20 21:58:12,413 - INFO - Food wait time: 421.34618759155273 ms
2024-06-20 21:58:12,413 - INFO - Courier wait time: 5027.400255203247 ms
2024-06-20 21:58:12,413 - INFO - Order picked up: 7f682ade-8375-4ef4-aa9b-45440f361268 by Courier: 127
2024-06-20 21:58:12,413 - INFO - Food wait time: 1789.658784866333 ms
2024-06-20 21:58:12,413 - INFO - Courier wait time: 11893.53895187378 ms
2024-06-20 21:58:12,413 - INFO - Order picked up: 7f89b973-d4fd-4d6e-a279-afc2db6b3304 by Courier: 129
2024-06-20 21:58:12,413 - INFO - Food wait time: 2960.171937942505 ms
2024-06-20 21:58:12,414 - INFO - Courier wait time: 7059.914827346802 ms
2024-06-20 21:58:12,414 - INFO - Order picked up: 2a23c77f-3ee3-4a52-8810-93e73df4e887 by Courier: 130
2024-06-20 21:58:12,414 - INFO - Food wait time: 2642.2650814056396 ms
2024-06-20 21:58:12,414 - INFO - Courier wait time: 10242.29121208191 ms
2024-06-20 21:58:12,414 - INFO - --- Final Statistics ---
2024-06-20 21:58:12,415 - INFO - Average Food Wait Time: 3992.745934110699 ms
2024-06-20 21:58:12,415 - INFO - Average Courier Wait Time: 19924.299413507633 ms
