2024-06-20 22:02:19,925 - INFO - Order received: a8cfcb76-7f24-4420-a5ba-d46dd77bdffd - Banana Split, Prep Time: 4s
2024-06-20 22:02:19,925 - INFO - Courier: 0 dispatched for Order: a8cfcb76-7f24-4420-a5ba-d46dd77bdffd
2024-06-20 22:02:20,430 - INFO - Order received: 58e9b5fe-3fde-4a27-8e98-682e58a4a65d - McFlury, Prep Time: 14s
2024-06-20 22:02:20,430 - INFO - Courier: 1 dispatched for Order: 58e9b5fe-3fde-4a27-8e98-682e58a4a65d
2024-06-20 22:02:20,935 - INFO - Order received: 2ec069e3-576f-48eb-869f-74a540ef840c - Acai Bowl, Prep Time: 12s
2024-06-20 22:02:20,936 - INFO - Courier: 2 dispatched for Order: 2ec069e3-576f-48eb-869f-74a540ef840c
2024-06-20 22:02:21,441 - INFO - Order received: 690b85f7-8c7d-4337-bd02-04e04454c826 - Yogurt, Prep Time: 6s
2024-06-20 22:02:21,441 - INFO - Courier: 3 dispatched for Order: 690b85f7-8c7d-4337-bd02-04e04454c826
2024-06-20 22:02:21,947 - INFO - Order received: 972aa5b8-5d83-4d5e-8cf3-8a1a1437b18a - Chocolate Gelato, Prep Time: 9s
2024-06-20 22:02:21,947 - INFO - Courier: 4 dispatched for Order: 972aa5b8-5d83-4d5e-8cf3-8a1a1437b18a
2024-06-20 22:02:22,449 - INFO - Courier: 5 dispatched for Order: c18e1242-0856-4203-a98c-7066ead3bd6b
2024-06-20 22:02:22,450 - INFO - Order received: c18e1242-0856-4203-a98c-7066ead3bd6b - Cobb Salad, Prep Time: 8s
2024-06-20 22:02:22,957 - INFO - Order received: 66a2611c-9a93-4ccd-bb85-98f423247bf9 - Cottage Cheese, Prep Time: 11s
2024-06-20 22:02:22,969 - INFO - Courier: 6 dispatched for Order: 66a2611c-9a93-4ccd-bb85-98f423247bf9
2024-06-20 22:02:23,475 - INFO - Order received: 4cc9d503-4e0e-42a3-b200-87c785468df9 - Coke, Prep Time: 13s
2024-06-20 22:02:23,475 - INFO - Courier: 7 dispatched for Order: 4cc9d503-4e0e-42a3-b200-87c785468df9
2024-06-20 22:02:23,930 - INFO - Order prepared: a8cfcb76-7f24-4420-a5ba-d46dd77bdffd - Banana Split
2024-06-20 22:02:23,980 - INFO - Courier: 8 dispatched for Order: 0a6537d7-9568-400e-9857-7aceb4e7347c
2024-06-20 22:02:23,981 - INFO - Order received: 0a6537d7-9568-400e-9857-7aceb4e7347c - Snow Cone, Prep Time: 4s
2024-06-20 22:02:24,486 - INFO - Courier: 9 dispatched for Order: 74e0893f-8544-4298-b507-9cf5ab847d83
2024-06-20 22:02:24,486 - INFO - Order received: 74e0893f-8544-4298-b507-9cf5ab847d83 - Pad See Ew, Prep Time: 3s
2024-06-20 22:02:24,991 - INFO - Courier: 10 dispatched for Order: 7a5ea4ed-e378-4354-8ab3-a09cf563f621
2024-06-20 22:02:24,992 - INFO - Order received: 7a5ea4ed-e378-4354-8ab3-a09cf563f621 - Chunky Monkey, Prep Time: 13s
2024-06-20 22:02:25,496 - INFO - Courier: 11 dispatched for Order: 60fbe431-7f7f-46c5-8ecf-6a26ae898685
2024-06-20 22:02:25,497 - INFO - Order received: 60fbe431-7f7f-46c5-8ecf-6a26ae898685 - Beef Stew, Prep Time: 8s
2024-06-20 22:02:26,000 - INFO - Order received: 2e7f4153-92cb-43e2-96f4-d77e2f25422b - Cheese, Prep Time: 12s
2024-06-20 22:02:26,002 - INFO - Courier: 12 dispatched for Order: 2e7f4153-92cb-43e2-96f4-d77e2f25422b
2024-06-20 22:02:26,388 - INFO - Courier (Matched): 5 arrived for Order: c18e1242-0856-4203-a98c-7066ead3bd6b
2024-06-20 22:02:26,389 - INFO - Courier: 5 waiting for Order: c18e1242-0856-4203-a98c-7066ead3bd6b
2024-06-20 22:02:26,502 - INFO - Order received: d4ead98f-a158-429c-9c0d-28ab0fa830a6 - Spinach Omelet, Prep Time: 3s
2024-06-20 22:02:26,503 - INFO - Courier: 13 dispatched for Order: d4ead98f-a158-429c-9c0d-28ab0fa830a6
2024-06-20 22:02:26,517 - INFO - Courier (Matched): 4 arrived for Order: 972aa5b8-5d83-4d5e-8cf3-8a1a1437b18a
2024-06-20 22:02:26,517 - INFO - Courier: 4 waiting for Order: 972aa5b8-5d83-4d5e-8cf3-8a1a1437b18a
2024-06-20 22:02:27,007 - INFO - Order received: e868e485-c759-411b-b439-ca7086326bf6 - Beef Hash, Prep Time: 8s
2024-06-20 22:02:27,008 - INFO - Courier: 14 dispatched for Order: e868e485-c759-411b-b439-ca7086326bf6
2024-06-20 22:02:27,446 - INFO - Order prepared: 690b85f7-8c7d-4337-bd02-04e04454c826 - Yogurt
2024-06-20 22:02:27,491 - INFO - Order prepared: 74e0893f-8544-4298-b507-9cf5ab847d83 - Pad See Ew
2024-06-20 22:02:27,509 - INFO - Courier: 15 dispatched for Order: 2bfc7ca9-d8ea-4625-9a03-6aa4b5fb635e
2024-06-20 22:02:27,509 - INFO - Order received: 2bfc7ca9-d8ea-4625-9a03-6aa4b5fb635e - Pork Chop, Prep Time: 12s
2024-06-20 22:02:27,986 - INFO - Order prepared: 0a6537d7-9568-400e-9857-7aceb4e7347c - Snow Cone
2024-06-20 22:02:28,014 - INFO - Courier: 16 dispatched for Order: 1a4d0e6d-e50e-4ec0-ad5d-0f33e6a724e6
2024-06-20 22:02:28,015 - INFO - Order received: 1a4d0e6d-e50e-4ec0-ad5d-0f33e6a724e6 - Kale Salad, Prep Time: 5s
2024-06-20 22:02:28,174 - INFO - Courier (Matched): 2 arrived for Order: 2ec069e3-576f-48eb-869f-74a540ef840c
2024-06-20 22:02:28,174 - INFO - Courier: 2 waiting for Order: 2ec069e3-576f-48eb-869f-74a540ef840c
2024-06-20 22:02:28,503 - INFO - Courier (Matched): 0 arrived for Order: a8cfcb76-7f24-4420-a5ba-d46dd77bdffd
2024-06-20 22:02:28,503 - INFO - Order picked up: a8cfcb76-7f24-4420-a5ba-d46dd77bdffd by Courier: 0
2024-06-20 22:02:28,503 - INFO - Food wait time: 4573.130130767822 ms
2024-06-20 22:02:28,503 - INFO - Courier wait time: 0.2613067626953125 ms
2024-06-20 22:02:28,520 - INFO - Courier: 17 dispatched for Order: a9f8f42f-7a58-4629-8b66-1acbf362f3b8
2024-06-20 22:02:28,520 - INFO - Order received: a9f8f42f-7a58-4629-8b66-1acbf362f3b8 - Fresh Fruit, Prep Time: 15s
2024-06-20 22:02:29,021 - INFO - Courier: 18 dispatched for Order: 6d2c9eb3-6ff8-408a-a60d-e60eaa467dae
2024-06-20 22:02:29,025 - INFO - Order received: 6d2c9eb3-6ff8-408a-a60d-e60eaa467dae - Cranberry Salad, Prep Time: 14s
2024-06-20 22:02:29,188 - INFO - Courier (Matched): 1 arrived for Order: 58e9b5fe-3fde-4a27-8e98-682e58a4a65d
2024-06-20 22:02:29,188 - INFO - Courier: 1 waiting for Order: 58e9b5fe-3fde-4a27-8e98-682e58a4a65d
2024-06-20 22:02:29,349 - INFO - Courier (Matched): 6 arrived for Order: 66a2611c-9a93-4ccd-bb85-98f423247bf9
2024-06-20 22:02:29,349 - INFO - Courier: 6 waiting for Order: 66a2611c-9a93-4ccd-bb85-98f423247bf9
2024-06-20 22:02:29,507 - INFO - Order prepared: d4ead98f-a158-429c-9c0d-28ab0fa830a6 - Spinach Omelet
2024-06-20 22:02:29,523 - INFO - Courier: 19 dispatched for Order: 916ddba3-9c25-4065-8a90-ecf5c40c8394
2024-06-20 22:02:29,527 - INFO - Order received: 916ddba3-9c25-4065-8a90-ecf5c40c8394 - Fudge Ice Cream Cake, Prep Time: 3s
2024-06-20 22:02:30,029 - INFO - Courier: 20 dispatched for Order: 23f5cb3a-fa51-49ad-9e29-83e98d6e7d6f
2024-06-20 22:02:30,032 - INFO - Order received: 23f5cb3a-fa51-49ad-9e29-83e98d6e7d6f - Mint Chocolate Ice Cream, Prep Time: 3s
2024-06-20 22:02:30,451 - INFO - Order prepared: c18e1242-0856-4203-a98c-7066ead3bd6b - Cobb Salad
2024-06-20 22:02:30,535 - INFO - Courier: 21 dispatched for Order: c700ab30-d7bd-4e45-aafb-4329876c716c
2024-06-20 22:02:30,538 - INFO - Order received: c700ab30-d7bd-4e45-aafb-4329876c716c - Vegan Pizza, Prep Time: 10s
2024-06-20 22:02:30,949 - INFO - Order prepared: 972aa5b8-5d83-4d5e-8cf3-8a1a1437b18a - Chocolate Gelato
2024-06-20 22:02:31,040 - INFO - Order received: cf0932a9-533c-4603-bb1e-512c6e697b92 - Orange Chicken, Prep Time: 15s
2024-06-20 22:02:31,041 - INFO - Courier: 22 dispatched for Order: cf0932a9-533c-4603-bb1e-512c6e697b92
2024-06-20 22:02:31,546 - INFO - Order received: ed05dafe-d928-4f1a-856d-1dab3868acbd - MeatLoaf, Prep Time: 7s
2024-06-20 22:02:31,547 - INFO - Courier: 23 dispatched for Order: ed05dafe-d928-4f1a-856d-1dab3868acbd
2024-06-20 22:02:31,758 - INFO - Courier (Matched): 9 arrived for Order: 74e0893f-8544-4298-b507-9cf5ab847d83
2024-06-20 22:02:31,759 - INFO - Order picked up: 74e0893f-8544-4298-b507-9cf5ab847d83 by Courier: 9
2024-06-20 22:02:31,759 - INFO - Food wait time: 4267.79580116272 ms
2024-06-20 22:02:31,759 - INFO - Courier wait time: 0.5650520324707031 ms
2024-06-20 22:02:31,911 - INFO - Courier (Matched): 8 arrived for Order: 0a6537d7-9568-400e-9857-7aceb4e7347c
2024-06-20 22:02:31,911 - INFO - Order picked up: 0a6537d7-9568-400e-9857-7aceb4e7347c by Courier: 8
2024-06-20 22:02:31,911 - INFO - Food wait time: 3925.2359867095947 ms
2024-06-20 22:02:31,911 - INFO - Courier wait time: 0.5450248718261719 ms
2024-06-20 22:02:32,052 - INFO - Order received: 53f012e3-da55-4314-b2e6-28e63f0418ad - Milk, Prep Time: 5s
2024-06-20 22:02:32,053 - INFO - Courier: 24 dispatched for Order: 53f012e3-da55-4314-b2e6-28e63f0418ad
2024-06-20 22:02:32,368 - INFO - Courier (Matched): 16 arrived for Order: 1a4d0e6d-e50e-4ec0-ad5d-0f33e6a724e6
2024-06-20 22:02:32,368 - INFO - Courier: 16 waiting for Order: 1a4d0e6d-e50e-4ec0-ad5d-0f33e6a724e6
2024-06-20 22:02:32,532 - INFO - Order prepared: 916ddba3-9c25-4065-8a90-ecf5c40c8394 - Fudge Ice Cream Cake
2024-06-20 22:02:32,558 - INFO - Order received: 5dd79771-4536-4eaa-b64c-63ac606f1357 - Pastrami Sandwich, Prep Time: 8s
2024-06-20 22:02:32,559 - INFO - Courier: 25 dispatched for Order: 5dd79771-4536-4eaa-b64c-63ac606f1357
2024-06-20 22:02:32,793 - INFO - Courier (Matched): 18 arrived for Order: 6d2c9eb3-6ff8-408a-a60d-e60eaa467dae
2024-06-20 22:02:32,793 - INFO - Courier: 18 waiting for Order: 6d2c9eb3-6ff8-408a-a60d-e60eaa467dae
2024-06-20 22:02:32,941 - INFO - Order prepared: 2ec069e3-576f-48eb-869f-74a540ef840c - Acai Bowl
2024-06-20 22:02:33,020 - INFO - Order prepared: 1a4d0e6d-e50e-4ec0-ad5d-0f33e6a724e6 - Kale Salad
2024-06-20 22:02:33,036 - INFO - Order prepared: 23f5cb3a-fa51-49ad-9e29-83e98d6e7d6f - Mint Chocolate Ice Cream
2024-06-20 22:02:33,060 - INFO - Order received: f84d8263-7aae-4254-85b7-27865ffd76b7 - Arugula, Prep Time: 3s
2024-06-20 22:02:33,064 - INFO - Courier: 26 dispatched for Order: f84d8263-7aae-4254-85b7-27865ffd76b7
2024-06-20 22:02:33,158 - INFO - Courier (Matched): 13 arrived for Order: d4ead98f-a158-429c-9c0d-28ab0fa830a6
2024-06-20 22:02:33,159 - INFO - Order picked up: d4ead98f-a158-429c-9c0d-28ab0fa830a6 by Courier: 13
2024-06-20 22:02:33,159 - INFO - Food wait time: 3651.3900756835938 ms
2024-06-20 22:02:33,159 - INFO - Courier wait time: 0.4241466522216797 ms
2024-06-20 22:02:33,501 - INFO - Order prepared: 60fbe431-7f7f-46c5-8ecf-6a26ae898685 - Beef Stew
2024-06-20 22:02:33,561 - INFO - Order received: f7074980-3424-43d4-9166-f495077a273e - Pickles, Prep Time: 5s
2024-06-20 22:02:33,570 - INFO - Courier: 27 dispatched for Order: f7074980-3424-43d4-9166-f495077a273e
2024-06-20 22:02:33,861 - INFO - Courier (Matched): 7 arrived for Order: 4cc9d503-4e0e-42a3-b200-87c785468df9
2024-06-20 22:02:33,862 - INFO - Courier: 7 waiting for Order: 4cc9d503-4e0e-42a3-b200-87c785468df9
2024-06-20 22:02:33,974 - INFO - Order prepared: 66a2611c-9a93-4ccd-bb85-98f423247bf9 - Cottage Cheese
2024-06-20 22:02:34,067 - INFO - Order received: dcafe7ca-f7a7-4262-9b14-ab19729b2055 - Chicken, Prep Time: 8s
2024-06-20 22:02:34,075 - INFO - Courier: 28 dispatched for Order: dcafe7ca-f7a7-4262-9b14-ab19729b2055
2024-06-20 22:02:34,151 - INFO - Courier (Matched): 3 arrived for Order: 690b85f7-8c7d-4337-bd02-04e04454c826
2024-06-20 22:02:34,151 - INFO - Order picked up: 690b85f7-8c7d-4337-bd02-04e04454c826 by Courier: 3
2024-06-20 22:02:34,152 - INFO - Food wait time: 6705.103874206543 ms
2024-06-20 22:02:34,152 - INFO - Courier wait time: 0.6198883056640625 ms
2024-06-20 22:02:34,164 - INFO - Courier (Matched): 22 arrived for Order: cf0932a9-533c-4603-bb1e-512c6e697b92
2024-06-20 22:02:34,164 - INFO - Courier: 22 waiting for Order: cf0932a9-533c-4603-bb1e-512c6e697b92
2024-06-20 22:02:34,435 - INFO - Order prepared: 58e9b5fe-3fde-4a27-8e98-682e58a4a65d - McFlury
2024-06-20 22:02:34,446 - INFO - Courier (Matched): 12 arrived for Order: 2e7f4153-92cb-43e2-96f4-d77e2f25422b
2024-06-20 22:02:34,447 - INFO - Courier: 12 waiting for Order: 2e7f4153-92cb-43e2-96f4-d77e2f25422b
2024-06-20 22:02:34,573 - INFO - Order received: 614e4f4d-b2f4-4b60-9421-238f61affe20 - Cookie Dough, Prep Time: 9s
2024-06-20 22:02:34,580 - INFO - Courier: 29 dispatched for Order: 614e4f4d-b2f4-4b60-9421-238f61affe20
2024-06-20 22:02:34,873 - INFO - Courier (Matched): 19 arrived for Order: 916ddba3-9c25-4065-8a90-ecf5c40c8394
2024-06-20 22:02:34,874 - INFO - Order picked up: 916ddba3-9c25-4065-8a90-ecf5c40c8394 by Courier: 19
2024-06-20 22:02:34,874 - INFO - Food wait time: 2341.3867950439453 ms
2024-06-20 22:02:34,874 - INFO - Courier wait time: 0.6580352783203125 ms
2024-06-20 22:02:35,013 - INFO - Order prepared: e868e485-c759-411b-b439-ca7086326bf6 - Beef Hash
2024-06-20 22:02:35,076 - INFO - Order received: d2d2d948-f019-4806-bb7e-bb2172bd75d9 - Hamburger, Prep Time: 6s
2024-06-20 22:02:35,086 - INFO - Courier: 30 dispatched for Order: d2d2d948-f019-4806-bb7e-bb2172bd75d9
2024-06-20 22:02:35,481 - INFO - Courier (Matched): 10 arrived for Order: 7a5ea4ed-e378-4354-8ab3-a09cf563f621
2024-06-20 22:02:35,482 - INFO - Courier: 10 waiting for Order: 7a5ea4ed-e378-4354-8ab3-a09cf563f621
2024-06-20 22:02:35,582 - INFO - Order received: 8275f014-ed83-4554-b0ff-0dbdc24e57ad - French Fries, Prep Time: 6s
2024-06-20 22:02:35,589 - INFO - Courier: 31 dispatched for Order: 8275f014-ed83-4554-b0ff-0dbdc24e57ad
2024-06-20 22:02:35,852 - INFO - Courier (Matched): 11 arrived for Order: 60fbe431-7f7f-46c5-8ecf-6a26ae898685
2024-06-20 22:02:35,852 - INFO - Order picked up: 60fbe431-7f7f-46c5-8ecf-6a26ae898685 by Courier: 11
2024-06-20 22:02:35,853 - INFO - Food wait time: 2351.41921043396 ms
2024-06-20 22:02:35,853 - INFO - Courier wait time: 0.4360675811767578 ms
2024-06-20 22:02:36,063 - INFO - Order prepared: f84d8263-7aae-4254-85b7-27865ffd76b7 - Arugula
2024-06-20 22:02:36,088 - INFO - Order received: 9687809b-8f4b-4a6f-be3f-6e41e4ced3ed - Ice, Prep Time: 5s
2024-06-20 22:02:36,095 - INFO - Courier: 32 dispatched for Order: 9687809b-8f4b-4a6f-be3f-6e41e4ced3ed
2024-06-20 22:02:36,193 - INFO - Courier (Matched): 14 arrived for Order: e868e485-c759-411b-b439-ca7086326bf6
2024-06-20 22:02:36,193 - INFO - Order picked up: e868e485-c759-411b-b439-ca7086326bf6 by Courier: 14
2024-06-20 22:02:36,193 - INFO - Food wait time: 1180.2136898040771 ms
2024-06-20 22:02:36,193 - INFO - Courier wait time: 0.6268024444580078 ms
2024-06-20 22:02:36,480 - INFO - Order prepared: 4cc9d503-4e0e-42a3-b200-87c785468df9 - Coke
2024-06-20 22:02:36,592 - INFO - Order received: e537a1b8-1505-49ae-a71e-a3ab80e8b606 - Carne Asada, Prep Time: 8s
2024-06-20 22:02:36,599 - INFO - Courier: 33 dispatched for Order: e537a1b8-1505-49ae-a71e-a3ab80e8b606
2024-06-20 22:02:37,059 - INFO - Order prepared: 53f012e3-da55-4314-b2e6-28e63f0418ad - Milk
2024-06-20 22:02:37,096 - INFO - Order received: 3aaccfce-3dbe-4967-a2fb-b6c06b4de61d - Sherbet, Prep Time: 6s
2024-06-20 22:02:37,103 - INFO - Courier: 34 dispatched for Order: 3aaccfce-3dbe-4967-a2fb-b6c06b4de61d
2024-06-20 22:02:37,214 - INFO - Courier (Matched): 17 arrived for Order: a9f8f42f-7a58-4629-8b66-1acbf362f3b8
2024-06-20 22:02:37,215 - INFO - Courier: 17 waiting for Order: a9f8f42f-7a58-4629-8b66-1acbf362f3b8
2024-06-20 22:02:37,602 - INFO - Order received: 1b56ee15-70e7-443e-96cb-0479e9d46381 - Orange Sorbet, Prep Time: 3s
2024-06-20 22:02:37,608 - INFO - Courier: 35 dispatched for Order: 1b56ee15-70e7-443e-96cb-0479e9d46381
2024-06-20 22:02:37,615 - INFO - Courier (Matched): 15 arrived for Order: 2bfc7ca9-d8ea-4625-9a03-6aa4b5fb635e
2024-06-20 22:02:37,615 - INFO - Courier: 15 waiting for Order: 2bfc7ca9-d8ea-4625-9a03-6aa4b5fb635e
2024-06-20 22:02:37,997 - INFO - Order prepared: 7a5ea4ed-e378-4354-8ab3-a09cf563f621 - Chunky Monkey
2024-06-20 22:02:38,006 - INFO - Order prepared: 2e7f4153-92cb-43e2-96f4-d77e2f25422b - Cheese
2024-06-20 22:02:38,109 - INFO - Order received: 51c5017b-f812-40ac-8d68-87aab3fbab6a - Frosty, Prep Time: 13s
2024-06-20 22:02:38,114 - INFO - Courier: 36 dispatched for Order: 51c5017b-f812-40ac-8d68-87aab3fbab6a
2024-06-20 22:02:38,549 - INFO - Order prepared: ed05dafe-d928-4f1a-856d-1dab3868acbd - MeatLoaf
2024-06-20 22:02:38,567 - INFO - Order prepared: f7074980-3424-43d4-9166-f495077a273e - Pickles
2024-06-20 22:02:38,615 - INFO - Order received: 9748651e-c3f8-4c4a-9de9-5360467c86a2 - Fresh Bread, Prep Time: 10s
2024-06-20 22:02:38,619 - INFO - Courier: 37 dispatched for Order: 9748651e-c3f8-4c4a-9de9-5360467c86a2
2024-06-20 22:02:38,677 - INFO - Courier (Matched): 20 arrived for Order: 23f5cb3a-fa51-49ad-9e29-83e98d6e7d6f
2024-06-20 22:02:38,678 - INFO - Order picked up: 23f5cb3a-fa51-49ad-9e29-83e98d6e7d6f by Courier: 20
2024-06-20 22:02:38,678 - INFO - Food wait time: 5641.532897949219 ms
2024-06-20 22:02:38,678 - INFO - Courier wait time: 0.5140304565429688 ms
2024-06-20 22:02:39,121 - INFO - Order received: 345cfefe-692e-4866-986e-99a18bedbf24 - Burrito, Prep Time: 11s
2024-06-20 22:02:39,125 - INFO - Courier: 38 dispatched for Order: 345cfefe-692e-4866-986e-99a18bedbf24
2024-06-20 22:02:39,513 - INFO - Order prepared: 2bfc7ca9-d8ea-4625-9a03-6aa4b5fb635e - Pork Chop
2024-06-20 22:02:39,626 - INFO - Order received: 87441694-ff97-4d1b-89e3-c4b0b1fd041e - Icy, Prep Time: 5s
2024-06-20 22:02:39,627 - INFO - Courier: 39 dispatched for Order: 87441694-ff97-4d1b-89e3-c4b0b1fd041e
2024-06-20 22:02:40,132 - INFO - Order received: 3713d8af-e6a0-4c11-966c-f26786dc602c - Push Pop, Prep Time: 15s
2024-06-20 22:02:40,133 - INFO - Courier: 40 dispatched for Order: 3713d8af-e6a0-4c11-966c-f26786dc602c
2024-06-20 22:02:40,542 - INFO - Order prepared: c700ab30-d7bd-4e45-aafb-4329876c716c - Vegan Pizza
2024-06-20 22:02:40,564 - INFO - Order prepared: 5dd79771-4536-4eaa-b64c-63ac606f1357 - Pastrami Sandwich
2024-06-20 22:02:40,609 - INFO - Order prepared: 1b56ee15-70e7-443e-96cb-0479e9d46381 - Orange Sorbet
2024-06-20 22:02:40,638 - INFO - Order received: 20343dea-8856-4717-9be9-be1b37d4791f - Pasta, Prep Time: 14s
2024-06-20 22:02:40,639 - INFO - Courier: 41 dispatched for Order: 20343dea-8856-4717-9be9-be1b37d4791f
2024-06-20 22:02:40,662 - INFO - Courier (Matched): 34 arrived for Order: 3aaccfce-3dbe-4967-a2fb-b6c06b4de61d
2024-06-20 22:02:40,662 - INFO - Courier: 34 waiting for Order: 3aaccfce-3dbe-4967-a2fb-b6c06b4de61d
2024-06-20 22:02:41,080 - INFO - Courier (Matched): 25 arrived for Order: 5dd79771-4536-4eaa-b64c-63ac606f1357
2024-06-20 22:02:41,081 - INFO - Order picked up: 5dd79771-4536-4eaa-b64c-63ac606f1357 by Courier: 25
2024-06-20 22:02:41,081 - INFO - Food wait time: 517.035961151123 ms
2024-06-20 22:02:41,081 - INFO - Courier wait time: 0.6110668182373047 ms
2024-06-20 22:02:41,082 - INFO - Order prepared: d2d2d948-f019-4806-bb7e-bb2172bd75d9 - Hamburger
2024-06-20 22:02:41,092 - INFO - Order prepared: 9687809b-8f4b-4a6f-be3f-6e41e4ced3ed - Ice
2024-06-20 22:02:41,140 - INFO - Order received: 098604b5-a141-4a5f-a2e3-0b653515cc42 - Chicken Nuggets, Prep Time: 4s
2024-06-20 22:02:41,140 - INFO - Courier: 42 dispatched for Order: 098604b5-a141-4a5f-a2e3-0b653515cc42
2024-06-20 22:02:41,588 - INFO - Order prepared: 8275f014-ed83-4554-b0ff-0dbdc24e57ad - French Fries
2024-06-20 22:02:41,642 - INFO - Order received: a5697bad-48d4-46fd-b3bc-64ef2485907a - Ice Cream Sandwich, Prep Time: 7s
2024-06-20 22:02:41,643 - INFO - Courier: 43 dispatched for Order: a5697bad-48d4-46fd-b3bc-64ef2485907a
2024-06-20 22:02:42,072 - INFO - Order prepared: dcafe7ca-f7a7-4262-9b14-ab19729b2055 - Chicken
2024-06-20 22:02:42,148 - INFO - Courier: 44 dispatched for Order: e09f9282-8e05-48a7-8e6e-e23937383735
2024-06-20 22:02:42,148 - INFO - Order received: e09f9282-8e05-48a7-8e6e-e23937383735 - Taco, Prep Time: 12s
2024-06-20 22:02:42,544 - INFO - Courier (Matched): 24 arrived for Order: 53f012e3-da55-4314-b2e6-28e63f0418ad
2024-06-20 22:02:42,545 - INFO - Order picked up: 53f012e3-da55-4314-b2e6-28e63f0418ad by Courier: 24
2024-06-20 22:02:42,545 - INFO - Food wait time: 5486.207962036133 ms
2024-06-20 22:02:42,545 - INFO - Courier wait time: 0.35881996154785156 ms
2024-06-20 22:02:42,651 - INFO - Order received: 9df6bbc7-55ee-4f67-8dd1-a9f5ccc56355 - Tomato Soup, Prep Time: 12s
2024-06-20 22:02:42,652 - INFO - Courier: 45 dispatched for Order: 9df6bbc7-55ee-4f67-8dd1-a9f5ccc56355
2024-06-20 22:02:43,027 - INFO - Order prepared: 6d2c9eb3-6ff8-408a-a60d-e60eaa467dae - Cranberry Salad
2024-06-20 22:02:43,102 - INFO - Order prepared: 3aaccfce-3dbe-4967-a2fb-b6c06b4de61d - Sherbet
2024-06-20 22:02:43,157 - INFO - Order received: a2b13869-6b7e-4e35-8e11-fa9889d24073 - Vanilla Ice Cream, Prep Time: 15s
2024-06-20 22:02:43,158 - INFO - Courier: 46 dispatched for Order: a2b13869-6b7e-4e35-8e11-fa9889d24073
2024-06-20 22:02:43,426 - INFO - Courier (Matched): 23 arrived for Order: ed05dafe-d928-4f1a-856d-1dab3868acbd
2024-06-20 22:02:43,426 - INFO - Order picked up: ed05dafe-d928-4f1a-856d-1dab3868acbd by Courier: 23
2024-06-20 22:02:43,426 - INFO - Food wait time: 4876.83892250061 ms
2024-06-20 22:02:43,426 - INFO - Courier wait time: 0.41294097900390625 ms
2024-06-20 22:02:43,525 - INFO - Order prepared: a9f8f42f-7a58-4629-8b66-1acbf362f3b8 - Fresh Fruit
2024-06-20 22:02:43,578 - INFO - Order prepared: 614e4f4d-b2f4-4b60-9421-238f61affe20 - Cookie Dough
2024-06-20 22:02:43,659 - INFO - Courier: 47 dispatched for Order: 0522c2ec-0242-45e7-8542-f3e98c1384b9
2024-06-20 22:02:43,662 - INFO - Order received: 0522c2ec-0242-45e7-8542-f3e98c1384b9 - Poppers, Prep Time: 8s
2024-06-20 22:02:43,969 - INFO - Courier (Matched): 39 arrived for Order: 87441694-ff97-4d1b-89e3-c4b0b1fd041e
2024-06-20 22:02:43,970 - INFO - Courier: 39 waiting for Order: 87441694-ff97-4d1b-89e3-c4b0b1fd041e
2024-06-20 22:02:44,164 - INFO - Courier: 48 dispatched for Order: aba0fc48-ec05-422f-aad4-8b8ec4de636d
2024-06-20 22:02:44,168 - INFO - Order received: aba0fc48-ec05-422f-aad4-8b8ec4de636d - Popsicle, Prep Time: 13s
2024-06-20 22:02:44,304 - INFO - Courier (Matched): 30 arrived for Order: d2d2d948-f019-4806-bb7e-bb2172bd75d9
2024-06-20 22:02:44,305 - INFO - Order picked up: d2d2d948-f019-4806-bb7e-bb2172bd75d9 by Courier: 30
2024-06-20 22:02:44,305 - INFO - Food wait time: 3223.1600284576416 ms
2024-06-20 22:02:44,306 - INFO - Courier wait time: 0.27489662170410156 ms
2024-06-20 22:02:44,374 - INFO - Courier (Matched): 40 arrived for Order: 3713d8af-e6a0-4c11-966c-f26786dc602c
2024-06-20 22:02:44,374 - INFO - Courier: 40 waiting for Order: 3713d8af-e6a0-4c11-966c-f26786dc602c
2024-06-20 22:02:44,558 - INFO - Courier (Matched): 37 arrived for Order: 9748651e-c3f8-4c4a-9de9-5360467c86a2
2024-06-20 22:02:44,558 - INFO - Courier: 37 waiting for Order: 9748651e-c3f8-4c4a-9de9-5360467c86a2
2024-06-20 22:02:44,598 - INFO - Order prepared: e537a1b8-1505-49ae-a71e-a3ab80e8b606 - Carne Asada
2024-06-20 22:02:44,627 - INFO - Order prepared: 87441694-ff97-4d1b-89e3-c4b0b1fd041e - Icy
2024-06-20 22:02:44,668 - INFO - Courier: 49 dispatched for Order: 68515b89-96bf-48b6-a07c-68cf17ca3c25
2024-06-20 22:02:44,674 - INFO - Order received: 68515b89-96bf-48b6-a07c-68cf17ca3c25 - Strawberries, Prep Time: 11s
2024-06-20 22:02:45,142 - INFO - Order prepared: 098604b5-a141-4a5f-a2e3-0b653515cc42 - Chicken Nuggets
2024-06-20 22:02:45,174 - INFO - Courier: 50 dispatched for Order: caf107cc-e6d6-421c-9991-8bcfcc15d5c5
2024-06-20 22:02:45,177 - INFO - Order received: caf107cc-e6d6-421c-9991-8bcfcc15d5c5 - Brown Rice, Prep Time: 6s
2024-06-20 22:02:45,188 - INFO - Courier (Matched): 33 arrived for Order: e537a1b8-1505-49ae-a71e-a3ab80e8b606
2024-06-20 22:02:45,188 - INFO - Order picked up: e537a1b8-1505-49ae-a71e-a3ab80e8b606 by Courier: 33
2024-06-20 22:02:45,188 - INFO - Food wait time: 590.5478000640869 ms
2024-06-20 22:02:45,189 - INFO - Courier wait time: 0.12302398681640625 ms
2024-06-20 22:02:45,248 - INFO - Courier (Matched): 32 arrived for Order: 9687809b-8f4b-4a6f-be3f-6e41e4ced3ed
2024-06-20 22:02:45,248 - INFO - Order picked up: 9687809b-8f4b-4a6f-be3f-6e41e4ced3ed by Courier: 32
2024-06-20 22:02:45,248 - INFO - Food wait time: 4156.016111373901 ms
2024-06-20 22:02:45,248 - INFO - Courier wait time: 0.4341602325439453 ms
2024-06-20 22:02:45,288 - INFO - Courier (Matched): 21 arrived for Order: c700ab30-d7bd-4e45-aafb-4329876c716c
2024-06-20 22:02:45,288 - INFO - Order picked up: c700ab30-d7bd-4e45-aafb-4329876c716c by Courier: 21
2024-06-20 22:02:45,288 - INFO - Food wait time: 4746.048927307129 ms
2024-06-20 22:02:45,288 - INFO - Courier wait time: 0.3838539123535156 ms
2024-06-20 22:02:45,443 - INFO - Courier (Matched): 28 arrived for Order: dcafe7ca-f7a7-4262-9b14-ab19729b2055
2024-06-20 22:02:45,444 - INFO - Order picked up: dcafe7ca-f7a7-4262-9b14-ab19729b2055 by Courier: 28
2024-06-20 22:02:45,444 - INFO - Food wait time: 3371.528148651123 ms
2024-06-20 22:02:45,444 - INFO - Courier wait time: 0.4229545593261719 ms
2024-06-20 22:02:45,679 - INFO - Courier: 51 dispatched for Order: 4d308771-a0d6-46e7-8ff1-679ddc1d1aa4
2024-06-20 22:02:45,682 - INFO - Order received: 4d308771-a0d6-46e7-8ff1-679ddc1d1aa4 - Cheese Pizza, Prep Time: 10s
2024-06-20 22:02:45,690 - INFO - Courier (Matched): 27 arrived for Order: f7074980-3424-43d4-9166-f495077a273e
2024-06-20 22:02:45,690 - INFO - Order picked up: f7074980-3424-43d4-9166-f495077a273e by Courier: 27
2024-06-20 22:02:45,690 - INFO - Food wait time: 7122.989177703857 ms
2024-06-20 22:02:45,690 - INFO - Courier wait time: 0.13399124145507812 ms
2024-06-20 22:02:46,041 - INFO - Order prepared: cf0932a9-533c-4603-bb1e-512c6e697b92 - Orange Chicken
2024-06-20 22:02:46,185 - INFO - Courier: 52 dispatched for Order: 78b92574-49cd-4995-b5d0-635b3ced5a18
2024-06-20 22:02:46,187 - INFO - Order received: 78b92574-49cd-4995-b5d0-635b3ced5a18 - Pressed Juice, Prep Time: 14s
2024-06-20 22:02:46,311 - INFO - Courier (Matched): 31 arrived for Order: 8275f014-ed83-4554-b0ff-0dbdc24e57ad
2024-06-20 22:02:46,311 - INFO - Order picked up: 8275f014-ed83-4554-b0ff-0dbdc24e57ad by Courier: 31
2024-06-20 22:02:46,311 - INFO - Food wait time: 4723.177194595337 ms
2024-06-20 22:02:46,311 - INFO - Courier wait time: 0.2579689025878906 ms
2024-06-20 22:02:46,514 - INFO - Courier (Matched): 45 arrived for Order: 9df6bbc7-55ee-4f67-8dd1-a9f5ccc56355
2024-06-20 22:02:46,515 - INFO - Courier: 45 waiting for Order: 9df6bbc7-55ee-4f67-8dd1-a9f5ccc56355
2024-06-20 22:02:46,686 - INFO - Courier (Matched): 29 arrived for Order: 614e4f4d-b2f4-4b60-9421-238f61affe20
2024-06-20 22:02:46,687 - INFO - Order picked up: 614e4f4d-b2f4-4b60-9421-238f61affe20 by Courier: 29
2024-06-20 22:02:46,687 - INFO - Food wait time: 3109.2560291290283 ms
2024-06-20 22:02:46,687 - INFO - Courier wait time: 0.5309581756591797 ms
2024-06-20 22:02:46,690 - INFO - Courier: 53 dispatched for Order: 1fab9088-d99d-47ee-acf5-d0f0851738e4
2024-06-20 22:02:46,690 - INFO - Order received: 1fab9088-d99d-47ee-acf5-d0f0851738e4 - Coconut, Prep Time: 14s
2024-06-20 22:02:47,195 - INFO - Courier: 54 dispatched for Order: d7864cd5-f557-4c3e-93d9-b3fb6bb4a37b
2024-06-20 22:02:47,196 - INFO - Order received: d7864cd5-f557-4c3e-93d9-b3fb6bb4a37b - Onion Rings, Prep Time: 9s
2024-06-20 22:02:47,220 - INFO - Courier (Matched): 26 arrived for Order: f84d8263-7aae-4254-85b7-27865ffd76b7
2024-06-20 22:02:47,220 - INFO - Order picked up: f84d8263-7aae-4254-85b7-27865ffd76b7 by Courier: 26
2024-06-20 22:02:47,220 - INFO - Food wait time: 11157.694816589355 ms
2024-06-20 22:02:47,220 - INFO - Courier wait time: 0.4947185516357422 ms
2024-06-20 22:02:47,589 - INFO - Courier (Matched): 35 arrived for Order: 1b56ee15-70e7-443e-96cb-0479e9d46381
2024-06-20 22:02:47,590 - INFO - Order picked up: 1b56ee15-70e7-443e-96cb-0479e9d46381 by Courier: 35
2024-06-20 22:02:47,590 - INFO - Food wait time: 6981.20903968811 ms
2024-06-20 22:02:47,590 - INFO - Courier wait time: 0.3719329833984375 ms
2024-06-20 22:02:47,701 - INFO - Courier: 55 dispatched for Order: 5f06be90-beac-4a51-a871-f8e324d38c3c
2024-06-20 22:02:47,701 - INFO - Order received: 5f06be90-beac-4a51-a871-f8e324d38c3c - Fish Tacos, Prep Time: 10s
2024-06-20 22:02:47,884 - INFO - Courier (Matched): 44 arrived for Order: e09f9282-8e05-48a7-8e6e-e23937383735
2024-06-20 22:02:47,885 - INFO - Courier: 44 waiting for Order: e09f9282-8e05-48a7-8e6e-e23937383735
2024-06-20 22:02:48,042 - INFO - Courier (Matched): 38 arrived for Order: 345cfefe-692e-4866-986e-99a18bedbf24
2024-06-20 22:02:48,043 - INFO - Courier: 38 waiting for Order: 345cfefe-692e-4866-986e-99a18bedbf24
2024-06-20 22:02:48,205 - INFO - Courier: 56 dispatched for Order: 90367105-ec26-41d8-a4a2-6c474d3f703b
2024-06-20 22:02:48,206 - INFO - Order received: 90367105-ec26-41d8-a4a2-6c474d3f703b - Pot Stickers, Prep Time: 3s
2024-06-20 22:02:48,620 - INFO - Order prepared: 9748651e-c3f8-4c4a-9de9-5360467c86a2 - Fresh Bread
2024-06-20 22:02:48,644 - INFO - Order prepared: a5697bad-48d4-46fd-b3bc-64ef2485907a - Ice Cream Sandwich
2024-06-20 22:02:48,710 - INFO - Order received: 05ef2197-5e9a-446b-825e-4d169bdf5670 - Kombucha, Prep Time: 6s
2024-06-20 22:02:48,710 - INFO - Courier: 57 dispatched for Order: 05ef2197-5e9a-446b-825e-4d169bdf5670
2024-06-20 22:02:49,216 - INFO - Order received: 41330835-9221-483a-924f-08c7f664d656 - Mixed Greens, Prep Time: 13s
2024-06-20 22:02:49,217 - INFO - Courier: 58 dispatched for Order: 41330835-9221-483a-924f-08c7f664d656
2024-06-20 22:02:49,321 - INFO - Courier (Matched): 47 arrived for Order: 0522c2ec-0242-45e7-8542-f3e98c1384b9
2024-06-20 22:02:49,321 - INFO - Courier: 47 waiting for Order: 0522c2ec-0242-45e7-8542-f3e98c1384b9
2024-06-20 22:02:49,667 - INFO - Courier (Matched): 51 arrived for Order: 4d308771-a0d6-46e7-8ff1-679ddc1d1aa4
2024-06-20 22:02:49,668 - INFO - Courier: 51 waiting for Order: 4d308771-a0d6-46e7-8ff1-679ddc1d1aa4
2024-06-20 22:02:49,721 - INFO - Courier: 59 dispatched for Order: 51754609-3f89-487b-9888-bac0a65f86e2
2024-06-20 22:02:49,722 - INFO - Order received: 51754609-3f89-487b-9888-bac0a65f86e2 - Sushi, Prep Time: 8s
2024-06-20 22:02:50,125 - INFO - Order prepared: 345cfefe-692e-4866-986e-99a18bedbf24 - Burrito
2024-06-20 22:02:50,224 - INFO - Order received: 3f0008f5-9429-4a16-ae44-f8f4256797ca - Apples, Prep Time: 5s
2024-06-20 22:02:50,225 - INFO - Courier: 60 dispatched for Order: 3f0008f5-9429-4a16-ae44-f8f4256797ca
2024-06-20 22:02:50,727 - INFO - Order received: c052077c-687d-4f24-b2e1-75edeee1186a - Kebab, Prep Time: 10s
2024-06-20 22:02:50,730 - INFO - Courier: 61 dispatched for Order: c052077c-687d-4f24-b2e1-75edeee1186a
2024-06-20 22:02:50,980 - INFO - Courier (Matched): 36 arrived for Order: 51c5017b-f812-40ac-8d68-87aab3fbab6a
2024-06-20 22:02:50,980 - INFO - Courier: 36 waiting for Order: 51c5017b-f812-40ac-8d68-87aab3fbab6a
2024-06-20 22:02:51,067 - INFO - Courier (Matched): 49 arrived for Order: 68515b89-96bf-48b6-a07c-68cf17ca3c25
2024-06-20 22:02:51,067 - INFO - Courier: 49 waiting for Order: 68515b89-96bf-48b6-a07c-68cf17ca3c25
2024-06-20 22:02:51,115 - INFO - Order prepared: 51c5017b-f812-40ac-8d68-87aab3fbab6a - Frosty
2024-06-20 22:02:51,182 - INFO - Order prepared: caf107cc-e6d6-421c-9991-8bcfcc15d5c5 - Brown Rice
2024-06-20 22:02:51,209 - INFO - Order prepared: 90367105-ec26-41d8-a4a2-6c474d3f703b - Pot Stickers
2024-06-20 22:02:51,231 - INFO - Courier: 62 dispatched for Order: 1b481a3e-84eb-4532-bd29-47f04e3e7adc
2024-06-20 22:02:51,232 - INFO - Order received: 1b481a3e-84eb-4532-bd29-47f04e3e7adc - Mac & Cheese, Prep Time: 12s
2024-06-20 22:02:51,519 - INFO - Courier (Matched): 53 arrived for Order: 1fab9088-d99d-47ee-acf5-d0f0851738e4
2024-06-20 22:02:51,519 - INFO - Courier: 53 waiting for Order: 1fab9088-d99d-47ee-acf5-d0f0851738e4
2024-06-20 22:02:51,668 - INFO - Order prepared: 0522c2ec-0242-45e7-8542-f3e98c1384b9 - Poppers
2024-06-20 22:02:51,737 - INFO - Courier: 63 dispatched for Order: b5d9491a-54b7-4916-a379-fed69d5d180d
2024-06-20 22:02:51,738 - INFO - Order received: b5d9491a-54b7-4916-a379-fed69d5d180d - Corn Dog, Prep Time: 11s
2024-06-20 22:02:52,244 - INFO - Order received: 7bdf9af2-d90e-44e2-9c6c-1ff7b5121133 - Grilled Corn Salad, Prep Time: 7s
2024-06-20 22:02:52,245 - INFO - Courier: 64 dispatched for Order: 7bdf9af2-d90e-44e2-9c6c-1ff7b5121133
2024-06-20 22:02:52,750 - INFO - Order received: 4b5793f3-2af5-4ac3-816a-7f9c6f91483c - Pistachio Ice Cream, Prep Time: 8s
2024-06-20 22:02:52,751 - INFO - Courier: 65 dispatched for Order: 4b5793f3-2af5-4ac3-816a-7f9c6f91483c
2024-06-20 22:02:53,256 - INFO - Order received: 160ccc3a-af83-43e0-af0b-6a889aea7339 - Strawberyy Banana Split, Prep Time: 9s
2024-06-20 22:02:53,257 - INFO - Courier: 66 dispatched for Order: 160ccc3a-af83-43e0-af0b-6a889aea7339
2024-06-20 22:02:53,500 - INFO - Courier (Matched): 43 arrived for Order: a5697bad-48d4-46fd-b3bc-64ef2485907a
2024-06-20 22:02:53,500 - INFO - Order picked up: a5697bad-48d4-46fd-b3bc-64ef2485907a by Courier: 43
2024-06-20 22:02:53,500 - INFO - Food wait time: 4856.720924377441 ms
2024-06-20 22:02:53,500 - INFO - Courier wait time: 0.6878376007080078 ms
2024-06-20 22:02:53,506 - INFO - Courier (Matched): 42 arrived for Order: 098604b5-a141-4a5f-a2e3-0b653515cc42
2024-06-20 22:02:53,506 - INFO - Order picked up: 098604b5-a141-4a5f-a2e3-0b653515cc42 by Courier: 42
2024-06-20 22:02:53,506 - INFO - Food wait time: 8363.847970962524 ms
2024-06-20 22:02:53,507 - INFO - Courier wait time: 0.1537799835205078 ms
2024-06-20 22:02:53,758 - INFO - Order received: 3b9da9f3-2465-4fbc-84c5-5ecb9bd132b1 - McFlury, Prep Time: 13s
2024-06-20 22:02:53,759 - INFO - Courier: 67 dispatched for Order: 3b9da9f3-2465-4fbc-84c5-5ecb9bd132b1
2024-06-20 22:02:53,875 - INFO - Courier (Matched): 55 arrived for Order: 5f06be90-beac-4a51-a871-f8e324d38c3c
2024-06-20 22:02:53,875 - INFO - Courier: 55 waiting for Order: 5f06be90-beac-4a51-a871-f8e324d38c3c
2024-06-20 22:02:54,149 - INFO - Order prepared: e09f9282-8e05-48a7-8e6e-e23937383735 - Taco
2024-06-20 22:02:54,265 - INFO - Order received: e6b72c73-fa53-4f2c-a004-0b60ba7b3be9 - Acai Bowl, Prep Time: 9s
2024-06-20 22:02:54,265 - INFO - Courier: 68 dispatched for Order: e6b72c73-fa53-4f2c-a004-0b60ba7b3be9
2024-06-20 22:02:54,500 - INFO - Courier (Matched): 60 arrived for Order: 3f0008f5-9429-4a16-ae44-f8f4256797ca
2024-06-20 22:02:54,500 - INFO - Courier: 60 waiting for Order: 3f0008f5-9429-4a16-ae44-f8f4256797ca
2024-06-20 22:02:54,639 - INFO - Courier (Matched): 41 arrived for Order: 20343dea-8856-4717-9be9-be1b37d4791f
2024-06-20 22:02:54,639 - INFO - Courier: 41 waiting for Order: 20343dea-8856-4717-9be9-be1b37d4791f
2024-06-20 22:02:54,641 - INFO - Order prepared: 20343dea-8856-4717-9be9-be1b37d4791f - Pasta
2024-06-20 22:02:54,652 - INFO - Order prepared: 9df6bbc7-55ee-4f67-8dd1-a9f5ccc56355 - Tomato Soup
2024-06-20 22:02:54,711 - INFO - Order prepared: 05ef2197-5e9a-446b-825e-4d169bdf5670 - Kombucha
2024-06-20 22:02:54,755 - INFO - Courier (Matched): 52 arrived for Order: 78b92574-49cd-4995-b5d0-635b3ced5a18
2024-06-20 22:02:54,755 - INFO - Courier: 52 waiting for Order: 78b92574-49cd-4995-b5d0-635b3ced5a18
2024-06-20 22:02:54,767 - INFO - Courier: 69 dispatched for Order: 4546646c-3ca5-4da6-9c60-312a897a6907
2024-06-20 22:02:54,767 - INFO - Order received: 4546646c-3ca5-4da6-9c60-312a897a6907 - Yogurt, Prep Time: 8s
2024-06-20 22:02:54,992 - INFO - Courier (Matched): 50 arrived for Order: caf107cc-e6d6-421c-9991-8bcfcc15d5c5
2024-06-20 22:02:54,993 - INFO - Order picked up: caf107cc-e6d6-421c-9991-8bcfcc15d5c5 by Courier: 50
2024-06-20 22:02:54,993 - INFO - Food wait time: 3810.6141090393066 ms
2024-06-20 22:02:54,993 - INFO - Courier wait time: 0.2002716064453125 ms
2024-06-20 22:02:55,138 - INFO - Order prepared: 3713d8af-e6a0-4c11-966c-f26786dc602c - Push Pop
2024-06-20 22:02:55,230 - INFO - Order prepared: 3f0008f5-9429-4a16-ae44-f8f4256797ca - Apples
2024-06-20 22:02:55,272 - INFO - Courier: 70 dispatched for Order: 8ea031b3-6545-4140-9dee-745268d7b877
2024-06-20 22:02:55,272 - INFO - Order received: 8ea031b3-6545-4140-9dee-745268d7b877 - Chocolate Gelato, Prep Time: 9s
2024-06-20 22:02:55,556 - INFO - Courier (Matched): 46 arrived for Order: a2b13869-6b7e-4e35-8e11-fa9889d24073
2024-06-20 22:02:55,556 - INFO - Courier: 46 waiting for Order: a2b13869-6b7e-4e35-8e11-fa9889d24073
2024-06-20 22:02:55,675 - INFO - Order prepared: 68515b89-96bf-48b6-a07c-68cf17ca3c25 - Strawberries
2024-06-20 22:02:55,687 - INFO - Order prepared: 4d308771-a0d6-46e7-8ff1-679ddc1d1aa4 - Cheese Pizza
2024-06-20 22:02:55,778 - INFO - Courier: 71 dispatched for Order: 24f3e17b-eba0-409a-8630-463cb05d89c3
2024-06-20 22:02:55,778 - INFO - Order received: 24f3e17b-eba0-409a-8630-463cb05d89c3 - Cobb Salad, Prep Time: 3s
2024-06-20 22:02:56,197 - INFO - Order prepared: d7864cd5-f557-4c3e-93d9-b3fb6bb4a37b - Onion Rings
2024-06-20 22:02:56,283 - INFO - Courier: 72 dispatched for Order: def3f65e-6ffb-4715-8561-ace9d312ddc5
2024-06-20 22:02:56,284 - INFO - Order received: def3f65e-6ffb-4715-8561-ace9d312ddc5 - Cottage Cheese, Prep Time: 3s
2024-06-20 22:02:56,657 - INFO - Courier (Matched): 48 arrived for Order: aba0fc48-ec05-422f-aad4-8b8ec4de636d
2024-06-20 22:02:56,657 - INFO - Courier: 48 waiting for Order: aba0fc48-ec05-422f-aad4-8b8ec4de636d
2024-06-20 22:02:56,683 - INFO - Courier (Matched): 64 arrived for Order: 7bdf9af2-d90e-44e2-9c6c-1ff7b5121133
2024-06-20 22:02:56,683 - INFO - Courier: 64 waiting for Order: 7bdf9af2-d90e-44e2-9c6c-1ff7b5121133
2024-06-20 22:02:56,789 - INFO - Courier: 73 dispatched for Order: 2c772706-189c-4ec4-80ad-06ea17f21f11
2024-06-20 22:02:56,789 - INFO - Order received: 2c772706-189c-4ec4-80ad-06ea17f21f11 - Coke, Prep Time: 12s
2024-06-20 22:02:57,170 - INFO - Order prepared: aba0fc48-ec05-422f-aad4-8b8ec4de636d - Popsicle
2024-06-20 22:02:57,294 - INFO - Order received: a0023411-c19d-4723-b6d1-6b8c8ff1b417 - Snow Cone, Prep Time: 15s
2024-06-20 22:02:57,295 - INFO - Courier: 74 dispatched for Order: a0023411-c19d-4723-b6d1-6b8c8ff1b417
2024-06-20 22:02:57,693 - INFO - Courier (Matched): 59 arrived for Order: 51754609-3f89-487b-9888-bac0a65f86e2
2024-06-20 22:02:57,693 - INFO - Courier: 59 waiting for Order: 51754609-3f89-487b-9888-bac0a65f86e2
2024-06-20 22:02:57,703 - INFO - Order prepared: 5f06be90-beac-4a51-a871-f8e324d38c3c - Fish Tacos
2024-06-20 22:02:57,728 - INFO - Order prepared: 51754609-3f89-487b-9888-bac0a65f86e2 - Sushi
2024-06-20 22:02:57,801 - INFO - Courier: 75 dispatched for Order: 46a4e47d-ccc1-4c88-a006-83930521899c
2024-06-20 22:02:57,801 - INFO - Order received: 46a4e47d-ccc1-4c88-a006-83930521899c - Pad See Ew, Prep Time: 10s
2024-06-20 22:02:58,163 - INFO - Order prepared: a2b13869-6b7e-4e35-8e11-fa9889d24073 - Vanilla Ice Cream
2024-06-20 22:02:58,169 - INFO - Courier (Matched): 61 arrived for Order: c052077c-687d-4f24-b2e1-75edeee1186a
2024-06-20 22:02:58,170 - INFO - Courier: 61 waiting for Order: c052077c-687d-4f24-b2e1-75edeee1186a
2024-06-20 22:02:58,307 - INFO - Order received: e65ef8c8-d9e2-47cf-a6e2-ac976bcfdb9d - Chunky Monkey, Prep Time: 8s
2024-06-20 22:02:58,308 - INFO - Courier: 76 dispatched for Order: e65ef8c8-d9e2-47cf-a6e2-ac976bcfdb9d
2024-06-20 22:02:58,783 - INFO - Order prepared: 24f3e17b-eba0-409a-8630-463cb05d89c3 - Cobb Salad
2024-06-20 22:02:58,813 - INFO - Order received: 848dfc63-eab6-48b7-a2db-04d13190ce8c - Beef Stew, Prep Time: 5s
2024-06-20 22:02:58,814 - INFO - Courier: 77 dispatched for Order: 848dfc63-eab6-48b7-a2db-04d13190ce8c
2024-06-20 22:02:59,235 - INFO - Courier (Matched): 58 arrived for Order: 41330835-9221-483a-924f-08c7f664d656
2024-06-20 22:02:59,235 - INFO - Courier: 58 waiting for Order: 41330835-9221-483a-924f-08c7f664d656
2024-06-20 22:02:59,246 - INFO - Order prepared: 7bdf9af2-d90e-44e2-9c6c-1ff7b5121133 - Grilled Corn Salad
2024-06-20 22:02:59,289 - INFO - Order prepared: def3f65e-6ffb-4715-8561-ace9d312ddc5 - Cottage Cheese
2024-06-20 22:02:59,320 - INFO - Courier: 78 dispatched for Order: 42951124-c574-45a0-bddf-25e702c65914
2024-06-20 22:02:59,320 - INFO - Order received: 42951124-c574-45a0-bddf-25e702c65914 - Cheese, Prep Time: 9s
2024-06-20 22:02:59,499 - INFO - Courier (Matched): 63 arrived for Order: b5d9491a-54b7-4916-a379-fed69d5d180d
2024-06-20 22:02:59,500 - INFO - Courier: 63 waiting for Order: b5d9491a-54b7-4916-a379-fed69d5d180d
2024-06-20 22:02:59,574 - INFO - Courier (Matched): 66 arrived for Order: 160ccc3a-af83-43e0-af0b-6a889aea7339
2024-06-20 22:02:59,575 - INFO - Courier: 66 waiting for Order: 160ccc3a-af83-43e0-af0b-6a889aea7339
2024-06-20 22:02:59,598 - INFO - Courier (Matched): 57 arrived for Order: 05ef2197-5e9a-446b-825e-4d169bdf5670
2024-06-20 22:02:59,598 - INFO - Order picked up: 05ef2197-5e9a-446b-825e-4d169bdf5670 by Courier: 57
2024-06-20 22:02:59,598 - INFO - Food wait time: 4886.743783950806 ms
2024-06-20 22:02:59,598 - INFO - Courier wait time: 0.3409385681152344 ms
2024-06-20 22:02:59,675 - INFO - Courier (Matched): 56 arrived for Order: 90367105-ec26-41d8-a4a2-6c474d3f703b
2024-06-20 22:02:59,676 - INFO - Order picked up: 90367105-ec26-41d8-a4a2-6c474d3f703b by Courier: 56
2024-06-20 22:02:59,676 - INFO - Food wait time: 8466.821908950806 ms
2024-06-20 22:02:59,676 - INFO - Courier wait time: 0.5829334259033203 ms
2024-06-20 22:02:59,825 - INFO - Courier: 79 dispatched for Order: df726ab4-a999-46b5-8e31-4a1bd523fcb9
2024-06-20 22:02:59,826 - INFO - Order received: df726ab4-a999-46b5-8e31-4a1bd523fcb9 - Spinach Omelet, Prep Time: 15s
2024-06-20 22:02:59,865 - INFO - Courier (Matched): 68 arrived for Order: e6b72c73-fa53-4f2c-a004-0b60ba7b3be9
2024-06-20 22:02:59,866 - INFO - Courier: 68 waiting for Order: e6b72c73-fa53-4f2c-a004-0b60ba7b3be9
2024-06-20 22:03:00,192 - INFO - Order prepared: 78b92574-49cd-4995-b5d0-635b3ced5a18 - Pressed Juice
2024-06-20 22:03:00,331 - INFO - Courier: 80 dispatched for Order: 5bb755b9-e6a8-4932-9139-bc04fafbc240
2024-06-20 22:03:00,332 - INFO - Order received: 5bb755b9-e6a8-4932-9139-bc04fafbc240 - Beef Hash, Prep Time: 13s
2024-06-20 22:03:00,515 - INFO - Courier (Matched): 54 arrived for Order: d7864cd5-f557-4c3e-93d9-b3fb6bb4a37b
2024-06-20 22:03:00,515 - INFO - Order picked up: d7864cd5-f557-4c3e-93d9-b3fb6bb4a37b by Courier: 54
2024-06-20 22:03:00,515 - INFO - Food wait time: 4318.499803543091 ms
2024-06-20 22:03:00,516 - INFO - Courier wait time: 0.6389617919921875 ms
2024-06-20 22:03:00,695 - INFO - Order prepared: 1fab9088-d99d-47ee-acf5-d0f0851738e4 - Coconut
2024-06-20 22:03:00,728 - INFO - Order prepared: c052077c-687d-4f24-b2e1-75edeee1186a - Kebab
2024-06-20 22:03:00,754 - INFO - Order prepared: 4b5793f3-2af5-4ac3-816a-7f9c6f91483c - Pistachio Ice Cream
2024-06-20 22:03:00,838 - INFO - Courier: 81 dispatched for Order: 58dbdb26-670c-4dac-b72c-21152f5d62e7
2024-06-20 22:03:00,839 - INFO - Order received: 58dbdb26-670c-4dac-b72c-21152f5d62e7 - Pork Chop, Prep Time: 10s
2024-06-20 22:03:01,345 - INFO - Courier: 82 dispatched for Order: 4ed428d6-f247-451a-aebf-c5157b2eb502
2024-06-20 22:03:01,346 - INFO - Order received: 4ed428d6-f247-451a-aebf-c5157b2eb502 - Kale Salad, Prep Time: 14s
2024-06-20 22:03:01,663 - INFO - Courier (Matched): 73 arrived for Order: 2c772706-189c-4ec4-80ad-06ea17f21f11
2024-06-20 22:03:01,664 - INFO - Courier: 73 waiting for Order: 2c772706-189c-4ec4-80ad-06ea17f21f11
2024-06-20 22:03:01,849 - INFO - Courier: 83 dispatched for Order: 62e667ee-a86d-4be2-97f6-a6af60183e88
2024-06-20 22:03:01,849 - INFO - Order received: 62e667ee-a86d-4be2-97f6-a6af60183e88 - Fresh Fruit, Prep Time: 6s
2024-06-20 22:03:02,219 - INFO - Order prepared: 41330835-9221-483a-924f-08c7f664d656 - Mixed Greens
2024-06-20 22:03:02,260 - INFO - Order prepared: 160ccc3a-af83-43e0-af0b-6a889aea7339 - Strawberyy Banana Split
2024-06-20 22:03:02,286 - INFO - Courier (Matched): 72 arrived for Order: def3f65e-6ffb-4715-8561-ace9d312ddc5
2024-06-20 22:03:02,286 - INFO - Order picked up: def3f65e-6ffb-4715-8561-ace9d312ddc5 by Courier: 72
2024-06-20 22:03:02,286 - INFO - Food wait time: 2997.514009475708 ms
2024-06-20 22:03:02,286 - INFO - Courier wait time: 0.28896331787109375 ms
2024-06-20 22:03:02,353 - INFO - Courier: 84 dispatched for Order: df4e3e19-55d2-4131-8ab0-3563b44f8291
2024-06-20 22:03:02,355 - INFO - Order received: df4e3e19-55d2-4131-8ab0-3563b44f8291 - Cranberry Salad, Prep Time: 9s
2024-06-20 22:03:02,396 - INFO - Courier (Matched): 70 arrived for Order: 8ea031b3-6545-4140-9dee-745268d7b877
2024-06-20 22:03:02,397 - INFO - Courier: 70 waiting for Order: 8ea031b3-6545-4140-9dee-745268d7b877
2024-06-20 22:03:02,743 - INFO - Order prepared: b5d9491a-54b7-4916-a379-fed69d5d180d - Corn Dog
2024-06-20 22:03:02,772 - INFO - Order prepared: 4546646c-3ca5-4da6-9c60-312a897a6907 - Yogurt
2024-06-20 22:03:02,831 - INFO - Courier (Matched): 77 arrived for Order: 848dfc63-eab6-48b7-a2db-04d13190ce8c
2024-06-20 22:03:02,832 - INFO - Courier: 77 waiting for Order: 848dfc63-eab6-48b7-a2db-04d13190ce8c
2024-06-20 22:03:02,858 - INFO - Courier: 85 dispatched for Order: 44e6ea89-f11c-414d-aa72-7c10641eff8d
2024-06-20 22:03:02,860 - INFO - Order received: 44e6ea89-f11c-414d-aa72-7c10641eff8d - Fudge Ice Cream Cake, Prep Time: 15s
2024-06-20 22:03:03,237 - INFO - Order prepared: 1b481a3e-84eb-4532-bd29-47f04e3e7adc - Mac & Cheese
2024-06-20 22:03:03,271 - INFO - Order prepared: e6b72c73-fa53-4f2c-a004-0b60ba7b3be9 - Acai Bowl
2024-06-20 22:03:03,364 - INFO - Courier: 86 dispatched for Order: 48465fc7-d534-4b9b-b919-63e5beebd301
2024-06-20 22:03:03,365 - INFO - Order received: 48465fc7-d534-4b9b-b919-63e5beebd301 - Mint Chocolate Ice Cream, Prep Time: 10s
2024-06-20 22:03:03,449 - INFO - Courier (Matched): 65 arrived for Order: 4b5793f3-2af5-4ac3-816a-7f9c6f91483c
2024-06-20 22:03:03,449 - INFO - Order picked up: 4b5793f3-2af5-4ac3-816a-7f9c6f91483c by Courier: 65
2024-06-20 22:03:03,449 - INFO - Food wait time: 2695.3420639038086 ms
2024-06-20 22:03:03,449 - INFO - Courier wait time: 0.2880096435546875 ms
2024-06-20 22:03:03,818 - INFO - Order prepared: 848dfc63-eab6-48b7-a2db-04d13190ce8c - Beef Stew
2024-06-20 22:03:03,869 - INFO - Courier: 87 dispatched for Order: fb850bd3-728f-4118-a097-2bcf3a12c239
2024-06-20 22:03:03,869 - INFO - Order received: fb850bd3-728f-4118-a097-2bcf3a12c239 - Vegan Pizza, Prep Time: 8s
2024-06-20 22:03:03,873 - INFO - Courier (Matched): 69 arrived for Order: 4546646c-3ca5-4da6-9c60-312a897a6907
2024-06-20 22:03:03,873 - INFO - Order picked up: 4546646c-3ca5-4da6-9c60-312a897a6907 by Courier: 69
2024-06-20 22:03:03,873 - INFO - Food wait time: 1101.1388301849365 ms
2024-06-20 22:03:03,873 - INFO - Courier wait time: 0.10418891906738281 ms
2024-06-20 22:03:04,275 - INFO - Order prepared: 8ea031b3-6545-4140-9dee-745268d7b877 - Chocolate Gelato
2024-06-20 22:03:04,374 - INFO - Order received: 8d6a4d1a-ca56-4567-b3aa-a1e3d20f8017 - Orange Chicken, Prep Time: 6s
2024-06-20 22:03:04,374 - INFO - Courier: 88 dispatched for Order: 8d6a4d1a-ca56-4567-b3aa-a1e3d20f8017
2024-06-20 22:03:04,880 - INFO - Courier: 89 dispatched for Order: 68e83bf6-bdee-4192-8905-40140b421bc6
2024-06-20 22:03:04,880 - INFO - Order received: 68e83bf6-bdee-4192-8905-40140b421bc6 - MeatLoaf, Prep Time: 10s
2024-06-20 22:03:05,383 - INFO - Order received: 0d74c9f0-4fd5-4606-a1dc-019d9ab52af6 - Milk, Prep Time: 15s
2024-06-20 22:03:05,385 - INFO - Courier: 90 dispatched for Order: 0d74c9f0-4fd5-4606-a1dc-019d9ab52af6
2024-06-20 22:03:05,591 - INFO - Courier (Matched): 62 arrived for Order: 1b481a3e-84eb-4532-bd29-47f04e3e7adc
2024-06-20 22:03:05,592 - INFO - Order picked up: 1b481a3e-84eb-4532-bd29-47f04e3e7adc by Courier: 62
2024-06-20 22:03:05,592 - INFO - Food wait time: 2354.8240661621094 ms
2024-06-20 22:03:05,593 - INFO - Courier wait time: 1.7390251159667969 ms
2024-06-20 22:03:05,891 - INFO - Order received: 1b9a920d-2880-44a3-abba-20903f2690d6 - Pastrami Sandwich, Prep Time: 3s
2024-06-20 22:03:05,894 - INFO - Courier: 91 dispatched for Order: 1b9a920d-2880-44a3-abba-20903f2690d6
2024-06-20 22:03:06,313 - INFO - Order prepared: e65ef8c8-d9e2-47cf-a6e2-ac976bcfdb9d - Chunky Monkey
2024-06-20 22:03:06,400 - INFO - Order received: c5ec5a4b-818e-4478-8956-019259be4168 - Arugula, Prep Time: 13s
2024-06-20 22:03:06,400 - INFO - Courier: 92 dispatched for Order: c5ec5a4b-818e-4478-8956-019259be4168
2024-06-20 22:03:06,523 - INFO - Courier (Matched): 71 arrived for Order: 24f3e17b-eba0-409a-8630-463cb05d89c3
2024-06-20 22:03:06,523 - INFO - Order picked up: 24f3e17b-eba0-409a-8630-463cb05d89c3 by Courier: 71
2024-06-20 22:03:06,523 - INFO - Food wait time: 7739.919662475586 ms
2024-06-20 22:03:06,523 - INFO - Courier wait time: 0.7066726684570312 ms
2024-06-20 22:03:06,764 - INFO - Order prepared: 3b9da9f3-2465-4fbc-84c5-5ecb9bd132b1 - McFlury
2024-06-20 22:03:06,904 - INFO - Order received: 4c25f887-03cc-4dcd-9945-6a8102c5ef22 - Pickles, Prep Time: 13s
2024-06-20 22:03:06,905 - INFO - Courier: 93 dispatched for Order: 4c25f887-03cc-4dcd-9945-6a8102c5ef22
2024-06-20 22:03:06,998 - INFO - Courier (Matched): 84 arrived for Order: df4e3e19-55d2-4131-8ab0-3563b44f8291
2024-06-20 22:03:06,999 - INFO - Courier: 84 waiting for Order: df4e3e19-55d2-4131-8ab0-3563b44f8291
2024-06-20 22:03:07,406 - INFO - Order received: 7f2381be-5ab9-4385-a7a2-4a940a22e134 - Chicken, Prep Time: 14s
2024-06-20 22:03:07,411 - INFO - Courier: 94 dispatched for Order: 7f2381be-5ab9-4385-a7a2-4a940a22e134
2024-06-20 22:03:07,438 - INFO - Courier (Matched): 67 arrived for Order: 3b9da9f3-2465-4fbc-84c5-5ecb9bd132b1
2024-06-20 22:03:07,438 - INFO - Order picked up: 3b9da9f3-2465-4fbc-84c5-5ecb9bd132b1 by Courier: 67
2024-06-20 22:03:07,438 - INFO - Food wait time: 674.2110252380371 ms
2024-06-20 22:03:07,438 - INFO - Courier wait time: 0.30112266540527344 ms
2024-06-20 22:03:07,807 - INFO - Order prepared: 46a4e47d-ccc1-4c88-a006-83930521899c - Pad See Ew
2024-06-20 22:03:07,830 - INFO - Courier (Matched): 74 arrived for Order: a0023411-c19d-4723-b6d1-6b8c8ff1b417
2024-06-20 22:03:07,830 - INFO - Courier: 74 waiting for Order: a0023411-c19d-4723-b6d1-6b8c8ff1b417
2024-06-20 22:03:07,862 - INFO - Order prepared: 62e667ee-a86d-4be2-97f6-a6af60183e88 - Fresh Fruit
2024-06-20 22:03:07,910 - INFO - Order received: 75bef98f-89ba-4359-b738-b3184688ca7a - Cookie Dough, Prep Time: 12s
2024-06-20 22:03:07,916 - INFO - Courier: 95 dispatched for Order: 75bef98f-89ba-4359-b738-b3184688ca7a
2024-06-20 22:03:08,325 - INFO - Order prepared: 42951124-c574-45a0-bddf-25e702c65914 - Cheese
2024-06-20 22:03:08,414 - INFO - Order received: 60db864b-8270-43ef-9d91-985707390765 - Hamburger, Prep Time: 13s
2024-06-20 22:03:08,420 - INFO - Courier: 96 dispatched for Order: 60db864b-8270-43ef-9d91-985707390765
2024-06-20 22:03:08,794 - INFO - Order prepared: 2c772706-189c-4ec4-80ad-06ea17f21f11 - Coke
2024-06-20 22:03:08,900 - INFO - Order prepared: 1b9a920d-2880-44a3-abba-20903f2690d6 - Pastrami Sandwich
2024-06-20 22:03:08,919 - INFO - Order received: 22f532ca-dfc8-448a-9e04-7dcfa01a175e - French Fries, Prep Time: 9s
2024-06-20 22:03:08,925 - INFO - Courier: 97 dispatched for Order: 22f532ca-dfc8-448a-9e04-7dcfa01a175e
2024-06-20 22:03:09,056 - INFO - Courier (Matched): 83 arrived for Order: 62e667ee-a86d-4be2-97f6-a6af60183e88
2024-06-20 22:03:09,057 - INFO - Order picked up: 62e667ee-a86d-4be2-97f6-a6af60183e88 by Courier: 83
2024-06-20 22:03:09,057 - INFO - Food wait time: 1195.072889328003 ms
2024-06-20 22:03:09,057 - INFO - Courier wait time: 0.7989406585693359 ms
2024-06-20 22:03:09,239 - INFO - Courier (Matched): 80 arrived for Order: 5bb755b9-e6a8-4932-9139-bc04fafbc240
2024-06-20 22:03:09,240 - INFO - Courier: 80 waiting for Order: 5bb755b9-e6a8-4932-9139-bc04fafbc240
2024-06-20 22:03:09,388 - INFO - Courier (Matched): 78 arrived for Order: 42951124-c574-45a0-bddf-25e702c65914
2024-06-20 22:03:09,389 - INFO - Order picked up: 42951124-c574-45a0-bddf-25e702c65914 by Courier: 78
2024-06-20 22:03:09,389 - INFO - Food wait time: 1063.6827945709229 ms
2024-06-20 22:03:09,389 - INFO - Courier wait time: 0.43773651123046875 ms
2024-06-20 22:03:09,422 - INFO - Order received: a0d76390-3e71-440e-a742-20c36a67fa9a - Ice, Prep Time: 10s
2024-06-20 22:03:09,429 - INFO - Courier: 98 dispatched for Order: a0d76390-3e71-440e-a742-20c36a67fa9a
2024-06-20 22:03:09,928 - INFO - Order received: 020ad68f-da34-4eca-ae7e-3b67e80a299c - Carne Asada, Prep Time: 8s
2024-06-20 22:03:09,929 - INFO - Courier: 99 dispatched for Order: 020ad68f-da34-4eca-ae7e-3b67e80a299c
2024-06-20 22:03:10,379 - INFO - Order prepared: 8d6a4d1a-ca56-4567-b3aa-a1e3d20f8017 - Orange Chicken
2024-06-20 22:03:10,433 - INFO - Order received: 2aab593e-1d1d-4a65-a582-2999f80c3dee - Sherbet, Prep Time: 3s
2024-06-20 22:03:10,434 - INFO - Courier: 100 dispatched for Order: 2aab593e-1d1d-4a65-a582-2999f80c3dee
2024-06-20 22:03:10,674 - INFO - Courier (Matched): 79 arrived for Order: df726ab4-a999-46b5-8e31-4a1bd523fcb9
2024-06-20 22:03:10,674 - INFO - Courier: 79 waiting for Order: df726ab4-a999-46b5-8e31-4a1bd523fcb9
2024-06-20 22:03:10,845 - INFO - Order prepared: 58dbdb26-670c-4dac-b72c-21152f5d62e7 - Pork Chop
2024-06-20 22:03:10,936 - INFO - Courier: 101 dispatched for Order: 3447acdb-475a-400c-91e0-9724d2043e27
2024-06-20 22:03:10,937 - INFO - Order received: 3447acdb-475a-400c-91e0-9724d2043e27 - Orange Sorbet, Prep Time: 14s
2024-06-20 22:03:11,044 - INFO - Courier (Matched): 86 arrived for Order: 48465fc7-d534-4b9b-b919-63e5beebd301
2024-06-20 22:03:11,045 - INFO - Courier: 86 waiting for Order: 48465fc7-d534-4b9b-b919-63e5beebd301
2024-06-20 22:03:11,357 - INFO - Courier (Matched): 82 arrived for Order: 4ed428d6-f247-451a-aebf-c5157b2eb502
2024-06-20 22:03:11,357 - INFO - Courier: 82 waiting for Order: 4ed428d6-f247-451a-aebf-c5157b2eb502
2024-06-20 22:03:11,359 - INFO - Order prepared: df4e3e19-55d2-4131-8ab0-3563b44f8291 - Cranberry Salad
2024-06-20 22:03:11,439 - INFO - Order received: f6e68da8-9909-431e-bf1b-88367677a03e - Frosty, Prep Time: 10s
2024-06-20 22:03:11,439 - INFO - Courier: 102 dispatched for Order: f6e68da8-9909-431e-bf1b-88367677a03e
2024-06-20 22:03:11,553 - INFO - Courier (Matched): 75 arrived for Order: 46a4e47d-ccc1-4c88-a006-83930521899c
2024-06-20 22:03:11,554 - INFO - Order picked up: 46a4e47d-ccc1-4c88-a006-83930521899c by Courier: 75
2024-06-20 22:03:11,554 - INFO - Food wait time: 3747.0059394836426 ms
2024-06-20 22:03:11,554 - INFO - Courier wait time: 0.2129077911376953 ms
2024-06-20 22:03:11,873 - INFO - Order prepared: fb850bd3-728f-4118-a097-2bcf3a12c239 - Vegan Pizza
2024-06-20 22:03:11,945 - INFO - Order received: bcd22756-b3ac-473b-93fa-a19cf941bc40 - Fresh Bread, Prep Time: 5s
2024-06-20 22:03:11,945 - INFO - Courier: 103 dispatched for Order: bcd22756-b3ac-473b-93fa-a19cf941bc40
2024-06-20 22:03:12,300 - INFO - Order prepared: a0023411-c19d-4723-b6d1-6b8c8ff1b417 - Snow Cone
2024-06-20 22:03:12,451 - INFO - Order received: 506a5c01-b06b-4af8-a1f2-913f9ae01078 - Burrito, Prep Time: 9s
2024-06-20 22:03:12,451 - INFO - Courier: 104 dispatched for Order: 506a5c01-b06b-4af8-a1f2-913f9ae01078
2024-06-20 22:03:12,899 - INFO - Courier (Matched): 85 arrived for Order: 44e6ea89-f11c-414d-aa72-7c10641eff8d
2024-06-20 22:03:12,900 - INFO - Courier: 85 waiting for Order: 44e6ea89-f11c-414d-aa72-7c10641eff8d
2024-06-20 22:03:12,964 - INFO - Courier: 105 dispatched for Order: 10ea72c1-b538-4eb8-b260-f58775481a0b
2024-06-20 22:03:12,964 - INFO - Order received: 10ea72c1-b538-4eb8-b260-f58775481a0b - Icy, Prep Time: 9s
2024-06-20 22:03:12,989 - INFO - Courier (Matched): 96 arrived for Order: 60db864b-8270-43ef-9d91-985707390765
2024-06-20 22:03:12,989 - INFO - Courier: 96 waiting for Order: 60db864b-8270-43ef-9d91-985707390765
2024-06-20 22:03:13,227 - INFO - Courier (Matched): 89 arrived for Order: 68e83bf6-bdee-4192-8905-40140b421bc6
2024-06-20 22:03:13,227 - INFO - Courier: 89 waiting for Order: 68e83bf6-bdee-4192-8905-40140b421bc6
2024-06-20 22:03:13,244 - INFO - Courier (Matched): 99 arrived for Order: 020ad68f-da34-4eca-ae7e-3b67e80a299c
2024-06-20 22:03:13,244 - INFO - Courier: 99 waiting for Order: 020ad68f-da34-4eca-ae7e-3b67e80a299c
2024-06-20 22:03:13,277 - INFO - Courier (Matched): 76 arrived for Order: e65ef8c8-d9e2-47cf-a6e2-ac976bcfdb9d
2024-06-20 22:03:13,278 - INFO - Order picked up: e65ef8c8-d9e2-47cf-a6e2-ac976bcfdb9d by Courier: 76
2024-06-20 22:03:13,278 - INFO - Food wait time: 6964.586973190308 ms
2024-06-20 22:03:13,278 - INFO - Courier wait time: 0.6592273712158203 ms
2024-06-20 22:03:13,337 - INFO - Order prepared: 5bb755b9-e6a8-4932-9139-bc04fafbc240 - Beef Hash
2024-06-20 22:03:13,368 - INFO - Order prepared: 48465fc7-d534-4b9b-b919-63e5beebd301 - Mint Chocolate Ice Cream
2024-06-20 22:03:13,434 - INFO - Order prepared: 2aab593e-1d1d-4a65-a582-2999f80c3dee - Sherbet
2024-06-20 22:03:13,465 - INFO - Courier: 106 dispatched for Order: 5e9cb832-6a0a-49fa-8799-8d744b499fce
2024-06-20 22:03:13,467 - INFO - Order received: 5e9cb832-6a0a-49fa-8799-8d744b499fce - Push Pop, Prep Time: 7s
2024-06-20 22:03:13,967 - INFO - Courier: 107 dispatched for Order: a7d778ff-9711-4d3c-b370-6052965f64c0
2024-06-20 22:03:13,971 - INFO - Order received: a7d778ff-9711-4d3c-b370-6052965f64c0 - Pasta, Prep Time: 7s
2024-06-20 22:03:14,255 - INFO - Courier (Matched): 81 arrived for Order: 58dbdb26-670c-4dac-b72c-21152f5d62e7
2024-06-20 22:03:14,256 - INFO - Order picked up: 58dbdb26-670c-4dac-b72c-21152f5d62e7 by Courier: 81
2024-06-20 22:03:14,256 - INFO - Food wait time: 3411.363124847412 ms
2024-06-20 22:03:14,256 - INFO - Courier wait time: 0.5421638488769531 ms
2024-06-20 22:03:14,264 - INFO - Courier (Matched): 88 arrived for Order: 8d6a4d1a-ca56-4567-b3aa-a1e3d20f8017
2024-06-20 22:03:14,264 - INFO - Order picked up: 8d6a4d1a-ca56-4567-b3aa-a1e3d20f8017 by Courier: 88
2024-06-20 22:03:14,264 - INFO - Food wait time: 3884.7169876098633 ms
2024-06-20 22:03:14,264 - INFO - Courier wait time: 0.21409988403320312 ms
2024-06-20 22:03:14,473 - INFO - Courier: 108 dispatched for Order: 40990373-5eac-4e15-9634-450886fe3374
2024-06-20 22:03:14,476 - INFO - Order received: 40990373-5eac-4e15-9634-450886fe3374 - Chicken Nuggets, Prep Time: 10s
2024-06-20 22:03:14,827 - INFO - Order prepared: df726ab4-a999-46b5-8e31-4a1bd523fcb9 - Spinach Omelet
2024-06-20 22:03:14,882 - INFO - Order prepared: 68e83bf6-bdee-4192-8905-40140b421bc6 - MeatLoaf
2024-06-20 22:03:14,978 - INFO - Order received: 3ea0971e-2478-4545-b814-a857fb294a9d - Ice Cream Sandwich, Prep Time: 11s
2024-06-20 22:03:14,979 - INFO - Courier: 109 dispatched for Order: 3ea0971e-2478-4545-b814-a857fb294a9d
2024-06-20 22:03:15,351 - INFO - Order prepared: 4ed428d6-f247-451a-aebf-c5157b2eb502 - Kale Salad
2024-06-20 22:03:15,484 - INFO - Order received: 33bcf189-ba71-48ab-a2d5-75c18d180269 - Taco, Prep Time: 10s
2024-06-20 22:03:15,484 - INFO - Courier: 110 dispatched for Order: 33bcf189-ba71-48ab-a2d5-75c18d180269
2024-06-20 22:03:15,888 - INFO - Courier (Matched): 87 arrived for Order: fb850bd3-728f-4118-a097-2bcf3a12c239
2024-06-20 22:03:15,889 - INFO - Order picked up: fb850bd3-728f-4118-a097-2bcf3a12c239 by Courier: 87
2024-06-20 22:03:15,889 - INFO - Food wait time: 4015.565872192383 ms
2024-06-20 22:03:15,889 - INFO - Courier wait time: 0.2589225769042969 ms
2024-06-20 22:03:15,989 - INFO - Order received: 22fc8ae6-74f7-467f-8735-774d579a2ae0 - Tomato Soup, Prep Time: 8s
2024-06-20 22:03:15,990 - INFO - Courier: 111 dispatched for Order: 22fc8ae6-74f7-467f-8735-774d579a2ae0
2024-06-20 22:03:16,001 - INFO - Courier (Matched): 103 arrived for Order: bcd22756-b3ac-473b-93fa-a19cf941bc40
2024-06-20 22:03:16,001 - INFO - Courier: 103 waiting for Order: bcd22756-b3ac-473b-93fa-a19cf941bc40
2024-06-20 22:03:16,494 - INFO - Order received: 19de820c-4691-420c-ad67-95ec7f5abc2d - Vanilla Ice Cream, Prep Time: 3s
2024-06-20 22:03:16,495 - INFO - Courier: 112 dispatched for Order: 19de820c-4691-420c-ad67-95ec7f5abc2d
2024-06-20 22:03:16,950 - INFO - Order prepared: bcd22756-b3ac-473b-93fa-a19cf941bc40 - Fresh Bread
2024-06-20 22:03:16,998 - INFO - Order received: 3b62609c-38f2-499e-a9b1-c3604dad425d - Poppers, Prep Time: 5s
2024-06-20 22:03:17,000 - INFO - Courier: 113 dispatched for Order: 3b62609c-38f2-499e-a9b1-c3604dad425d
2024-06-20 22:03:17,389 - INFO - Courier (Matched): 100 arrived for Order: 2aab593e-1d1d-4a65-a582-2999f80c3dee
2024-06-20 22:03:17,389 - INFO - Order picked up: 2aab593e-1d1d-4a65-a582-2999f80c3dee by Courier: 100
2024-06-20 22:03:17,389 - INFO - Food wait time: 3954.655170440674 ms
2024-06-20 22:03:17,389 - INFO - Courier wait time: 0.44798851013183594 ms
2024-06-20 22:03:17,448 - INFO - Courier (Matched): 93 arrived for Order: 4c25f887-03cc-4dcd-9945-6a8102c5ef22
2024-06-20 22:03:17,449 - INFO - Courier: 93 waiting for Order: 4c25f887-03cc-4dcd-9945-6a8102c5ef22
2024-06-20 22:03:17,497 - INFO - Courier (Matched): 97 arrived for Order: 22f532ca-dfc8-448a-9e04-7dcfa01a175e
2024-06-20 22:03:17,498 - INFO - Courier: 97 waiting for Order: 22f532ca-dfc8-448a-9e04-7dcfa01a175e
2024-06-20 22:03:17,503 - INFO - Courier: 114 dispatched for Order: df79a7e4-d3f9-450c-b2e3-316fb462db29
2024-06-20 22:03:17,504 - INFO - Order received: df79a7e4-d3f9-450c-b2e3-316fb462db29 - Popsicle, Prep Time: 5s
2024-06-20 22:03:17,605 - INFO - Courier (Matched): 95 arrived for Order: 75bef98f-89ba-4359-b738-b3184688ca7a
2024-06-20 22:03:17,605 - INFO - Courier: 95 waiting for Order: 75bef98f-89ba-4359-b738-b3184688ca7a
2024-06-20 22:03:17,866 - INFO - Order prepared: 44e6ea89-f11c-414d-aa72-7c10641eff8d - Fudge Ice Cream Cake
2024-06-20 22:03:17,925 - INFO - Order prepared: 22f532ca-dfc8-448a-9e04-7dcfa01a175e - French Fries
2024-06-20 22:03:17,932 - INFO - Order prepared: 020ad68f-da34-4eca-ae7e-3b67e80a299c - Carne Asada
2024-06-20 22:03:18,009 - INFO - Courier: 115 dispatched for Order: d5fbbee2-09a7-459e-9621-33a66cdbf3ab
2024-06-20 22:03:18,010 - INFO - Order received: d5fbbee2-09a7-459e-9621-33a66cdbf3ab - Strawberries, Prep Time: 10s
2024-06-20 22:03:18,358 - INFO - Courier (Matched): 102 arrived for Order: f6e68da8-9909-431e-bf1b-88367677a03e
2024-06-20 22:03:18,359 - INFO - Courier: 102 waiting for Order: f6e68da8-9909-431e-bf1b-88367677a03e
2024-06-20 22:03:18,511 - INFO - Order received: 69ad8b1c-3218-4c41-aa42-5aca43ca4173 - Brown Rice, Prep Time: 14s
2024-06-20 22:03:18,515 - INFO - Courier: 116 dispatched for Order: 69ad8b1c-3218-4c41-aa42-5aca43ca4173
2024-06-20 22:03:19,017 - INFO - Order received: 68037649-56cd-4f0f-90fd-6e6ccbf61b37 - Cheese Pizza, Prep Time: 13s
2024-06-20 22:03:19,021 - INFO - Courier: 117 dispatched for Order: 68037649-56cd-4f0f-90fd-6e6ccbf61b37
2024-06-20 22:03:19,403 - INFO - Order prepared: c5ec5a4b-818e-4478-8956-019259be4168 - Arugula
2024-06-20 22:03:19,424 - INFO - Order prepared: a0d76390-3e71-440e-a742-20c36a67fa9a - Ice
2024-06-20 22:03:19,497 - INFO - Order prepared: 19de820c-4691-420c-ad67-95ec7f5abc2d - Vanilla Ice Cream
2024-06-20 22:03:19,520 - INFO - Order received: 5bd1e697-10b2-48cf-83c4-033eea97bfb2 - Pressed Juice, Prep Time: 13s
2024-06-20 22:03:19,525 - INFO - Courier: 118 dispatched for Order: 5bd1e697-10b2-48cf-83c4-033eea97bfb2
2024-06-20 22:03:19,907 - INFO - Order prepared: 4c25f887-03cc-4dcd-9945-6a8102c5ef22 - Pickles
2024-06-20 22:03:19,912 - INFO - Order prepared: 75bef98f-89ba-4359-b738-b3184688ca7a - Cookie Dough
2024-06-20 22:03:19,935 - INFO - Courier (Matched): 109 arrived for Order: 3ea0971e-2478-4545-b814-a857fb294a9d
2024-06-20 22:03:19,935 - INFO - Courier: 109 waiting for Order: 3ea0971e-2478-4545-b814-a857fb294a9d
2024-06-20 22:03:20,003 - INFO - Courier (Matched): 90 arrived for Order: 0d74c9f0-4fd5-4606-a1dc-019d9ab52af6
2024-06-20 22:03:20,003 - INFO - Courier: 90 waiting for Order: 0d74c9f0-4fd5-4606-a1dc-019d9ab52af6
2024-06-20 22:03:20,026 - INFO - Order received: 228ec414-19ca-41e4-8d6c-bd2b0662bfa3 - Coconut, Prep Time: 13s
2024-06-20 22:03:20,030 - INFO - Courier: 119 dispatched for Order: 228ec414-19ca-41e4-8d6c-bd2b0662bfa3
2024-06-20 22:03:20,387 - INFO - Order prepared: 0d74c9f0-4fd5-4606-a1dc-019d9ab52af6 - Milk
2024-06-20 22:03:20,468 - INFO - Order prepared: 5e9cb832-6a0a-49fa-8799-8d744b499fce - Push Pop
2024-06-20 22:03:20,528 - INFO - Order received: b1315bfb-4528-4ae2-b6ed-adb03a25b94a - Onion Rings, Prep Time: 6s
2024-06-20 22:03:20,536 - INFO - Courier: 120 dispatched for Order: b1315bfb-4528-4ae2-b6ed-adb03a25b94a
2024-06-20 22:03:20,611 - INFO - Courier (Matched): 98 arrived for Order: a0d76390-3e71-440e-a742-20c36a67fa9a
2024-06-20 22:03:20,611 - INFO - Order picked up: a0d76390-3e71-440e-a742-20c36a67fa9a by Courier: 98
2024-06-20 22:03:20,611 - INFO - Food wait time: 1187.201738357544 ms
2024-06-20 22:03:20,611 - INFO - Courier wait time: 0.5388259887695312 ms
2024-06-20 22:03:20,685 - INFO - Courier (Matched): 92 arrived for Order: c5ec5a4b-818e-4478-8956-019259be4168
2024-06-20 22:03:20,685 - INFO - Order picked up: c5ec5a4b-818e-4478-8956-019259be4168 by Courier: 92
2024-06-20 22:03:20,685 - INFO - Food wait time: 1282.4509143829346 ms
2024-06-20 22:03:20,685 - INFO - Courier wait time: 0.5099773406982422 ms
2024-06-20 22:03:20,744 - INFO - Courier (Matched): 91 arrived for Order: 1b9a920d-2880-44a3-abba-20903f2690d6
2024-06-20 22:03:20,745 - INFO - Order picked up: 1b9a920d-2880-44a3-abba-20903f2690d6 by Courier: 91
2024-06-20 22:03:20,745 - INFO - Food wait time: 11845.409870147705 ms
2024-06-20 22:03:20,745 - INFO - Courier wait time: 0.44989585876464844 ms
2024-06-20 22:03:20,749 - INFO - Courier (Matched): 107 arrived for Order: a7d778ff-9711-4d3c-b370-6052965f64c0
2024-06-20 22:03:20,749 - INFO - Courier: 107 waiting for Order: a7d778ff-9711-4d3c-b370-6052965f64c0
2024-06-20 22:03:20,976 - INFO - Order prepared: a7d778ff-9711-4d3c-b370-6052965f64c0 - Pasta
2024-06-20 22:03:21,029 - INFO - Order received: eafcb22b-0f68-4773-80ba-f163b191578f - Fish Tacos, Prep Time: 13s
2024-06-20 22:03:21,053 - INFO - Courier: 121 dispatched for Order: eafcb22b-0f68-4773-80ba-f163b191578f
2024-06-20 22:03:21,411 - INFO - Order prepared: 7f2381be-5ab9-4385-a7a2-4a940a22e134 - Chicken
2024-06-20 22:03:21,420 - INFO - Order prepared: 60db864b-8270-43ef-9d91-985707390765 - Hamburger
2024-06-20 22:03:21,421 - INFO - Courier (Matched): 94 arrived for Order: 7f2381be-5ab9-4385-a7a2-4a940a22e134
2024-06-20 22:03:21,421 - INFO - Order picked up: 7f2381be-5ab9-4385-a7a2-4a940a22e134 by Courier: 94
2024-06-20 22:03:21,422 - INFO - Food wait time: 10.804176330566406 ms
2024-06-20 22:03:21,422 - INFO - Courier wait time: 0.141143798828125 ms
2024-06-20 22:03:21,443 - INFO - Order prepared: f6e68da8-9909-431e-bf1b-88367677a03e - Frosty
2024-06-20 22:03:21,463 - INFO - Order prepared: 506a5c01-b06b-4af8-a1f2-913f9ae01078 - Burrito
2024-06-20 22:03:21,515 - INFO - Courier (Matched): 104 arrived for Order: 506a5c01-b06b-4af8-a1f2-913f9ae01078
2024-06-20 22:03:21,515 - INFO - Order picked up: 506a5c01-b06b-4af8-a1f2-913f9ae01078 by Courier: 104
2024-06-20 22:03:21,515 - INFO - Food wait time: 51.89394950866699 ms
2024-06-20 22:03:21,515 - INFO - Courier wait time: 0.42891502380371094 ms
2024-06-20 22:03:21,532 - INFO - Order received: b25914fa-c5b0-4aa6-a0f5-fcc76203bba5 - Pot Stickers, Prep Time: 11s
2024-06-20 22:03:21,559 - INFO - Courier: 122 dispatched for Order: b25914fa-c5b0-4aa6-a0f5-fcc76203bba5
2024-06-20 22:03:21,925 - INFO - Courier (Matched): 111 arrived for Order: 22fc8ae6-74f7-467f-8735-774d579a2ae0
2024-06-20 22:03:21,925 - INFO - Courier: 111 waiting for Order: 22fc8ae6-74f7-467f-8735-774d579a2ae0
2024-06-20 22:03:21,970 - INFO - Order prepared: 10ea72c1-b538-4eb8-b260-f58775481a0b - Icy
2024-06-20 22:03:22,003 - INFO - Order prepared: 3b62609c-38f2-499e-a9b1-c3604dad425d - Poppers
2024-06-20 22:03:22,037 - INFO - Order received: 03267ca9-47fd-4d16-bba7-a650cc7660b6 - Kombucha, Prep Time: 4s
2024-06-20 22:03:22,063 - INFO - Courier: 123 dispatched for Order: 03267ca9-47fd-4d16-bba7-a650cc7660b6
2024-06-20 22:03:22,506 - INFO - Order prepared: df79a7e4-d3f9-450c-b2e3-316fb462db29 - Popsicle
2024-06-20 22:03:22,543 - INFO - Order received: 9012736d-777b-4f5b-a12d-982e302fefa1 - Mixed Greens, Prep Time: 3s
2024-06-20 22:03:22,565 - INFO - Courier: 124 dispatched for Order: 9012736d-777b-4f5b-a12d-982e302fefa1
2024-06-20 22:03:23,044 - INFO - Order received: f21bf58b-e23b-491f-a285-d70cb21cc36f - Sushi, Prep Time: 3s
2024-06-20 22:03:23,065 - INFO - Courier: 125 dispatched for Order: f21bf58b-e23b-491f-a285-d70cb21cc36f
2024-06-20 22:03:23,135 - INFO - Courier (Matched): 105 arrived for Order: 10ea72c1-b538-4eb8-b260-f58775481a0b
2024-06-20 22:03:23,135 - INFO - Order picked up: 10ea72c1-b538-4eb8-b260-f58775481a0b by Courier: 105
2024-06-20 22:03:23,135 - INFO - Food wait time: 1165.7099723815918 ms
2024-06-20 22:03:23,136 - INFO - Courier wait time: 0.3561973571777344 ms
2024-06-20 22:03:23,549 - INFO - Order received: 057bc043-5f22-4169-9711-c6e2488b35f7 - Apples, Prep Time: 12s
2024-06-20 22:03:23,571 - INFO - Courier: 126 dispatched for Order: 057bc043-5f22-4169-9711-c6e2488b35f7
2024-06-20 22:03:23,993 - INFO - Order prepared: 22fc8ae6-74f7-467f-8735-774d579a2ae0 - Tomato Soup
2024-06-20 22:03:24,054 - INFO - Order received: 7f682ade-8375-4ef4-aa9b-45440f361268 - Kebab, Prep Time: 6s
2024-06-20 22:03:24,072 - INFO - Courier: 127 dispatched for Order: 7f682ade-8375-4ef4-aa9b-45440f361268
2024-06-20 22:03:24,260 - INFO - Courier (Matched): 116 arrived for Order: 69ad8b1c-3218-4c41-aa42-5aca43ca4173
2024-06-20 22:03:24,261 - INFO - Courier: 116 waiting for Order: 69ad8b1c-3218-4c41-aa42-5aca43ca4173
2024-06-20 22:03:24,356 - INFO - Courier (Matched): 114 arrived for Order: df79a7e4-d3f9-450c-b2e3-316fb462db29
2024-06-20 22:03:24,356 - INFO - Order picked up: df79a7e4-d3f9-450c-b2e3-316fb462db29 by Courier: 114
2024-06-20 22:03:24,357 - INFO - Food wait time: 1850.693941116333 ms
2024-06-20 22:03:24,357 - INFO - Courier wait time: 0.6406307220458984 ms
2024-06-20 22:03:24,478 - INFO - Order prepared: 40990373-5eac-4e15-9634-450886fe3374 - Chicken Nuggets
2024-06-20 22:03:24,518 - INFO - Courier (Matched): 108 arrived for Order: 40990373-5eac-4e15-9634-450886fe3374
2024-06-20 22:03:24,519 - INFO - Order picked up: 40990373-5eac-4e15-9634-450886fe3374 by Courier: 108
2024-06-20 22:03:24,519 - INFO - Food wait time: 41.28670692443848 ms
2024-06-20 22:03:24,519 - INFO - Courier wait time: 0.6368160247802734 ms
2024-06-20 22:03:24,560 - INFO - Order received: 0d841704-92a0-44e1-aaf8-02a8ee920775 - Mac & Cheese, Prep Time: 4s
2024-06-20 22:03:24,578 - INFO - Courier: 128 dispatched for Order: 0d841704-92a0-44e1-aaf8-02a8ee920775
2024-06-20 22:03:24,901 - INFO - Courier (Matched): 118 arrived for Order: 5bd1e697-10b2-48cf-83c4-033eea97bfb2
2024-06-20 22:03:24,902 - INFO - Courier: 118 waiting for Order: 5bd1e697-10b2-48cf-83c4-033eea97bfb2
2024-06-20 22:03:24,942 - INFO - Order prepared: 3447acdb-475a-400c-91e0-9724d2043e27 - Orange Sorbet
2024-06-20 22:03:25,065 - INFO - Order received: 7f89b973-d4fd-4d6e-a279-afc2db6b3304 - Corn Dog, Prep Time: 11s
2024-06-20 22:03:25,081 - INFO - Courier: 129 dispatched for Order: 7f89b973-d4fd-4d6e-a279-afc2db6b3304
2024-06-20 22:03:25,488 - INFO - Order prepared: 33bcf189-ba71-48ab-a2d5-75c18d180269 - Taco
2024-06-20 22:03:25,544 - INFO - Order prepared: 9012736d-777b-4f5b-a12d-982e302fefa1 - Mixed Greens
2024-06-20 22:03:25,570 - INFO - Order received: 2a23c77f-3ee3-4a52-8810-93e73df4e887 - Grilled Corn Salad, Prep Time: 7s
2024-06-20 22:03:25,586 - INFO - Courier: 130 dispatched for Order: 2a23c77f-3ee3-4a52-8810-93e73df4e887
2024-06-20 22:03:25,685 - INFO - Courier (Matched): 101 arrived for Order: 3447acdb-475a-400c-91e0-9724d2043e27
2024-06-20 22:03:25,685 - INFO - Order picked up: 3447acdb-475a-400c-91e0-9724d2043e27 by Courier: 101
2024-06-20 22:03:25,685 - INFO - Food wait time: 742.9778575897217 ms
2024-06-20 22:03:25,686 - INFO - Courier wait time: 0.67901611328125 ms
2024-06-20 22:03:25,839 - INFO - Courier (Matched): 123 arrived for Order: 03267ca9-47fd-4d16-bba7-a650cc7660b6
2024-06-20 22:03:25,839 - INFO - Courier: 123 waiting for Order: 03267ca9-47fd-4d16-bba7-a650cc7660b6
2024-06-20 22:03:25,983 - INFO - Order prepared: 3ea0971e-2478-4545-b814-a857fb294a9d - Ice Cream Sandwich
2024-06-20 22:03:26,042 - INFO - Order prepared: 03267ca9-47fd-4d16-bba7-a650cc7660b6 - Kombucha
2024-06-20 22:03:26,050 - INFO - Order prepared: f21bf58b-e23b-491f-a285-d70cb21cc36f - Sushi
2024-06-20 22:03:26,076 - INFO - Order received: 4f304b59-6634-4558-a128-a8ce12b1f818 - Pistachio Ice Cream, Prep Time: 3s
2024-06-20 22:03:26,091 - INFO - Courier: 131 dispatched for Order: 4f304b59-6634-4558-a128-a8ce12b1f818
2024-06-20 22:03:26,531 - INFO - Order prepared: b1315bfb-4528-4ae2-b6ed-adb03a25b94a - Onion Rings
2024-06-20 22:03:26,664 - INFO - Courier (Matched): 106 arrived for Order: 5e9cb832-6a0a-49fa-8799-8d744b499fce
2024-06-20 22:03:26,664 - INFO - Order picked up: 5e9cb832-6a0a-49fa-8799-8d744b499fce by Courier: 106
2024-06-20 22:03:26,664 - INFO - Food wait time: 6195.985794067383 ms
2024-06-20 22:03:26,665 - INFO - Courier wait time: 0.7328987121582031 ms
2024-06-20 22:03:27,295 - INFO - Courier (Matched): 110 arrived for Order: 33bcf189-ba71-48ab-a2d5-75c18d180269
2024-06-20 22:03:27,295 - INFO - Order picked up: 33bcf189-ba71-48ab-a2d5-75c18d180269 by Courier: 110
2024-06-20 22:03:27,295 - INFO - Food wait time: 1806.74409866333 ms
2024-06-20 22:03:27,295 - INFO - Courier wait time: 0.5438327789306641 ms
2024-06-20 22:03:27,314 - INFO - Courier (Matched): 125 arrived for Order: f21bf58b-e23b-491f-a285-d70cb21cc36f
2024-06-20 22:03:27,314 - INFO - Order picked up: f21bf58b-e23b-491f-a285-d70cb21cc36f by Courier: 125
2024-06-20 22:03:27,314 - INFO - Food wait time: 1264.556646347046 ms
2024-06-20 22:03:27,315 - INFO - Courier wait time: 0.6678104400634766 ms
2024-06-20 22:03:27,550 - INFO - Courier (Matched): 112 arrived for Order: 19de820c-4691-420c-ad67-95ec7f5abc2d
2024-06-20 22:03:27,550 - INFO - Order picked up: 19de820c-4691-420c-ad67-95ec7f5abc2d by Courier: 112
2024-06-20 22:03:27,550 - INFO - Food wait time: 8053.145885467529 ms
2024-06-20 22:03:27,550 - INFO - Courier wait time: 0.4820823669433594 ms
2024-06-20 22:03:27,867 - INFO - Courier (Matched): 128 arrived for Order: 0d841704-92a0-44e1-aaf8-02a8ee920775
2024-06-20 22:03:27,868 - INFO - Courier: 128 waiting for Order: 0d841704-92a0-44e1-aaf8-02a8ee920775
2024-06-20 22:03:28,015 - INFO - Order prepared: d5fbbee2-09a7-459e-9621-33a66cdbf3ab - Strawberries
2024-06-20 22:03:28,345 - INFO - Courier (Matched): 113 arrived for Order: 3b62609c-38f2-499e-a9b1-c3604dad425d
2024-06-20 22:03:28,345 - INFO - Order picked up: 3b62609c-38f2-499e-a9b1-c3604dad425d by Courier: 113
2024-06-20 22:03:28,346 - INFO - Food wait time: 6342.260837554932 ms
2024-06-20 22:03:28,346 - INFO - Courier wait time: 0.6811618804931641 ms
2024-06-20 22:03:28,563 - INFO - Order prepared: 0d841704-92a0-44e1-aaf8-02a8ee920775 - Mac & Cheese
2024-06-20 22:03:29,080 - INFO - Order prepared: 4f304b59-6634-4558-a128-a8ce12b1f818 - Pistachio Ice Cream
2024-06-20 22:03:29,430 - INFO - Courier (Matched): 122 arrived for Order: b25914fa-c5b0-4aa6-a0f5-fcc76203bba5
2024-06-20 22:03:29,430 - INFO - Courier: 122 waiting for Order: b25914fa-c5b0-4aa6-a0f5-fcc76203bba5
2024-06-20 22:03:29,986 - INFO - Courier (Matched): 121 arrived for Order: eafcb22b-0f68-4773-80ba-f163b191578f
2024-06-20 22:03:29,986 - INFO - Courier: 121 waiting for Order: eafcb22b-0f68-4773-80ba-f163b191578f
2024-06-20 22:03:30,060 - INFO - Order prepared: 7f682ade-8375-4ef4-aa9b-45440f361268 - Kebab
2024-06-20 22:03:30,284 - INFO - Courier (Matched): 131 arrived for Order: 4f304b59-6634-4558-a128-a8ce12b1f818
2024-06-20 22:03:30,284 - INFO - Order picked up: 4f304b59-6634-4558-a128-a8ce12b1f818 by Courier: 131
2024-06-20 22:03:30,285 - INFO - Food wait time: 1204.482078552246 ms
2024-06-20 22:03:30,285 - INFO - Courier wait time: 0.7460117340087891 ms
2024-06-20 22:03:30,500 - INFO - Courier (Matched): 124 arrived for Order: 9012736d-777b-4f5b-a12d-982e302fefa1
2024-06-20 22:03:30,501 - INFO - Order picked up: 9012736d-777b-4f5b-a12d-982e302fefa1 by Courier: 124
2024-06-20 22:03:30,501 - INFO - Food wait time: 4956.652641296387 ms
2024-06-20 22:03:30,501 - INFO - Courier wait time: 0.7128715515136719 ms
2024-06-20 22:03:30,536 - INFO - Courier (Matched): 127 arrived for Order: 7f682ade-8375-4ef4-aa9b-45440f361268
2024-06-20 22:03:30,537 - INFO - Order picked up: 7f682ade-8375-4ef4-aa9b-45440f361268 by Courier: 127
2024-06-20 22:03:30,537 - INFO - Food wait time: 476.639986038208 ms
2024-06-20 22:03:30,537 - INFO - Courier wait time: 0.2841949462890625 ms
2024-06-20 22:03:31,982 - INFO - Courier (Matched): 119 arrived for Order: 228ec414-19ca-41e4-8d6c-bd2b0662bfa3
2024-06-20 22:03:31,982 - INFO - Courier: 119 waiting for Order: 228ec414-19ca-41e4-8d6c-bd2b0662bfa3
2024-06-20 22:03:32,023 - INFO - Order prepared: 68037649-56cd-4f0f-90fd-6e6ccbf61b37 - Cheese Pizza
2024-06-20 22:03:32,031 - INFO - Courier (Matched): 117 arrived for Order: 68037649-56cd-4f0f-90fd-6e6ccbf61b37
2024-06-20 22:03:32,031 - INFO - Order picked up: 68037649-56cd-4f0f-90fd-6e6ccbf61b37 by Courier: 117
2024-06-20 22:03:32,031 - INFO - Food wait time: 7.981777191162109 ms
2024-06-20 22:03:32,031 - INFO - Courier wait time: 0.16999244689941406 ms
2024-06-20 22:03:32,467 - INFO - Courier (Matched): 130 arrived for Order: 2a23c77f-3ee3-4a52-8810-93e73df4e887
2024-06-20 22:03:32,467 - INFO - Courier: 130 waiting for Order: 2a23c77f-3ee3-4a52-8810-93e73df4e887
2024-06-20 22:03:32,512 - INFO - Order prepared: 69ad8b1c-3218-4c41-aa42-5aca43ca4173 - Brown Rice
2024-06-20 22:03:32,526 - INFO - Order prepared: 5bd1e697-10b2-48cf-83c4-033eea97bfb2 - Pressed Juice
2024-06-20 22:03:32,536 - INFO - Order prepared: b25914fa-c5b0-4aa6-a0f5-fcc76203bba5 - Pot Stickers
2024-06-20 22:03:32,575 - INFO - Order prepared: 2a23c77f-3ee3-4a52-8810-93e73df4e887 - Grilled Corn Salad
2024-06-20 22:03:32,827 - INFO - Courier (Matched): 115 arrived for Order: d5fbbee2-09a7-459e-9621-33a66cdbf3ab
2024-06-20 22:03:32,828 - INFO - Order picked up: d5fbbee2-09a7-459e-9621-33a66cdbf3ab by Courier: 115
2024-06-20 22:03:32,828 - INFO - Food wait time: 4812.8721714019775 ms
2024-06-20 22:03:32,828 - INFO - Courier wait time: 0.5791187286376953 ms
2024-06-20 22:03:33,031 - INFO - Order prepared: 228ec414-19ca-41e4-8d6c-bd2b0662bfa3 - Coconut
2024-06-20 22:03:33,198 - INFO - Courier (Matched): 129 arrived for Order: 7f89b973-d4fd-4d6e-a279-afc2db6b3304
2024-06-20 22:03:33,199 - INFO - Courier: 129 waiting for Order: 7f89b973-d4fd-4d6e-a279-afc2db6b3304
2024-06-20 22:03:34,019 - INFO - Courier (Matched): 126 arrived for Order: 057bc043-5f22-4169-9711-c6e2488b35f7
2024-06-20 22:03:34,019 - INFO - Courier: 126 waiting for Order: 057bc043-5f22-4169-9711-c6e2488b35f7
2024-06-20 22:03:34,035 - INFO - Order prepared: eafcb22b-0f68-4773-80ba-f163b191578f - Fish Tacos
2024-06-20 22:03:34,718 - INFO - Courier (Matched): 120 arrived for Order: b1315bfb-4528-4ae2-b6ed-adb03a25b94a
2024-06-20 22:03:34,718 - INFO - Order picked up: b1315bfb-4528-4ae2-b6ed-adb03a25b94a by Courier: 120
2024-06-20 22:03:34,719 - INFO - Food wait time: 8187.903165817261 ms
2024-06-20 22:03:34,719 - INFO - Courier wait time: 0.28514862060546875 ms
2024-06-20 22:03:35,554 - INFO - Order prepared: 057bc043-5f22-4169-9711-c6e2488b35f7 - Apples
2024-06-20 22:03:36,070 - INFO - Order prepared: 7f89b973-d4fd-4d6e-a279-afc2db6b3304 - Corn Dog
2024-06-20 22:03:36,070 - INFO - Order picked up: 58e9b5fe-3fde-4a27-8e98-682e58a4a65d by Courier: 1
2024-06-20 22:03:36,070 - INFO - Food wait time: 61635.303258895874 ms
2024-06-20 22:03:36,071 - INFO - Courier wait time: 66882.75814056396 ms
2024-06-20 22:03:36,071 - INFO - Order picked up: 2ec069e3-576f-48eb-869f-74a540ef840c by Courier: 2
2024-06-20 22:03:36,071 - INFO - Food wait time: 63130.210876464844 ms
2024-06-20 22:03:36,071 - INFO - Courier wait time: 67897.01008796692 ms
2024-06-20 22:03:36,071 - INFO - Order picked up: 972aa5b8-5d83-4d5e-8cf3-8a1a1437b18a by Courier: 4
2024-06-20 22:03:36,071 - INFO - Food wait time: 65121.6037273407 ms
2024-06-20 22:03:36,071 - INFO - Courier wait time: 69554.08787727356 ms
2024-06-20 22:03:36,071 - INFO - Order picked up: c18e1242-0856-4203-a98c-7066ead3bd6b by Courier: 5
2024-06-20 22:03:36,071 - INFO - Food wait time: 65620.04804611206 ms
2024-06-20 22:03:36,071 - INFO - Courier wait time: 69682.48915672302 ms
2024-06-20 22:03:36,071 - INFO - Order picked up: 66a2611c-9a93-4ccd-bb85-98f423247bf9 by Courier: 6
2024-06-20 22:03:36,071 - INFO - Food wait time: 62097.251892089844 ms
2024-06-20 22:03:36,071 - INFO - Courier wait time: 66722.30505943298 ms
2024-06-20 22:03:36,071 - INFO - Order picked up: 4cc9d503-4e0e-42a3-b200-87c785468df9 by Courier: 7
2024-06-20 22:03:36,071 - INFO - Food wait time: 59591.49074554443 ms
2024-06-20 22:03:36,071 - INFO - Courier wait time: 62210.134744644165 ms
2024-06-20 22:03:36,071 - INFO - Order picked up: 7a5ea4ed-e378-4354-8ab3-a09cf563f621 by Courier: 10
2024-06-20 22:03:36,071 - INFO - Food wait time: 58074.48077201843 ms
2024-06-20 22:03:36,071 - INFO - Courier wait time: 60590.25502204895 ms
2024-06-20 22:03:36,071 - INFO - Order picked up: 2e7f4153-92cb-43e2-96f4-d77e2f25422b by Courier: 12
2024-06-20 22:03:36,071 - INFO - Food wait time: 58065.67478179932 ms
2024-06-20 22:03:36,071 - INFO - Courier wait time: 61625.13303756714 ms
2024-06-20 22:03:36,072 - INFO - Order picked up: 2bfc7ca9-d8ea-4625-9a03-6aa4b5fb635e by Courier: 15
2024-06-20 22:03:36,072 - INFO - Food wait time: 56558.518171310425 ms
2024-06-20 22:03:36,072 - INFO - Courier wait time: 58456.69412612915 ms
2024-06-20 22:03:36,072 - INFO - Order picked up: 1a4d0e6d-e50e-4ec0-ad5d-0f33e6a724e6 by Courier: 16
2024-06-20 22:03:36,072 - INFO - Food wait time: 63052.24299430847 ms
2024-06-20 22:03:36,072 - INFO - Courier wait time: 63704.424142837524 ms
2024-06-20 22:03:36,072 - INFO - Order picked up: a9f8f42f-7a58-4629-8b66-1acbf362f3b8 by Courier: 17
2024-06-20 22:03:36,072 - INFO - Food wait time: 52546.98181152344 ms
2024-06-20 22:03:36,072 - INFO - Courier wait time: 58857.85388946533 ms
2024-06-20 22:03:36,072 - INFO - Order picked up: 6d2c9eb3-6ff8-408a-a60d-e60eaa467dae by Courier: 18
2024-06-20 22:03:36,072 - INFO - Food wait time: 53045.41492462158 ms
2024-06-20 22:03:36,072 - INFO - Courier wait time: 63279.376745224 ms
2024-06-20 22:03:36,072 - INFO - Order picked up: cf0932a9-533c-4603-bb1e-512c6e697b92 by Courier: 22
2024-06-20 22:03:36,072 - INFO - Food wait time: 50031.1598777771 ms
2024-06-20 22:03:36,072 - INFO - Courier wait time: 61908.61892700195 ms
2024-06-20 22:03:36,072 - INFO - Order picked up: 3aaccfce-3dbe-4967-a2fb-b6c06b4de61d by Courier: 34
2024-06-20 22:03:36,072 - INFO - Food wait time: 52970.20721435547 ms
2024-06-20 22:03:36,072 - INFO - Courier wait time: 55410.78019142151 ms
2024-06-20 22:03:36,072 - INFO - Order picked up: 51c5017b-f812-40ac-8d68-87aab3fbab6a by Courier: 36
2024-06-20 22:03:36,073 - INFO - Food wait time: 44958.02187919617 ms
2024-06-20 22:03:36,073 - INFO - Courier wait time: 45092.86403656006 ms
2024-06-20 22:03:36,073 - INFO - Order picked up: 9748651e-c3f8-4c4a-9de9-5360467c86a2 by Courier: 37
2024-06-20 22:03:36,073 - INFO - Food wait time: 47452.49795913696 ms
2024-06-20 22:03:36,073 - INFO - Courier wait time: 51514.90497589111 ms
2024-06-20 22:03:36,073 - INFO - Order picked up: 345cfefe-692e-4866-986e-99a18bedbf24 by Courier: 38
2024-06-20 22:03:36,073 - INFO - Food wait time: 45947.82090187073 ms
2024-06-20 22:03:36,073 - INFO - Courier wait time: 48030.78603744507 ms
2024-06-20 22:03:36,073 - INFO - Order picked up: 87441694-ff97-4d1b-89e3-c4b0b1fd041e by Courier: 39
2024-06-20 22:03:36,073 - INFO - Food wait time: 51446.187019348145 ms
2024-06-20 22:03:36,073 - INFO - Courier wait time: 52104.16579246521 ms
2024-06-20 22:03:36,074 - INFO - Order picked up: 3713d8af-e6a0-4c11-966c-f26786dc602c by Courier: 40
2024-06-20 22:03:36,074 - INFO - Food wait time: 40935.848236083984 ms
2024-06-20 22:03:36,074 - INFO - Courier wait time: 51699.676275253296 ms
2024-06-20 22:03:36,074 - INFO - Order picked up: 20343dea-8856-4717-9be9-be1b37d4791f by Courier: 41
2024-06-20 22:03:36,074 - INFO - Food wait time: 41432.74188041687 ms
2024-06-20 22:03:36,074 - INFO - Courier wait time: 41435.13083457947 ms
2024-06-20 22:03:36,074 - INFO - Order picked up: e09f9282-8e05-48a7-8e6e-e23937383735 by Courier: 44
2024-06-20 22:03:36,074 - INFO - Food wait time: 41924.641609191895 ms
2024-06-20 22:03:36,074 - INFO - Courier wait time: 48189.40186500549 ms
2024-06-20 22:03:36,074 - INFO - Order picked up: 9df6bbc7-55ee-4f67-8dd1-a9f5ccc56355 by Courier: 45
2024-06-20 22:03:36,074 - INFO - Food wait time: 41421.58102989197 ms
2024-06-20 22:03:36,074 - INFO - Courier wait time: 49559.91721153259 ms
2024-06-20 22:03:36,074 - INFO - Order picked up: a2b13869-6b7e-4e35-8e11-fa9889d24073 by Courier: 46
2024-06-20 22:03:36,074 - INFO - Food wait time: 37911.03911399841 ms
2024-06-20 22:03:36,074 - INFO - Courier wait time: 40518.38707923889 ms
2024-06-20 22:03:36,074 - INFO - Order picked up: 0522c2ec-0242-45e7-8542-f3e98c1384b9 by Courier: 47
2024-06-20 22:03:36,074 - INFO - Food wait time: 44406.11410140991 ms
2024-06-20 22:03:36,074 - INFO - Courier wait time: 46753.22604179382 ms
2024-06-20 22:03:36,074 - INFO - Order picked up: aba0fc48-ec05-422f-aad4-8b8ec4de636d by Courier: 48
2024-06-20 22:03:36,074 - INFO - Food wait time: 38904.03890609741 ms
2024-06-20 22:03:36,074 - INFO - Courier wait time: 39417.63782501221 ms
2024-06-20 22:03:36,074 - INFO - Order picked up: 68515b89-96bf-48b6-a07c-68cf17ca3c25 by Courier: 49
2024-06-20 22:03:36,074 - INFO - Food wait time: 40399.2760181427 ms
2024-06-20 22:03:36,074 - INFO - Courier wait time: 45007.16805458069 ms
2024-06-20 22:03:36,075 - INFO - Order picked up: 4d308771-a0d6-46e7-8ff1-679ddc1d1aa4 by Courier: 51
2024-06-20 22:03:36,075 - INFO - Food wait time: 40387.49599456787 ms
2024-06-20 22:03:36,075 - INFO - Courier wait time: 46407.12094306946 ms
2024-06-20 22:03:36,075 - INFO - Order picked up: 78b92574-49cd-4995-b5d0-635b3ced5a18 by Courier: 52
2024-06-20 22:03:36,075 - INFO - Food wait time: 35882.39002227783 ms
2024-06-20 22:03:36,075 - INFO - Courier wait time: 41319.92292404175 ms
2024-06-20 22:03:36,075 - INFO - Order picked up: 1fab9088-d99d-47ee-acf5-d0f0851738e4 by Courier: 53
2024-06-20 22:03:36,075 - INFO - Food wait time: 35379.91714477539 ms
2024-06-20 22:03:36,075 - INFO - Courier wait time: 44556.026220321655 ms
2024-06-20 22:03:36,075 - INFO - Order picked up: 5f06be90-beac-4a51-a871-f8e324d38c3c by Courier: 55
2024-06-20 22:03:36,075 - INFO - Food wait time: 38372.24888801575 ms
2024-06-20 22:03:36,075 - INFO - Courier wait time: 42199.99980926514 ms
2024-06-20 22:03:36,075 - INFO - Order picked up: 41330835-9221-483a-924f-08c7f664d656 by Courier: 58
2024-06-20 22:03:36,075 - INFO - Food wait time: 33856.04977607727 ms
2024-06-20 22:03:36,075 - INFO - Courier wait time: 36839.89596366882 ms
2024-06-20 22:03:36,075 - INFO - Order picked up: 51754609-3f89-487b-9888-bac0a65f86e2 by Courier: 59
2024-06-20 22:03:36,075 - INFO - Food wait time: 38347.44191169739 ms
2024-06-20 22:03:36,075 - INFO - Courier wait time: 38382.33804702759 ms
2024-06-20 22:03:36,075 - INFO - Order picked up: 3f0008f5-9429-4a16-ae44-f8f4256797ca by Courier: 60
2024-06-20 22:03:36,075 - INFO - Food wait time: 40845.22271156311 ms
2024-06-20 22:03:36,075 - INFO - Courier wait time: 41575.25181770325 ms
2024-06-20 22:03:36,075 - INFO - Order picked up: c052077c-687d-4f24-b2e1-75edeee1186a by Courier: 61
2024-06-20 22:03:36,075 - INFO - Food wait time: 35347.00703620911 ms
2024-06-20 22:03:36,075 - INFO - Courier wait time: 37906.13508224487 ms
2024-06-20 22:03:36,075 - INFO - Order picked up: b5d9491a-54b7-4916-a379-fed69d5d180d by Courier: 63
2024-06-20 22:03:36,076 - INFO - Food wait time: 33332.49616622925 ms
2024-06-20 22:03:36,076 - INFO - Courier wait time: 36576.28893852234 ms
2024-06-20 22:03:36,076 - INFO - Order picked up: 7bdf9af2-d90e-44e2-9c6c-1ff7b5121133 by Courier: 64
2024-06-20 22:03:36,076 - INFO - Food wait time: 36829.58364486694 ms
2024-06-20 22:03:36,076 - INFO - Courier wait time: 39392.79794692993 ms
2024-06-20 22:03:36,076 - INFO - Order picked up: 160ccc3a-af83-43e0-af0b-6a889aea7339 by Courier: 66
2024-06-20 22:03:36,076 - INFO - Food wait time: 33815.61899185181 ms
2024-06-20 22:03:36,076 - INFO - Courier wait time: 36501.429080963135 ms
2024-06-20 22:03:36,076 - INFO - Order picked up: e6b72c73-fa53-4f2c-a004-0b60ba7b3be9 by Courier: 68
2024-06-20 22:03:36,076 - INFO - Food wait time: 32805.31406402588 ms
2024-06-20 22:03:36,076 - INFO - Courier wait time: 36210.514068603516 ms
2024-06-20 22:03:36,076 - INFO - Order picked up: 8ea031b3-6545-4140-9dee-745268d7b877 by Courier: 70
2024-06-20 22:03:36,076 - INFO - Food wait time: 31801.013946533203 ms
2024-06-20 22:03:36,076 - INFO - Courier wait time: 33680.054903030396 ms
2024-06-20 22:03:36,076 - INFO - Order picked up: 2c772706-189c-4ec4-80ad-06ea17f21f11 by Courier: 73
2024-06-20 22:03:36,076 - INFO - Food wait time: 27282.010793685913 ms
2024-06-20 22:03:36,076 - INFO - Courier wait time: 34412.93787956238 ms
2024-06-20 22:03:36,076 - INFO - Order picked up: a0023411-c19d-4723-b6d1-6b8c8ff1b417 by Courier: 74
2024-06-20 22:03:36,076 - INFO - Food wait time: 23776.665210723877 ms
2024-06-20 22:03:36,076 - INFO - Courier wait time: 28246.617078781128 ms
2024-06-20 22:03:36,076 - INFO - Order picked up: 848dfc63-eab6-48b7-a2db-04d13190ce8c by Courier: 77
2024-06-20 22:03:36,076 - INFO - Food wait time: 32258.922815322876 ms
2024-06-20 22:03:36,076 - INFO - Courier wait time: 33245.177030563354 ms
2024-06-20 22:03:36,076 - INFO - Order picked up: df726ab4-a999-46b5-8e31-4a1bd523fcb9 by Courier: 79
2024-06-20 22:03:36,076 - INFO - Food wait time: 21249.29690361023 ms
2024-06-20 22:03:36,077 - INFO - Courier wait time: 25402.76789665222 ms
2024-06-20 22:03:36,077 - INFO - Order picked up: 5bb755b9-e6a8-4932-9139-bc04fafbc240 by Courier: 80
2024-06-20 22:03:36,077 - INFO - Food wait time: 22739.371061325073 ms
2024-06-20 22:03:36,077 - INFO - Courier wait time: 26837.30983734131 ms
2024-06-20 22:03:36,077 - INFO - Order picked up: 4ed428d6-f247-451a-aebf-c5157b2eb502 by Courier: 82
2024-06-20 22:03:36,077 - INFO - Food wait time: 20725.78191757202 ms
2024-06-20 22:03:36,077 - INFO - Courier wait time: 24719.61498260498 ms
2024-06-20 22:03:36,077 - INFO - Order picked up: df4e3e19-55d2-4131-8ab0-3563b44f8291 by Courier: 84
2024-06-20 22:03:36,077 - INFO - Food wait time: 24717.5509929657 ms
2024-06-20 22:03:36,077 - INFO - Courier wait time: 29078.66406440735 ms
2024-06-20 22:03:36,077 - INFO - Order picked up: 44e6ea89-f11c-414d-aa72-7c10641eff8d by Courier: 85
2024-06-20 22:03:36,077 - INFO - Food wait time: 18211.46321296692 ms
2024-06-20 22:03:36,077 - INFO - Courier wait time: 23178.001165390015 ms
2024-06-20 22:03:36,077 - INFO - Order picked up: 48465fc7-d534-4b9b-b919-63e5beebd301 by Courier: 86
2024-06-20 22:03:36,077 - INFO - Food wait time: 22708.84418487549 ms
2024-06-20 22:03:36,077 - INFO - Courier wait time: 25033.085107803345 ms
2024-06-20 22:03:36,077 - INFO - Order picked up: 68e83bf6-bdee-4192-8905-40140b421bc6 by Courier: 89
2024-06-20 22:03:36,077 - INFO - Food wait time: 21195.33395767212 ms
2024-06-20 22:03:36,077 - INFO - Courier wait time: 22850.12197494507 ms
2024-06-20 22:03:36,077 - INFO - Order picked up: 0d74c9f0-4fd5-4606-a1dc-019d9ab52af6 by Courier: 90
2024-06-20 22:03:36,077 - INFO - Food wait time: 15690.80400466919 ms
2024-06-20 22:03:36,078 - INFO - Courier wait time: 16074.774026870728 ms
2024-06-20 22:03:36,078 - INFO - Order picked up: 4c25f887-03cc-4dcd-9945-6a8102c5ef22 by Courier: 93
2024-06-20 22:03:36,078 - INFO - Food wait time: 16170.641899108887 ms
2024-06-20 22:03:36,078 - INFO - Courier wait time: 18629.250049591064 ms
2024-06-20 22:03:36,078 - INFO - Order picked up: 75bef98f-89ba-4359-b738-b3184688ca7a by Courier: 95
2024-06-20 22:03:36,078 - INFO - Food wait time: 16166.092157363892 ms
2024-06-20 22:03:36,078 - INFO - Courier wait time: 18473.049879074097 ms
2024-06-20 22:03:36,078 - INFO - Order picked up: 60db864b-8270-43ef-9d91-985707390765 by Courier: 96
2024-06-20 22:03:36,078 - INFO - Food wait time: 14658.253908157349 ms
2024-06-20 22:03:36,078 - INFO - Courier wait time: 23089.24698829651 ms
2024-06-20 22:03:36,078 - INFO - Order picked up: 22f532ca-dfc8-448a-9e04-7dcfa01a175e by Courier: 97
2024-06-20 22:03:36,078 - INFO - Food wait time: 18152.84490585327 ms
2024-06-20 22:03:36,078 - INFO - Courier wait time: 18580.763816833496 ms
2024-06-20 22:03:36,078 - INFO - Order picked up: 020ad68f-da34-4eca-ae7e-3b67e80a299c by Courier: 99
2024-06-20 22:03:36,078 - INFO - Food wait time: 18145.911931991577 ms
2024-06-20 22:03:36,078 - INFO - Courier wait time: 22834.218978881836 ms
2024-06-20 22:03:36,078 - INFO - Order picked up: f6e68da8-9909-431e-bf1b-88367677a03e by Courier: 102
2024-06-20 22:03:36,078 - INFO - Food wait time: 14635.037183761597 ms
2024-06-20 22:03:36,078 - INFO - Courier wait time: 17720.022201538086 ms
2024-06-20 22:03:36,078 - INFO - Order picked up: bcd22756-b3ac-473b-93fa-a19cf941bc40 by Courier: 103
2024-06-20 22:03:36,078 - INFO - Food wait time: 19128.095149993896 ms
2024-06-20 22:03:36,078 - INFO - Courier wait time: 20077.30007171631 ms
2024-06-20 22:03:36,078 - INFO - Order picked up: a7d778ff-9711-4d3c-b370-6052965f64c0 by Courier: 107
2024-06-20 22:03:36,078 - INFO - Food wait time: 15102.154970169067 ms
2024-06-20 22:03:36,079 - INFO - Courier wait time: 15329.341888427734 ms
2024-06-20 22:03:36,079 - INFO - Order picked up: 3ea0971e-2478-4545-b814-a857fb294a9d by Courier: 109
2024-06-20 22:03:36,079 - INFO - Food wait time: 10095.476150512695 ms
2024-06-20 22:03:36,079 - INFO - Courier wait time: 16143.403053283691 ms
2024-06-20 22:03:36,079 - INFO - Order picked up: 22fc8ae6-74f7-467f-8735-774d579a2ae0 by Courier: 111
2024-06-20 22:03:36,079 - INFO - Food wait time: 12085.537195205688 ms
2024-06-20 22:03:36,079 - INFO - Courier wait time: 14153.657913208008 ms
2024-06-20 22:03:36,079 - INFO - Order picked up: 69ad8b1c-3218-4c41-aa42-5aca43ca4173 by Courier: 116
2024-06-20 22:03:36,079 - INFO - Food wait time: 3566.7519569396973 ms
2024-06-20 22:03:36,079 - INFO - Courier wait time: 11818.74418258667 ms
2024-06-20 22:03:36,079 - INFO - Order picked up: 5bd1e697-10b2-48cf-83c4-033eea97bfb2 by Courier: 118
2024-06-20 22:03:36,079 - INFO - Food wait time: 3553.4846782684326 ms
2024-06-20 22:03:36,079 - INFO - Courier wait time: 11178.006649017334 ms
2024-06-20 22:03:36,079 - INFO - Order picked up: 228ec414-19ca-41e4-8d6c-bd2b0662bfa3 by Courier: 119
2024-06-20 22:03:36,079 - INFO - Food wait time: 3048.2380390167236 ms
2024-06-20 22:03:36,079 - INFO - Courier wait time: 4097.858190536499 ms
2024-06-20 22:03:36,079 - INFO - Order picked up: eafcb22b-0f68-4773-80ba-f163b191578f by Courier: 121
2024-06-20 22:03:36,079 - INFO - Food wait time: 2044.6751117706299 ms
2024-06-20 22:03:36,079 - INFO - Courier wait time: 6093.838214874268 ms
2024-06-20 22:03:36,080 - INFO - Order picked up: b25914fa-c5b0-4aa6-a0f5-fcc76203bba5 by Courier: 122
2024-06-20 22:03:36,080 - INFO - Food wait time: 3543.799877166748 ms
2024-06-20 22:03:36,080 - INFO - Courier wait time: 6649.810075759888 ms
2024-06-20 22:03:36,080 - INFO - Order picked up: 03267ca9-47fd-4d16-bba7-a650cc7660b6 by Courier: 123
2024-06-20 22:03:36,080 - INFO - Food wait time: 10037.199020385742 ms
2024-06-20 22:03:36,080 - INFO - Courier wait time: 10240.82088470459 ms
2024-06-20 22:03:36,080 - INFO - Order picked up: 057bc043-5f22-4169-9711-c6e2488b35f7 by Courier: 126
2024-06-20 22:03:36,080 - INFO - Food wait time: 525.8049964904785 ms
2024-06-20 22:03:36,080 - INFO - Courier wait time: 2060.908079147339 ms
2024-06-20 22:03:36,080 - INFO - Order picked up: 0d841704-92a0-44e1-aaf8-02a8ee920775 by Courier: 128
2024-06-20 22:03:36,080 - INFO - Food wait time: 7517.05002784729 ms
2024-06-20 22:03:36,080 - INFO - Courier wait time: 8212.462902069092 ms
2024-06-20 22:03:36,080 - INFO - Order picked up: 7f89b973-d4fd-4d6e-a279-afc2db6b3304 by Courier: 129
2024-06-20 22:03:36,080 - INFO - Food wait time: 10.14089584350586 ms
2024-06-20 22:03:36,080 - INFO - Courier wait time: 2881.6258907318115 ms
2024-06-20 22:03:36,080 - INFO - Order picked up: 2a23c77f-3ee3-4a52-8810-93e73df4e887 by Courier: 130
2024-06-20 22:03:36,080 - INFO - Food wait time: 3505.5198669433594 ms
2024-06-20 22:03:36,080 - INFO - Courier wait time: 3613.5239601135254 ms
2024-06-20 22:03:36,081 - INFO - --- Final Statistics ---
2024-06-20 22:03:36,082 - INFO - Average Food Wait Time: 18822.88161913554 ms
2024-06-20 22:03:36,082 - INFO - Average Courier Wait Time: 18929.085005413403 ms
